{"/Users/diehernandez/Workspace/gps-front/server/src/alerts/alertsRouter.js": {"path":"/Users/diehernandez/Workspace/gps-front/server/src/alerts/alertsRouter.js","statementMap":{"0":{"start":{"line":1,"column":16},"end":{"line":1,"column":34}},"1":{"start":{"line":2,"column":15},"end":{"line":2,"column":31}},"2":{"start":{"line":3,"column":11},"end":{"line":3,"column":41}},"3":{"start":{"line":4,"column":18},"end":{"line":4,"column":49}},"4":{"start":{"line":6,"column":0},"end":{"line":18,"column":3}},"5":{"start":{"line":8,"column":23},"end":{"line":8,"column":36}},"6":{"start":{"line":9,"column":15},"end":{"line":9,"column":23}},"7":{"start":{"line":10,"column":2},"end":{"line":10,"column":10}},"8":{"start":{"line":11,"column":26},"end":{"line":11,"column":102}},"9":{"start":{"line":12,"column":2},"end":{"line":17,"column":3}},"10":{"start":{"line":13,"column":4},"end":{"line":13,"column":116}},"11":{"start":{"line":14,"column":4},"end":{"line":14,"column":38}},"12":{"start":{"line":16,"column":4},"end":{"line":16,"column":52}},"13":{"start":{"line":20,"column":0},"end":{"line":32,"column":3}},"14":{"start":{"line":22,"column":26},"end":{"line":22,"column":39}},"15":{"start":{"line":23,"column":15},"end":{"line":23,"column":23}},"16":{"start":{"line":25,"column":26},"end":{"line":25,"column":108}},"17":{"start":{"line":26,"column":2},"end":{"line":31,"column":3}},"18":{"start":{"line":27,"column":4},"end":{"line":27,"column":122}},"19":{"start":{"line":28,"column":4},"end":{"line":28,"column":38}},"20":{"start":{"line":30,"column":4},"end":{"line":30,"column":52}},"21":{"start":{"line":34,"column":0},"end":{"line":34,"column":23}}},"fnMap":{"0":{"name":"(anonymous_0)","decl":{"start":{"line":6,"column":25},"end":{"line":6,"column":26}},"loc":{"start":{"line":6,"column":51},"end":{"line":18,"column":1}},"line":6},"1":{"name":"(anonymous_1)","decl":{"start":{"line":20,"column":28},"end":{"line":20,"column":29}},"loc":{"start":{"line":20,"column":54},"end":{"line":32,"column":1}},"line":20}},"branchMap":{"0":{"loc":{"start":{"line":12,"column":2},"end":{"line":17,"column":3}},"type":"if","locations":[{"start":{"line":12,"column":2},"end":{"line":17,"column":3}},{"start":{"line":12,"column":2},"end":{"line":17,"column":3}}],"line":12},"1":{"loc":{"start":{"line":26,"column":2},"end":{"line":31,"column":3}},"type":"if","locations":[{"start":{"line":26,"column":2},"end":{"line":31,"column":3}},{"start":{"line":26,"column":2},"end":{"line":31,"column":3}}],"line":26}},"s":{"0":8,"1":8,"2":8,"3":8,"4":8,"5":2,"6":2,"7":2,"8":2,"9":2,"10":1,"11":1,"12":1,"13":8,"14":2,"15":2,"16":2,"17":2,"18":1,"19":1,"20":1,"21":8},"f":{"0":2,"1":2},"b":{"0":[1,1],"1":[1,1]},"_coverageSchema":"1a1c01bbd47fc00a2c39e90264f33305004495a9","hash":"2ef905672f524a23bbc764dc6802593ec6c58a67"}
,"/Users/diehernandez/Workspace/gps-front/server/src/auth/authRouter.js": {"path":"/Users/diehernandez/Workspace/gps-front/server/src/auth/authRouter.js","statementMap":{"0":{"start":{"line":1,"column":16},"end":{"line":1,"column":34}},"1":{"start":{"line":2,"column":15},"end":{"line":2,"column":31}},"2":{"start":{"line":3,"column":11},"end":{"line":3,"column":41}},"3":{"start":{"line":4,"column":19},"end":{"line":4,"column":51}},"4":{"start":{"line":6,"column":0},"end":{"line":17,"column":3}},"5":{"start":{"line":8,"column":15},"end":{"line":8,"column":23}},"6":{"start":{"line":10,"column":26},"end":{"line":10,"column":88}},"7":{"start":{"line":11,"column":2},"end":{"line":16,"column":3}},"8":{"start":{"line":12,"column":4},"end":{"line":12,"column":78}},"9":{"start":{"line":13,"column":4},"end":{"line":13,"column":38}},"10":{"start":{"line":15,"column":4},"end":{"line":15,"column":52}},"11":{"start":{"line":19,"column":0},"end":{"line":28,"column":2}},"12":{"start":{"line":21,"column":26},"end":{"line":21,"column":92}},"13":{"start":{"line":22,"column":2},"end":{"line":27,"column":3}},"14":{"start":{"line":23,"column":4},"end":{"line":23,"column":87}},"15":{"start":{"line":24,"column":4},"end":{"line":24,"column":38}},"16":{"start":{"line":26,"column":4},"end":{"line":26,"column":52}},"17":{"start":{"line":30,"column":0},"end":{"line":30,"column":24}}},"fnMap":{"0":{"name":"(anonymous_0)","decl":{"start":{"line":6,"column":22},"end":{"line":6,"column":23}},"loc":{"start":{"line":6,"column":48},"end":{"line":17,"column":1}},"line":6},"1":{"name":"(anonymous_1)","decl":{"start":{"line":19,"column":24},"end":{"line":19,"column":25}},"loc":{"start":{"line":19,"column":49},"end":{"line":28,"column":1}},"line":19}},"branchMap":{"0":{"loc":{"start":{"line":11,"column":2},"end":{"line":16,"column":3}},"type":"if","locations":[{"start":{"line":11,"column":2},"end":{"line":16,"column":3}},{"start":{"line":11,"column":2},"end":{"line":16,"column":3}}],"line":11},"1":{"loc":{"start":{"line":22,"column":2},"end":{"line":27,"column":3}},"type":"if","locations":[{"start":{"line":22,"column":2},"end":{"line":27,"column":3}},{"start":{"line":22,"column":2},"end":{"line":27,"column":3}}],"line":22}},"s":{"0":8,"1":8,"2":8,"3":8,"4":8,"5":2,"6":2,"7":2,"8":1,"9":1,"10":1,"11":8,"12":2,"13":2,"14":1,"15":1,"16":1,"17":8},"f":{"0":2,"1":2},"b":{"0":[1,1],"1":[1,1]},"_coverageSchema":"1a1c01bbd47fc00a2c39e90264f33305004495a9","hash":"53f0c83812d6a97b81451b0b3a87ebe62062f2d2"}
,"/Users/diehernandez/Workspace/gps-front/server/src/clients/apiClient.js": {"path":"/Users/diehernandez/Workspace/gps-front/server/src/clients/apiClient.js","statementMap":{"0":{"start":{"line":1,"column":19},"end":{"line":1,"column":42}},"1":{"start":{"line":2,"column":19},"end":{"line":2,"column":64}},"2":{"start":{"line":4,"column":0},"end":{"line":4,"column":28}}},"fnMap":{},"branchMap":{},"s":{"0":4,"1":4,"2":4},"f":{},"b":{},"_coverageSchema":"1a1c01bbd47fc00a2c39e90264f33305004495a9","hash":"803052789c31ef6955b65bc907e39b4cfa357a87"}
,"/Users/diehernandez/Workspace/gps-front/server/src/clients/authClient.js": {"path":"/Users/diehernandez/Workspace/gps-front/server/src/clients/authClient.js","statementMap":{"0":{"start":{"line":1,"column":19},"end":{"line":1,"column":42}},"1":{"start":{"line":2,"column":19},"end":{"line":2,"column":64}},"2":{"start":{"line":4,"column":0},"end":{"line":4,"column":28}}},"fnMap":{},"branchMap":{},"s":{"0":4,"1":4,"2":4},"f":{},"b":{},"_coverageSchema":"1a1c01bbd47fc00a2c39e90264f33305004495a9","hash":"ab81decc699b0415d35fe1b0586ac81c374d1f00"}
,"/Users/diehernandez/Workspace/gps-front/server/src/clients/baseClient.js": {"path":"/Users/diehernandez/Workspace/gps-front/server/src/clients/baseClient.js","statementMap":{"0":{"start":{"line":1,"column":14},"end":{"line":1,"column":30}},"1":{"start":{"line":5,"column":4},"end":{"line":8,"column":7}},"2":{"start":{"line":12,"column":4},"end":{"line":12,"column":64}},"3":{"start":{"line":16,"column":4},"end":{"line":16,"column":71}},"4":{"start":{"line":20,"column":4},"end":{"line":20,"column":70}},"5":{"start":{"line":24,"column":4},"end":{"line":24,"column":67}},"6":{"start":{"line":29,"column":2},"end":{"line":44,"column":3}},"7":{"start":{"line":30,"column":4},"end":{"line":30,"column":63}},"8":{"start":{"line":30,"column":51},"end":{"line":30,"column":63}},"9":{"start":{"line":31,"column":4},"end":{"line":31,"column":49}},"10":{"start":{"line":32,"column":4},"end":{"line":37,"column":7}},"11":{"start":{"line":39,"column":16},"end":{"line":39,"column":42}},"12":{"start":{"line":40,"column":4},"end":{"line":43,"column":5}},"13":{"start":{"line":48,"column":2},"end":{"line":71,"column":3}},"14":{"start":{"line":49,"column":20},"end":{"line":52,"column":5}},"15":{"start":{"line":53,"column":21},"end":{"line":56,"column":5}},"16":{"start":{"line":57,"column":4},"end":{"line":57,"column":145}},"17":{"start":{"line":58,"column":4},"end":{"line":58,"column":89}},"18":{"start":{"line":60,"column":7},"end":{"line":71,"column":3}},"19":{"start":{"line":61,"column":20},"end":{"line":64,"column":5}},"20":{"start":{"line":65,"column":4},"end":{"line":65,"column":120}},"21":{"start":{"line":66,"column":4},"end":{"line":66,"column":59}},"22":{"start":{"line":69,"column":4},"end":{"line":69,"column":75}},"23":{"start":{"line":70,"column":4},"end":{"line":70,"column":59}},"24":{"start":{"line":76,"column":4},"end":{"line":76,"column":25}},"25":{"start":{"line":77,"column":4},"end":{"line":77,"column":31}},"26":{"start":{"line":78,"column":4},"end":{"line":78,"column":27}},"27":{"start":{"line":82,"column":0},"end":{"line":82,"column":27}}},"fnMap":{"0":{"name":"(anonymous_0)","decl":{"start":{"line":4,"column":2},"end":{"line":4,"column":3}},"loc":{"start":{"line":4,"column":23},"end":{"line":9,"column":3}},"line":4},"1":{"name":"(anonymous_1)","decl":{"start":{"line":11,"column":2},"end":{"line":11,"column":3}},"loc":{"start":{"line":11,"column":26},"end":{"line":13,"column":3}},"line":11},"2":{"name":"(anonymous_2)","decl":{"start":{"line":15,"column":2},"end":{"line":15,"column":3}},"loc":{"start":{"line":15,"column":33},"end":{"line":17,"column":3}},"line":15},"3":{"name":"(anonymous_3)","decl":{"start":{"line":19,"column":2},"end":{"line":19,"column":3}},"loc":{"start":{"line":19,"column":32},"end":{"line":21,"column":3}},"line":19},"4":{"name":"(anonymous_4)","decl":{"start":{"line":23,"column":2},"end":{"line":23,"column":3}},"loc":{"start":{"line":23,"column":29},"end":{"line":25,"column":3}},"line":23},"5":{"name":"_execute","decl":{"start":{"line":28,"column":15},"end":{"line":28,"column":23}},"loc":{"start":{"line":28,"column":64},"end":{"line":45,"column":1}},"line":28},"6":{"name":"_parseErrorResponse","decl":{"start":{"line":47,"column":9},"end":{"line":47,"column":28}},"loc":{"start":{"line":47,"column":36},"end":{"line":72,"column":1}},"line":47},"7":{"name":"(anonymous_7)","decl":{"start":{"line":75,"column":2},"end":{"line":75,"column":3}},"loc":{"start":{"line":75,"column":42},"end":{"line":79,"column":3}},"line":75}},"branchMap":{"0":{"loc":{"start":{"line":30,"column":4},"end":{"line":30,"column":63}},"type":"if","locations":[{"start":{"line":30,"column":4},"end":{"line":30,"column":63}},{"start":{"line":30,"column":4},"end":{"line":30,"column":63}}],"line":30},"1":{"loc":{"start":{"line":30,"column":8},"end":{"line":30,"column":49}},"type":"binary-expr","locations":[{"start":{"line":30,"column":8},"end":{"line":30,"column":24}},{"start":{"line":30,"column":28},"end":{"line":30,"column":49}}],"line":30},"2":{"loc":{"start":{"line":48,"column":2},"end":{"line":71,"column":3}},"type":"if","locations":[{"start":{"line":48,"column":2},"end":{"line":71,"column":3}},{"start":{"line":48,"column":2},"end":{"line":71,"column":3}}],"line":48},"3":{"loc":{"start":{"line":58,"column":21},"end":{"line":58,"column":43}},"type":"binary-expr","locations":[{"start":{"line":58,"column":21},"end":{"line":58,"column":36}},{"start":{"line":58,"column":40},"end":{"line":58,"column":43}}],"line":58},"4":{"loc":{"start":{"line":60,"column":7},"end":{"line":71,"column":3}},"type":"if","locations":[{"start":{"line":60,"column":7},"end":{"line":71,"column":3}},{"start":{"line":60,"column":7},"end":{"line":71,"column":3}}],"line":60}},"s":{"0":8,"1":8,"2":0,"3":0,"4":0,"5":0,"6":0,"7":0,"8":0,"9":0,"10":0,"11":0,"12":0,"13":0,"14":0,"15":0,"16":0,"17":0,"18":0,"19":0,"20":0,"21":0,"22":0,"23":0,"24":0,"25":0,"26":0,"27":8},"f":{"0":8,"1":0,"2":0,"3":0,"4":0,"5":0,"6":0,"7":0},"b":{"0":[0,0],"1":[0,0],"2":[0,0],"3":[0,0],"4":[0,0]},"_coverageSchema":"1a1c01bbd47fc00a2c39e90264f33305004495a9","hash":"2669af4b75c5fc92a8a627b916fbcb445465f5bf"}
,"/Users/diehernandez/Workspace/gps-front/server/src/clients/index.js": {"path":"/Users/diehernandez/Workspace/gps-front/server/src/clients/index.js","statementMap":{"0":{"start":{"line":1,"column":18},"end":{"line":1,"column":40}},"1":{"start":{"line":2,"column":19},"end":{"line":2,"column":42}},"2":{"start":{"line":4,"column":0},"end":{"line":7,"column":1}}},"fnMap":{},"branchMap":{},"s":{"0":8,"1":8,"2":8},"f":{},"b":{},"_coverageSchema":"1a1c01bbd47fc00a2c39e90264f33305004495a9","hash":"5366b2fbdc05a99d70bcf5f7f350181748a51635"}
,"/Users/diehernandez/Workspace/gps-front/server/src/devices/devicesRouter.js": {"path":"/Users/diehernandez/Workspace/gps-front/server/src/devices/devicesRouter.js","statementMap":{"0":{"start":{"line":1,"column":16},"end":{"line":1,"column":34}},"1":{"start":{"line":2,"column":15},"end":{"line":2,"column":31}},"2":{"start":{"line":3,"column":11},"end":{"line":3,"column":41}},"3":{"start":{"line":4,"column":18},"end":{"line":4,"column":49}},"4":{"start":{"line":6,"column":0},"end":{"line":15,"column":3}},"5":{"start":{"line":8,"column":26},"end":{"line":8,"column":91}},"6":{"start":{"line":9,"column":2},"end":{"line":14,"column":3}},"7":{"start":{"line":10,"column":4},"end":{"line":10,"column":100}},"8":{"start":{"line":11,"column":4},"end":{"line":11,"column":38}},"9":{"start":{"line":13,"column":4},"end":{"line":13,"column":52}},"10":{"start":{"line":17,"column":0},"end":{"line":17,"column":23}}},"fnMap":{"0":{"name":"(anonymous_0)","decl":{"start":{"line":6,"column":19},"end":{"line":6,"column":20}},"loc":{"start":{"line":6,"column":45},"end":{"line":15,"column":1}},"line":6}},"branchMap":{"0":{"loc":{"start":{"line":9,"column":2},"end":{"line":14,"column":3}},"type":"if","locations":[{"start":{"line":9,"column":2},"end":{"line":14,"column":3}},{"start":{"line":9,"column":2},"end":{"line":14,"column":3}}],"line":9}},"s":{"0":8,"1":8,"2":8,"3":8,"4":8,"5":2,"6":2,"7":1,"8":1,"9":1,"10":8},"f":{"0":2},"b":{"0":[1,1]},"_coverageSchema":"1a1c01bbd47fc00a2c39e90264f33305004495a9","hash":"95ae86ee3152bce33007ab5435e6e150c4bc3990"}
,"/Users/diehernandez/Workspace/gps-front/server/src/middlewares/middlewares.js": {"path":"/Users/diehernandez/Workspace/gps-front/server/src/middlewares/middlewares.js","statementMap":{"0":{"start":{"line":1,"column":23},"end":{"line":4,"column":1}},"1":{"start":{"line":6,"column":21},"end":{"line":17,"column":1}},"2":{"start":{"line":7,"column":18},"end":{"line":7,"column":20}},"3":{"start":{"line":9,"column":2},"end":{"line":13,"column":4}},"4":{"start":{"line":10,"column":4},"end":{"line":12,"column":5}},"5":{"start":{"line":11,"column":6},"end":{"line":11,"column":44}},"6":{"start":{"line":15,"column":2},"end":{"line":15,"column":24}},"7":{"start":{"line":16,"column":2},"end":{"line":16,"column":9}},"8":{"start":{"line":19,"column":0},"end":{"line":21,"column":1}}},"fnMap":{"0":{"name":"(anonymous_0)","decl":{"start":{"line":6,"column":21},"end":{"line":6,"column":22}},"loc":{"start":{"line":6,"column":41},"end":{"line":17,"column":1}},"line":6},"1":{"name":"(anonymous_1)","decl":{"start":{"line":9,"column":25},"end":{"line":9,"column":26}},"loc":{"start":{"line":9,"column":37},"end":{"line":13,"column":3}},"line":9}},"branchMap":{"0":{"loc":{"start":{"line":10,"column":4},"end":{"line":12,"column":5}},"type":"if","locations":[{"start":{"line":10,"column":4},"end":{"line":12,"column":5}},{"start":{"line":10,"column":4},"end":{"line":12,"column":5}}],"line":10}},"s":{"0":8,"1":8,"2":42,"3":42,"4":84,"5":0,"6":42,"7":42,"8":8},"f":{"0":42,"1":84},"b":{"0":[0,84]},"_coverageSchema":"1a1c01bbd47fc00a2c39e90264f33305004495a9","hash":"d3341efb02f133ab929669331a8f8478977a0eb7"}
,"/Users/diehernandez/Workspace/gps-front/server/src/recovery/recoveryRouter.js": {"path":"/Users/diehernandez/Workspace/gps-front/server/src/recovery/recoveryRouter.js","statementMap":{"0":{"start":{"line":1,"column":16},"end":{"line":1,"column":34}},"1":{"start":{"line":2,"column":15},"end":{"line":2,"column":31}},"2":{"start":{"line":3,"column":11},"end":{"line":3,"column":41}},"3":{"start":{"line":4,"column":19},"end":{"line":4,"column":51}},"4":{"start":{"line":6,"column":0},"end":{"line":15,"column":2}},"5":{"start":{"line":8,"column":26},"end":{"line":8,"column":80}},"6":{"start":{"line":9,"column":2},"end":{"line":14,"column":3}},"7":{"start":{"line":10,"column":4},"end":{"line":10,"column":96}},"8":{"start":{"line":11,"column":4},"end":{"line":11,"column":38}},"9":{"start":{"line":13,"column":4},"end":{"line":13,"column":52}},"10":{"start":{"line":17,"column":0},"end":{"line":26,"column":2}},"11":{"start":{"line":19,"column":26},"end":{"line":19,"column":86}},"12":{"start":{"line":20,"column":2},"end":{"line":25,"column":3}},"13":{"start":{"line":21,"column":4},"end":{"line":21,"column":96}},"14":{"start":{"line":22,"column":4},"end":{"line":22,"column":38}},"15":{"start":{"line":24,"column":4},"end":{"line":24,"column":37}},"16":{"start":{"line":28,"column":0},"end":{"line":38,"column":2}},"17":{"start":{"line":30,"column":15},"end":{"line":30,"column":23}},"18":{"start":{"line":31,"column":26},"end":{"line":31,"column":98}},"19":{"start":{"line":32,"column":2},"end":{"line":37,"column":3}},"20":{"start":{"line":33,"column":4},"end":{"line":33,"column":139}},"21":{"start":{"line":34,"column":4},"end":{"line":34,"column":38}},"22":{"start":{"line":36,"column":4},"end":{"line":36,"column":52}},"23":{"start":{"line":40,"column":0},"end":{"line":40,"column":24}}},"fnMap":{"0":{"name":"(anonymous_0)","decl":{"start":{"line":6,"column":16},"end":{"line":6,"column":17}},"loc":{"start":{"line":6,"column":42},"end":{"line":15,"column":1}},"line":6},"1":{"name":"(anonymous_1)","decl":{"start":{"line":17,"column":25},"end":{"line":17,"column":26}},"loc":{"start":{"line":17,"column":51},"end":{"line":26,"column":1}},"line":17},"2":{"name":"(anonymous_2)","decl":{"start":{"line":28,"column":31},"end":{"line":28,"column":32}},"loc":{"start":{"line":28,"column":57},"end":{"line":38,"column":1}},"line":28}},"branchMap":{"0":{"loc":{"start":{"line":9,"column":2},"end":{"line":14,"column":3}},"type":"if","locations":[{"start":{"line":9,"column":2},"end":{"line":14,"column":3}},{"start":{"line":9,"column":2},"end":{"line":14,"column":3}}],"line":9},"1":{"loc":{"start":{"line":20,"column":2},"end":{"line":25,"column":3}},"type":"if","locations":[{"start":{"line":20,"column":2},"end":{"line":25,"column":3}},{"start":{"line":20,"column":2},"end":{"line":25,"column":3}}],"line":20},"2":{"loc":{"start":{"line":32,"column":2},"end":{"line":37,"column":3}},"type":"if","locations":[{"start":{"line":32,"column":2},"end":{"line":37,"column":3}},{"start":{"line":32,"column":2},"end":{"line":37,"column":3}}],"line":32}},"s":{"0":8,"1":8,"2":8,"3":8,"4":8,"5":2,"6":2,"7":1,"8":1,"9":1,"10":8,"11":2,"12":2,"13":1,"14":1,"15":1,"16":8,"17":2,"18":2,"19":2,"20":0,"21":0,"22":2,"23":8},"f":{"0":2,"1":2,"2":2},"b":{"0":[1,1],"1":[1,1],"2":[0,2]},"_coverageSchema":"1a1c01bbd47fc00a2c39e90264f33305004495a9","hash":"cc3227e7a81dda3a46dc0dfd3ad5e996e7cadff5"}
,"/Users/diehernandez/Workspace/gps-front/server/src/roles/rolesRouter.js": {"path":"/Users/diehernandez/Workspace/gps-front/server/src/roles/rolesRouter.js","statementMap":{"0":{"start":{"line":1,"column":16},"end":{"line":1,"column":34}},"1":{"start":{"line":2,"column":15},"end":{"line":2,"column":31}},"2":{"start":{"line":3,"column":11},"end":{"line":3,"column":41}},"3":{"start":{"line":4,"column":19},"end":{"line":4,"column":51}},"4":{"start":{"line":6,"column":0},"end":{"line":15,"column":3}},"5":{"start":{"line":8,"column":26},"end":{"line":8,"column":60}},"6":{"start":{"line":9,"column":2},"end":{"line":14,"column":3}},"7":{"start":{"line":10,"column":4},"end":{"line":10,"column":87}},"8":{"start":{"line":11,"column":4},"end":{"line":11,"column":38}},"9":{"start":{"line":13,"column":4},"end":{"line":13,"column":52}},"10":{"start":{"line":17,"column":0},"end":{"line":17,"column":23}}},"fnMap":{"0":{"name":"(anonymous_0)","decl":{"start":{"line":6,"column":15},"end":{"line":6,"column":16}},"loc":{"start":{"line":6,"column":47},"end":{"line":15,"column":1}},"line":6}},"branchMap":{"0":{"loc":{"start":{"line":9,"column":2},"end":{"line":14,"column":3}},"type":"if","locations":[{"start":{"line":9,"column":2},"end":{"line":14,"column":3}},{"start":{"line":9,"column":2},"end":{"line":14,"column":3}}],"line":9}},"s":{"0":8,"1":8,"2":8,"3":8,"4":8,"5":2,"6":2,"7":1,"8":1,"9":1,"10":8},"f":{"0":2},"b":{"0":[1,1]},"_coverageSchema":"1a1c01bbd47fc00a2c39e90264f33305004495a9","hash":"a2e49506f2a3a74a1baffcbc9c74a7946be05234"}
,"/Users/diehernandez/Workspace/gps-front/server/src/server/server.js": {"path":"/Users/diehernandez/Workspace/gps-front/server/src/server/server.js","statementMap":{"0":{"start":{"line":1,"column":16},"end":{"line":1,"column":34}},"1":{"start":{"line":2,"column":19},"end":{"line":2,"column":43}},"2":{"start":{"line":3,"column":17},"end":{"line":3,"column":39}},"3":{"start":{"line":4,"column":21},"end":{"line":4,"column":54}},"4":{"start":{"line":5,"column":20},"end":{"line":5,"column":51}},"5":{"start":{"line":6,"column":23},"end":{"line":6,"column":60}},"6":{"start":{"line":7,"column":24},"end":{"line":7,"column":63}},"7":{"start":{"line":8,"column":19},"end":{"line":8,"column":48}},"8":{"start":{"line":9,"column":23},"end":{"line":9,"column":60}},"9":{"start":{"line":10,"column":20},"end":{"line":10,"column":51}},"10":{"start":{"line":11,"column":22},"end":{"line":11,"column":57}},"11":{"start":{"line":12,"column":21},"end":{"line":12,"column":71}},"12":{"start":{"line":14,"column":15},"end":{"line":14,"column":24}},"13":{"start":{"line":16,"column":0},"end":{"line":16,"column":27}},"14":{"start":{"line":17,"column":0},"end":{"line":17,"column":30}},"15":{"start":{"line":18,"column":0},"end":{"line":18,"column":54}},"16":{"start":{"line":20,"column":0},"end":{"line":26,"column":1}},"17":{"start":{"line":21,"column":13},"end":{"line":21,"column":28}},"18":{"start":{"line":22,"column":20},"end":{"line":24,"column":3}},"19":{"start":{"line":25,"column":2},"end":{"line":25,"column":32}},"20":{"start":{"line":28,"column":0},"end":{"line":28,"column":58}},"21":{"start":{"line":28,"column":40},"end":{"line":28,"column":56}},"22":{"start":{"line":29,"column":0},"end":{"line":29,"column":54}},"23":{"start":{"line":30,"column":0},"end":{"line":30,"column":52}},"24":{"start":{"line":31,"column":0},"end":{"line":31,"column":58}},"25":{"start":{"line":32,"column":0},"end":{"line":32,"column":60}},"26":{"start":{"line":33,"column":0},"end":{"line":33,"column":50}},"27":{"start":{"line":34,"column":0},"end":{"line":34,"column":58}},"28":{"start":{"line":35,"column":0},"end":{"line":35,"column":52}},"29":{"start":{"line":36,"column":0},"end":{"line":36,"column":56}},"30":{"start":{"line":38,"column":0},"end":{"line":38,"column":23}}},"fnMap":{"0":{"name":"(anonymous_0)","decl":{"start":{"line":28,"column":20},"end":{"line":28,"column":21}},"loc":{"start":{"line":28,"column":40},"end":{"line":28,"column":56}},"line":28}},"branchMap":{"0":{"loc":{"start":{"line":20,"column":0},"end":{"line":26,"column":1}},"type":"if","locations":[{"start":{"line":20,"column":0},"end":{"line":26,"column":1}},{"start":{"line":20,"column":0},"end":{"line":26,"column":1}}],"line":20}},"s":{"0":8,"1":8,"2":8,"3":8,"4":8,"5":8,"6":8,"7":8,"8":8,"9":8,"10":8,"11":8,"12":8,"13":8,"14":8,"15":8,"16":8,"17":0,"18":0,"19":0,"20":8,"21":0,"22":8,"23":8,"24":8,"25":8,"26":8,"27":8,"28":8,"29":8,"30":8},"f":{"0":0},"b":{"0":[0,8]},"_coverageSchema":"1a1c01bbd47fc00a2c39e90264f33305004495a9","hash":"9fbd651f303cb04b79c0472e887c3103d4c329e5"}
,"/Users/diehernandez/Workspace/gps-front/server/src/trackings/trackingsRouter.js": {"path":"/Users/diehernandez/Workspace/gps-front/server/src/trackings/trackingsRouter.js","statementMap":{"0":{"start":{"line":1,"column":16},"end":{"line":1,"column":34}},"1":{"start":{"line":2,"column":15},"end":{"line":2,"column":31}},"2":{"start":{"line":3,"column":11},"end":{"line":3,"column":41}},"3":{"start":{"line":4,"column":18},"end":{"line":4,"column":49}},"4":{"start":{"line":6,"column":0},"end":{"line":16,"column":2}},"5":{"start":{"line":8,"column":17},"end":{"line":8,"column":94}},"6":{"start":{"line":8,"column":58},"end":{"line":8,"column":83}},"7":{"start":{"line":9,"column":26},"end":{"line":9,"column":93}},"8":{"start":{"line":10,"column":2},"end":{"line":15,"column":3}},"9":{"start":{"line":11,"column":4},"end":{"line":11,"column":113}},"10":{"start":{"line":12,"column":4},"end":{"line":12,"column":38}},"11":{"start":{"line":14,"column":4},"end":{"line":14,"column":52}},"12":{"start":{"line":18,"column":0},"end":{"line":18,"column":23}}},"fnMap":{"0":{"name":"(anonymous_0)","decl":{"start":{"line":6,"column":22},"end":{"line":6,"column":23}},"loc":{"start":{"line":6,"column":48},"end":{"line":16,"column":1}},"line":6},"1":{"name":"(anonymous_1)","decl":{"start":{"line":8,"column":47},"end":{"line":8,"column":48}},"loc":{"start":{"line":8,"column":58},"end":{"line":8,"column":83}},"line":8}},"branchMap":{"0":{"loc":{"start":{"line":10,"column":2},"end":{"line":15,"column":3}},"type":"if","locations":[{"start":{"line":10,"column":2},"end":{"line":15,"column":3}},{"start":{"line":10,"column":2},"end":{"line":15,"column":3}}],"line":10}},"s":{"0":8,"1":8,"2":8,"3":8,"4":8,"5":2,"6":2,"7":2,"8":2,"9":1,"10":1,"11":1,"12":8},"f":{"0":2,"1":2},"b":{"0":[1,1]},"_coverageSchema":"1a1c01bbd47fc00a2c39e90264f33305004495a9","hash":"8770833e9dbaccf6b5166507473b5766ef5fbc2e"}
,"/Users/diehernandez/Workspace/gps-front/server/src/users/usersRouter.js": {"path":"/Users/diehernandez/Workspace/gps-front/server/src/users/usersRouter.js","statementMap":{"0":{"start":{"line":1,"column":16},"end":{"line":1,"column":34}},"1":{"start":{"line":2,"column":15},"end":{"line":2,"column":31}},"2":{"start":{"line":3,"column":11},"end":{"line":3,"column":41}},"3":{"start":{"line":4,"column":19},"end":{"line":4,"column":51}},"4":{"start":{"line":6,"column":0},"end":{"line":17,"column":3}},"5":{"start":{"line":8,"column":15},"end":{"line":8,"column":23}},"6":{"start":{"line":10,"column":26},"end":{"line":10,"column":73}},"7":{"start":{"line":11,"column":2},"end":{"line":16,"column":3}},"8":{"start":{"line":12,"column":4},"end":{"line":12,"column":84}},"9":{"start":{"line":13,"column":4},"end":{"line":13,"column":38}},"10":{"start":{"line":15,"column":4},"end":{"line":15,"column":52}},"11":{"start":{"line":19,"column":0},"end":{"line":28,"column":2}},"12":{"start":{"line":21,"column":26},"end":{"line":21,"column":85}},"13":{"start":{"line":22,"column":2},"end":{"line":27,"column":3}},"14":{"start":{"line":23,"column":4},"end":{"line":23,"column":113}},"15":{"start":{"line":24,"column":4},"end":{"line":24,"column":38}},"16":{"start":{"line":26,"column":4},"end":{"line":26,"column":52}},"17":{"start":{"line":30,"column":0},"end":{"line":30,"column":23}}},"fnMap":{"0":{"name":"(anonymous_0)","decl":{"start":{"line":6,"column":17},"end":{"line":6,"column":18}},"loc":{"start":{"line":6,"column":43},"end":{"line":17,"column":1}},"line":6},"1":{"name":"(anonymous_1)","decl":{"start":{"line":19,"column":16},"end":{"line":19,"column":17}},"loc":{"start":{"line":19,"column":42},"end":{"line":28,"column":1}},"line":19}},"branchMap":{"0":{"loc":{"start":{"line":11,"column":2},"end":{"line":16,"column":3}},"type":"if","locations":[{"start":{"line":11,"column":2},"end":{"line":16,"column":3}},{"start":{"line":11,"column":2},"end":{"line":16,"column":3}}],"line":11},"1":{"loc":{"start":{"line":22,"column":2},"end":{"line":27,"column":3}},"type":"if","locations":[{"start":{"line":22,"column":2},"end":{"line":27,"column":3}},{"start":{"line":22,"column":2},"end":{"line":27,"column":3}}],"line":22}},"s":{"0":8,"1":8,"2":8,"3":8,"4":8,"5":2,"6":2,"7":2,"8":1,"9":1,"10":1,"11":8,"12":2,"13":2,"14":1,"15":1,"16":1,"17":8},"f":{"0":2,"1":2},"b":{"0":[1,1],"1":[1,1]},"_coverageSchema":"1a1c01bbd47fc00a2c39e90264f33305004495a9","hash":"82b28a34bcdbeef2bf8db75806ef994e76883541"}
,"/Users/diehernandez/Workspace/gps-front/server/src/vehicles/vehiclesRouter.js": {"path":"/Users/diehernandez/Workspace/gps-front/server/src/vehicles/vehiclesRouter.js","statementMap":{"0":{"start":{"line":1,"column":16},"end":{"line":1,"column":34}},"1":{"start":{"line":2,"column":15},"end":{"line":2,"column":31}},"2":{"start":{"line":3,"column":11},"end":{"line":3,"column":41}},"3":{"start":{"line":4,"column":18},"end":{"line":4,"column":49}},"4":{"start":{"line":6,"column":0},"end":{"line":17,"column":2}},"5":{"start":{"line":8,"column":17},"end":{"line":8,"column":94}},"6":{"start":{"line":8,"column":58},"end":{"line":8,"column":83}},"7":{"start":{"line":10,"column":26},"end":{"line":10,"column":92}},"8":{"start":{"line":11,"column":2},"end":{"line":16,"column":3}},"9":{"start":{"line":12,"column":4},"end":{"line":12,"column":112}},"10":{"start":{"line":13,"column":4},"end":{"line":13,"column":38}},"11":{"start":{"line":15,"column":4},"end":{"line":15,"column":52}},"12":{"start":{"line":19,"column":0},"end":{"line":28,"column":3}},"13":{"start":{"line":21,"column":26},"end":{"line":21,"column":101}},"14":{"start":{"line":22,"column":2},"end":{"line":27,"column":3}},"15":{"start":{"line":23,"column":4},"end":{"line":23,"column":114}},"16":{"start":{"line":24,"column":4},"end":{"line":24,"column":38}},"17":{"start":{"line":26,"column":4},"end":{"line":26,"column":52}},"18":{"start":{"line":30,"column":0},"end":{"line":39,"column":3}},"19":{"start":{"line":32,"column":26},"end":{"line":32,"column":105}},"20":{"start":{"line":33,"column":2},"end":{"line":38,"column":3}},"21":{"start":{"line":34,"column":4},"end":{"line":34,"column":117}},"22":{"start":{"line":35,"column":4},"end":{"line":35,"column":38}},"23":{"start":{"line":37,"column":4},"end":{"line":37,"column":52}},"24":{"start":{"line":41,"column":0},"end":{"line":50,"column":3}},"25":{"start":{"line":43,"column":26},"end":{"line":43,"column":108}},"26":{"start":{"line":44,"column":2},"end":{"line":49,"column":3}},"27":{"start":{"line":45,"column":4},"end":{"line":45,"column":120}},"28":{"start":{"line":46,"column":4},"end":{"line":46,"column":38}},"29":{"start":{"line":48,"column":4},"end":{"line":48,"column":52}},"30":{"start":{"line":52,"column":0},"end":{"line":61,"column":3}},"31":{"start":{"line":54,"column":26},"end":{"line":54,"column":86}},"32":{"start":{"line":55,"column":2},"end":{"line":60,"column":3}},"33":{"start":{"line":56,"column":4},"end":{"line":56,"column":83}},"34":{"start":{"line":57,"column":4},"end":{"line":57,"column":38}},"35":{"start":{"line":59,"column":4},"end":{"line":59,"column":52}},"36":{"start":{"line":63,"column":0},"end":{"line":72,"column":2}},"37":{"start":{"line":65,"column":26},"end":{"line":65,"column":111}},"38":{"start":{"line":66,"column":2},"end":{"line":71,"column":3}},"39":{"start":{"line":67,"column":4},"end":{"line":67,"column":106}},"40":{"start":{"line":68,"column":4},"end":{"line":68,"column":38}},"41":{"start":{"line":70,"column":4},"end":{"line":70,"column":52}},"42":{"start":{"line":74,"column":0},"end":{"line":83,"column":2}},"43":{"start":{"line":76,"column":26},"end":{"line":76,"column":95}},"44":{"start":{"line":77,"column":2},"end":{"line":82,"column":3}},"45":{"start":{"line":78,"column":4},"end":{"line":78,"column":104}},"46":{"start":{"line":79,"column":4},"end":{"line":79,"column":38}},"47":{"start":{"line":81,"column":4},"end":{"line":81,"column":52}},"48":{"start":{"line":85,"column":0},"end":{"line":94,"column":3}},"49":{"start":{"line":87,"column":26},"end":{"line":87,"column":73}},"50":{"start":{"line":88,"column":2},"end":{"line":93,"column":3}},"51":{"start":{"line":89,"column":4},"end":{"line":89,"column":88}},"52":{"start":{"line":90,"column":4},"end":{"line":90,"column":38}},"53":{"start":{"line":92,"column":4},"end":{"line":92,"column":52}},"54":{"start":{"line":96,"column":0},"end":{"line":105,"column":3}},"55":{"start":{"line":98,"column":26},"end":{"line":98,"column":101}},"56":{"start":{"line":99,"column":2},"end":{"line":104,"column":3}},"57":{"start":{"line":100,"column":4},"end":{"line":100,"column":116}},"58":{"start":{"line":101,"column":4},"end":{"line":101,"column":38}},"59":{"start":{"line":103,"column":4},"end":{"line":103,"column":52}},"60":{"start":{"line":107,"column":0},"end":{"line":107,"column":23}}},"fnMap":{"0":{"name":"(anonymous_0)","decl":{"start":{"line":6,"column":22},"end":{"line":6,"column":23}},"loc":{"start":{"line":6,"column":48},"end":{"line":17,"column":1}},"line":6},"1":{"name":"(anonymous_1)","decl":{"start":{"line":8,"column":47},"end":{"line":8,"column":48}},"loc":{"start":{"line":8,"column":58},"end":{"line":8,"column":83}},"line":8},"2":{"name":"(anonymous_2)","decl":{"start":{"line":19,"column":28},"end":{"line":19,"column":29}},"loc":{"start":{"line":19,"column":54},"end":{"line":28,"column":1}},"line":19},"3":{"name":"(anonymous_3)","decl":{"start":{"line":30,"column":32},"end":{"line":30,"column":33}},"loc":{"start":{"line":30,"column":58},"end":{"line":39,"column":1}},"line":30},"4":{"name":"(anonymous_4)","decl":{"start":{"line":41,"column":35},"end":{"line":41,"column":36}},"loc":{"start":{"line":41,"column":61},"end":{"line":50,"column":1}},"line":41},"5":{"name":"(anonymous_5)","decl":{"start":{"line":52,"column":17},"end":{"line":52,"column":18}},"loc":{"start":{"line":52,"column":43},"end":{"line":61,"column":1}},"line":52},"6":{"name":"(anonymous_6)","decl":{"start":{"line":63,"column":28},"end":{"line":63,"column":29}},"loc":{"start":{"line":63,"column":54},"end":{"line":72,"column":1}},"line":63},"7":{"name":"(anonymous_7)","decl":{"start":{"line":74,"column":22},"end":{"line":74,"column":23}},"loc":{"start":{"line":74,"column":48},"end":{"line":83,"column":1}},"line":74},"8":{"name":"(anonymous_8)","decl":{"start":{"line":85,"column":22},"end":{"line":85,"column":23}},"loc":{"start":{"line":85,"column":48},"end":{"line":94,"column":1}},"line":85},"9":{"name":"(anonymous_9)","decl":{"start":{"line":96,"column":38},"end":{"line":96,"column":39}},"loc":{"start":{"line":96,"column":64},"end":{"line":105,"column":1}},"line":96}},"branchMap":{"0":{"loc":{"start":{"line":11,"column":2},"end":{"line":16,"column":3}},"type":"if","locations":[{"start":{"line":11,"column":2},"end":{"line":16,"column":3}},{"start":{"line":11,"column":2},"end":{"line":16,"column":3}}],"line":11},"1":{"loc":{"start":{"line":22,"column":2},"end":{"line":27,"column":3}},"type":"if","locations":[{"start":{"line":22,"column":2},"end":{"line":27,"column":3}},{"start":{"line":22,"column":2},"end":{"line":27,"column":3}}],"line":22},"2":{"loc":{"start":{"line":33,"column":2},"end":{"line":38,"column":3}},"type":"if","locations":[{"start":{"line":33,"column":2},"end":{"line":38,"column":3}},{"start":{"line":33,"column":2},"end":{"line":38,"column":3}}],"line":33},"3":{"loc":{"start":{"line":44,"column":2},"end":{"line":49,"column":3}},"type":"if","locations":[{"start":{"line":44,"column":2},"end":{"line":49,"column":3}},{"start":{"line":44,"column":2},"end":{"line":49,"column":3}}],"line":44},"4":{"loc":{"start":{"line":55,"column":2},"end":{"line":60,"column":3}},"type":"if","locations":[{"start":{"line":55,"column":2},"end":{"line":60,"column":3}},{"start":{"line":55,"column":2},"end":{"line":60,"column":3}}],"line":55},"5":{"loc":{"start":{"line":66,"column":2},"end":{"line":71,"column":3}},"type":"if","locations":[{"start":{"line":66,"column":2},"end":{"line":71,"column":3}},{"start":{"line":66,"column":2},"end":{"line":71,"column":3}}],"line":66},"6":{"loc":{"start":{"line":77,"column":2},"end":{"line":82,"column":3}},"type":"if","locations":[{"start":{"line":77,"column":2},"end":{"line":82,"column":3}},{"start":{"line":77,"column":2},"end":{"line":82,"column":3}}],"line":77},"7":{"loc":{"start":{"line":88,"column":2},"end":{"line":93,"column":3}},"type":"if","locations":[{"start":{"line":88,"column":2},"end":{"line":93,"column":3}},{"start":{"line":88,"column":2},"end":{"line":93,"column":3}}],"line":88},"8":{"loc":{"start":{"line":99,"column":2},"end":{"line":104,"column":3}},"type":"if","locations":[{"start":{"line":99,"column":2},"end":{"line":104,"column":3}},{"start":{"line":99,"column":2},"end":{"line":104,"column":3}}],"line":99}},"s":{"0":8,"1":8,"2":8,"3":8,"4":8,"5":2,"6":2,"7":2,"8":2,"9":0,"10":0,"11":2,"12":8,"13":2,"14":2,"15":0,"16":0,"17":2,"18":8,"19":2,"20":2,"21":0,"22":0,"23":2,"24":8,"25":2,"26":2,"27":0,"28":0,"29":2,"30":8,"31":2,"32":2,"33":0,"34":0,"35":2,"36":8,"37":2,"38":2,"39":0,"40":0,"41":2,"42":8,"43":2,"44":2,"45":1,"46":1,"47":1,"48":8,"49":2,"50":2,"51":0,"52":0,"53":2,"54":8,"55":2,"56":2,"57":0,"58":0,"59":2,"60":8},"f":{"0":2,"1":2,"2":2,"3":2,"4":2,"5":2,"6":2,"7":2,"8":2,"9":2},"b":{"0":[0,2],"1":[0,2],"2":[0,2],"3":[0,2],"4":[0,2],"5":[0,2],"6":[1,1],"7":[0,2],"8":[0,2]},"_coverageSchema":"1a1c01bbd47fc00a2c39e90264f33305004495a9","hash":"92b32f9cb0a26fd2a4cf4d999574a3bc445926c8"}
}
