TN:
SF:src/alerts/alertsRouter.js
FN:6,(anonymous_0)
FN:20,(anonymous_1)
FNF:2
FNH:2
FNDA:2,(anonymous_0)
FNDA:2,(anonymous_1)
DA:1,7
DA:2,7
DA:3,7
DA:4,7
DA:6,7
DA:8,2
DA:9,2
DA:10,2
DA:11,2
DA:12,2
DA:13,1
DA:14,1
DA:16,1
DA:20,7
DA:22,2
DA:23,2
DA:25,2
DA:26,2
DA:27,1
DA:28,1
DA:30,1
DA:34,7
LF:22
LH:22
BRDA:12,0,0,1
BRDA:12,0,1,1
BRDA:26,1,0,1
BRDA:26,1,1,1
BRF:4
BRH:4
end_of_record
TN:
SF:src/auth/authRouter.js
FN:6,(anonymous_0)
FN:19,(anonymous_1)
FNF:2
FNH:2
FNDA:2,(anonymous_0)
FNDA:2,(anonymous_1)
DA:1,7
DA:2,7
DA:3,7
DA:4,7
DA:6,7
DA:8,2
DA:10,2
DA:11,2
DA:12,1
DA:13,1
DA:15,1
DA:19,7
DA:21,2
DA:22,2
DA:23,1
DA:24,1
DA:26,1
DA:30,7
LF:18
LH:18
BRDA:11,0,0,1
BRDA:11,0,1,1
BRDA:22,1,0,1
BRDA:22,1,1,1
BRF:4
BRH:4
end_of_record
TN:
SF:src/clients/apiClient.js
FNF:0
FNH:0
DA:1,4
DA:2,4
DA:4,4
LF:3
LH:3
BRF:0
BRH:0
end_of_record
TN:
SF:src/clients/authClient.js
FNF:0
FNH:0
DA:1,3
DA:2,3
DA:4,3
LF:3
LH:3
BRF:0
BRH:0
end_of_record
TN:
SF:src/clients/baseClient.js
FN:4,(anonymous_0)
FN:11,(anonymous_1)
FN:15,(anonymous_2)
FN:19,(anonymous_3)
FN:23,(anonymous_4)
FN:28,_execute
FN:47,_parseErrorResponse
FN:75,(anonymous_7)
FNF:8
FNH:1
FNDA:7,(anonymous_0)
FNDA:0,(anonymous_1)
FNDA:0,(anonymous_2)
FNDA:0,(anonymous_3)
FNDA:0,(anonymous_4)
FNDA:0,_execute
FNDA:0,_parseErrorResponse
FNDA:0,(anonymous_7)
DA:1,7
DA:5,7
DA:12,0
DA:16,0
DA:20,0
DA:24,0
DA:29,0
DA:30,0
DA:31,0
DA:32,0
DA:39,0
DA:40,0
DA:48,0
DA:49,0
DA:53,0
DA:57,0
DA:58,0
DA:60,0
DA:61,0
DA:65,0
DA:66,0
DA:69,0
DA:70,0
DA:76,0
DA:77,0
DA:78,0
DA:82,7
LF:27
LH:3
BRDA:30,0,0,0
BRDA:30,0,1,0
BRDA:30,1,0,0
BRDA:30,1,1,0
BRDA:48,2,0,0
BRDA:48,2,1,0
BRDA:58,3,0,0
BRDA:58,3,1,0
BRDA:60,4,0,0
BRDA:60,4,1,0
BRF:10
BRH:0
end_of_record
TN:
SF:src/clients/index.js
FNF:0
FNH:0
DA:1,7
DA:2,7
DA:4,7
LF:3
LH:3
BRF:0
BRH:0
end_of_record
TN:
SF:src/devices/devicesRouter.js
FN:6,(anonymous_0)
FNF:1
FNH:1
FNDA:2,(anonymous_0)
DA:1,7
DA:2,7
DA:3,7
DA:4,7
DA:6,7
DA:8,2
DA:9,2
DA:10,1
DA:11,1
DA:13,1
DA:17,7
LF:11
LH:11
BRDA:9,0,0,1
BRDA:9,0,1,1
BRF:2
BRH:2
end_of_record
TN:
SF:src/middlewares/middlewares.js
FN:6,(anonymous_0)
FN:9,(anonymous_1)
FNF:2
FNH:2
FNDA:24,(anonymous_0)
FNDA:48,(anonymous_1)
DA:1,7
DA:6,7
DA:7,24
DA:9,24
DA:10,48
DA:11,0
DA:15,24
DA:16,24
DA:19,7
LF:9
LH:8
BRDA:10,0,0,0
BRDA:10,0,1,48
BRF:2
BRH:1
end_of_record
TN:
SF:src/recovery/recoveryRouter.js
FN:6,(anonymous_0)
FN:17,(anonymous_1)
FN:28,(anonymous_2)
FNF:3
FNH:3
FNDA:2,(anonymous_0)
FNDA:2,(anonymous_1)
FNDA:2,(anonymous_2)
DA:1,7
DA:2,7
DA:3,7
DA:4,7
DA:6,7
DA:8,2
DA:9,2
DA:10,1
DA:11,1
DA:13,1
DA:17,7
DA:19,2
DA:20,2
DA:21,1
DA:22,1
DA:24,1
DA:28,7
DA:30,2
DA:31,2
DA:32,2
DA:33,0
DA:34,0
DA:36,2
DA:40,7
LF:24
LH:22
BRDA:9,0,0,1
BRDA:9,0,1,1
BRDA:20,1,0,1
BRDA:20,1,1,1
BRDA:32,2,0,0
BRDA:32,2,1,2
BRF:6
BRH:5
end_of_record
TN:
SF:src/roles/rolesRouter.js
FN:6,(anonymous_0)
FNF:1
FNH:1
FNDA:2,(anonymous_0)
DA:1,7
DA:2,7
DA:3,7
DA:4,7
DA:6,7
DA:8,2
DA:9,2
DA:10,1
DA:11,1
DA:13,1
DA:17,7
LF:11
LH:11
BRDA:9,0,0,1
BRDA:9,0,1,1
BRF:2
BRH:2
end_of_record
TN:
SF:src/server/server.js
FN:28,(anonymous_0)
FNF:1
FNH:0
FNDA:0,(anonymous_0)
DA:1,7
DA:2,7
DA:3,7
DA:4,7
DA:5,7
DA:6,7
DA:7,7
DA:8,7
DA:9,7
DA:10,7
DA:11,7
DA:12,7
DA:14,7
DA:16,7
DA:17,7
DA:18,7
DA:20,7
DA:21,0
DA:22,0
DA:25,0
DA:28,7
DA:29,7
DA:30,7
DA:31,7
DA:32,7
DA:33,7
DA:34,7
DA:35,7
DA:36,7
DA:38,7
LF:30
LH:27
BRDA:20,0,0,0
BRDA:20,0,1,7
BRF:2
BRH:1
end_of_record
TN:
SF:src/trackings/trackingsRouter.js
FN:6,(anonymous_0)
FN:8,(anonymous_1)
FNF:2
FNH:2
FNDA:2,(anonymous_0)
FNDA:2,(anonymous_1)
DA:1,7
DA:2,7
DA:3,7
DA:4,7
DA:6,7
DA:8,2
DA:9,2
DA:10,2
DA:11,1
DA:12,1
DA:14,1
DA:18,7
LF:12
LH:12
BRDA:10,0,0,1
BRDA:10,0,1,1
BRF:2
BRH:2
end_of_record
TN:
SF:src/users/usersRouter.js
FN:6,(anonymous_0)
FN:19,(anonymous_1)
FNF:2
FNH:2
FNDA:2,(anonymous_0)
FNDA:2,(anonymous_1)
DA:1,7
DA:2,7
DA:3,7
DA:4,7
DA:6,7
DA:8,2
DA:10,2
DA:11,2
DA:12,1
DA:13,1
DA:15,1
DA:19,7
DA:21,2
DA:22,2
DA:23,1
DA:24,1
DA:26,1
DA:30,7
LF:18
LH:18
BRDA:11,0,0,1
BRDA:11,0,1,1
BRDA:22,1,0,1
BRDA:22,1,1,1
BRF:4
BRH:4
end_of_record
TN:
SF:src/vehicles/vehiclesRouter.js
FN:6,(anonymous_0)
FN:8,(anonymous_1)
FN:19,(anonymous_2)
FN:30,(anonymous_3)
FN:41,(anonymous_4)
FN:52,(anonymous_5)
FN:63,(anonymous_6)
FN:74,(anonymous_7)
FN:85,(anonymous_8)
FN:96,(anonymous_9)
FN:107,(anonymous_10)
FNF:11
FNH:0
FNDA:0,(anonymous_0)
FNDA:0,(anonymous_1)
FNDA:0,(anonymous_2)
FNDA:0,(anonymous_3)
FNDA:0,(anonymous_4)
FNDA:0,(anonymous_5)
FNDA:0,(anonymous_6)
FNDA:0,(anonymous_7)
FNDA:0,(anonymous_8)
FNDA:0,(anonymous_9)
FNDA:0,(anonymous_10)
DA:1,7
DA:2,7
DA:3,7
DA:4,7
DA:6,7
DA:8,0
DA:10,0
DA:11,0
DA:12,0
DA:13,0
DA:15,0
DA:19,7
DA:21,0
DA:22,0
DA:23,0
DA:24,0
DA:26,0
DA:30,7
DA:32,0
DA:33,0
DA:34,0
DA:35,0
DA:37,0
DA:41,7
DA:43,0
DA:44,0
DA:45,0
DA:46,0
DA:48,0
DA:52,7
DA:54,0
DA:55,0
DA:56,0
DA:57,0
DA:59,0
DA:63,7
DA:65,0
DA:66,0
DA:67,0
DA:68,0
DA:70,0
DA:74,7
DA:76,0
DA:77,0
DA:78,0
DA:79,0
DA:81,0
DA:85,7
DA:87,0
DA:88,0
DA:89,0
DA:90,0
DA:92,0
DA:96,7
DA:98,0
DA:99,0
DA:100,0
DA:101,0
DA:103,0
DA:107,7
DA:109,0
DA:110,0
DA:111,0
DA:112,0
DA:114,0
DA:118,7
LF:66
LH:15
BRDA:11,0,0,0
BRDA:11,0,1,0
BRDA:22,1,0,0
BRDA:22,1,1,0
BRDA:33,2,0,0
BRDA:33,2,1,0
BRDA:44,3,0,0
BRDA:44,3,1,0
BRDA:55,4,0,0
BRDA:55,4,1,0
BRDA:66,5,0,0
BRDA:66,5,1,0
BRDA:77,6,0,0
BRDA:77,6,1,0
BRDA:88,7,0,0
BRDA:88,7,1,0
BRDA:99,8,0,0
BRDA:99,8,1,0
BRDA:110,9,0,0
BRDA:110,9,1,0
BRF:20
BRH:0
end_of_record
