{"/Users/diehernandez/Workspace/gps-front/client/src/App.js": {"path":"/Users/diehernandez/Workspace/gps-front/client/src/App.js","statementMap":{"0":{"start":{"line":18,"column":4},"end":{"line":18,"column":17}},"1":{"start":{"line":19,"column":4},"end":{"line":21,"column":5}},"2":{"start":{"line":25,"column":18},"end":{"line":25,"column":83}},"3":{"start":{"line":26,"column":4},"end":{"line":33,"column":5}},"4":{"start":{"line":27,"column":31},"end":{"line":27,"column":71}},"5":{"start":{"line":28,"column":6},"end":{"line":32,"column":7}},"6":{"start":{"line":29,"column":8},"end":{"line":29,"column":52}},"7":{"start":{"line":31,"column":8},"end":{"line":31,"column":76}},"8":{"start":{"line":35,"column":4},"end":{"line":37,"column":7}},"9":{"start":{"line":41,"column":4},"end":{"line":74,"column":5}},"10":{"start":{"line":43,"column":6},"end":{"line":43,"column":140}},"11":{"start":{"line":47,"column":6},"end":{"line":72,"column":7}},"12":{"start":{"line":51,"column":14},"end":{"line":68,"column":16}},"13":{"start":{"line":59,"column":24},"end":{"line":63,"column":26}},"14":{"start":{"line":79,"column":2},"end":{"line":81,"column":3}},"15":{"start":{"line":80,"column":30},"end":{"line":80,"column":66}}},"fnMap":{"0":{"name":"(anonymous_0)","decl":{"start":{"line":17,"column":2},"end":{"line":17,"column":3}},"loc":{"start":{"line":17,"column":21},"end":{"line":22,"column":3}},"line":17},"1":{"name":"(anonymous_1)","decl":{"start":{"line":24,"column":2},"end":{"line":24,"column":3}},"loc":{"start":{"line":24,"column":28},"end":{"line":38,"column":3}},"line":24},"2":{"name":"(anonymous_2)","decl":{"start":{"line":40,"column":2},"end":{"line":40,"column":3}},"loc":{"start":{"line":40,"column":11},"end":{"line":75,"column":3}},"line":40},"3":{"name":"(anonymous_3)","decl":{"start":{"line":50,"column":24},"end":{"line":50,"column":25}},"loc":{"start":{"line":50,"column":42},"end":{"line":69,"column":13}},"line":50},"4":{"name":"(anonymous_4)","decl":{"start":{"line":58,"column":22},"end":{"line":58,"column":23}},"loc":{"start":{"line":58,"column":31},"end":{"line":64,"column":23}},"line":58},"5":{"name":"mapDispatchToProps","decl":{"start":{"line":78,"column":9},"end":{"line":78,"column":27}},"loc":{"start":{"line":78,"column":38},"end":{"line":82,"column":1}},"line":78},"6":{"name":"(anonymous_6)","decl":{"start":{"line":80,"column":17},"end":{"line":80,"column":18}},"loc":{"start":{"line":80,"column":30},"end":{"line":80,"column":66}},"line":80}},"branchMap":{"0":{"loc":{"start":{"line":26,"column":4},"end":{"line":33,"column":5}},"type":"if","locations":[{"start":{"line":26,"column":4},"end":{"line":33,"column":5}},{"start":{"line":26,"column":4},"end":{"line":33,"column":5}}],"line":26},"1":{"loc":{"start":{"line":28,"column":6},"end":{"line":32,"column":7}},"type":"if","locations":[{"start":{"line":28,"column":6},"end":{"line":32,"column":7}},{"start":{"line":28,"column":6},"end":{"line":32,"column":7}}],"line":28},"2":{"loc":{"start":{"line":28,"column":10},"end":{"line":28,"column":27}},"type":"binary-expr","locations":[{"start":{"line":28,"column":10},"end":{"line":28,"column":14}},{"start":{"line":28,"column":18},"end":{"line":28,"column":27}}],"line":28},"3":{"loc":{"start":{"line":41,"column":4},"end":{"line":74,"column":5}},"type":"if","locations":[{"start":{"line":41,"column":4},"end":{"line":74,"column":5}},{"start":{"line":41,"column":4},"end":{"line":74,"column":5}}],"line":41},"4":{"loc":{"start":{"line":48,"column":26},"end":{"line":48,"column":62}},"type":"binary-expr","locations":[{"start":{"line":48,"column":26},"end":{"line":48,"column":56}},{"start":{"line":48,"column":60},"end":{"line":48,"column":62}}],"line":48}},"s":{"0":2,"1":2,"2":2,"3":2,"4":2,"5":2,"6":1,"7":1,"8":2,"9":4,"10":2,"11":2,"12":26,"13":3,"14":2,"15":1},"f":{"0":2,"1":2,"2":4,"3":26,"4":3,"5":2,"6":1},"b":{"0":[2,0],"1":[1,1],"2":[2,1],"3":[2,2],"4":[2,2]},"_coverageSchema":"43e27e138ebf9cfc5966b082cf9a028302ed4184","hash":"0754469c666f8cc3fa0d696b0a528f8cdc15d1f1"}
,"/Users/diehernandez/Workspace/gps-front/client/src/index.js": {"path":"/Users/diehernandez/Workspace/gps-front/client/src/index.js","statementMap":{"0":{"start":{"line":8,"column":0},"end":{"line":13,"column":2}},"1":{"start":{"line":18,"column":0},"end":{"line":18,"column":27}}},"fnMap":{},"branchMap":{},"s":{"0":0,"1":0},"f":{},"b":{},"hash":"a44c2de286a52c534deef0ceec79f93fc9826273"}
,"/Users/diehernandez/Workspace/gps-front/client/src/routes.js": {"path":"/Users/diehernandez/Workspace/gps-front/client/src/routes.js","statementMap":{"0":{"start":{"line":28,"column":20},"end":{"line":28,"column":36}},"1":{"start":{"line":29,"column":6},"end":{"line":33,"column":7}},"2":{"start":{"line":30,"column":8},"end":{"line":30,"column":107}},"3":{"start":{"line":32,"column":8},"end":{"line":32,"column":40}},"4":{"start":{"line":50,"column":6},"end":{"line":50,"column":45}},"5":{"start":{"line":51,"column":6},"end":{"line":51,"column":38}}},"fnMap":{"0":{"name":"(anonymous_0)","decl":{"start":{"line":27,"column":15},"end":{"line":27,"column":16}},"loc":{"start":{"line":27,"column":26},"end":{"line":34,"column":5}},"line":27},"1":{"name":"(anonymous_1)","decl":{"start":{"line":49,"column":15},"end":{"line":49,"column":16}},"loc":{"start":{"line":49,"column":26},"end":{"line":52,"column":5}},"line":49}},"branchMap":{"0":{"loc":{"start":{"line":29,"column":6},"end":{"line":33,"column":7}},"type":"if","locations":[{"start":{"line":29,"column":6},"end":{"line":33,"column":7}},{"start":{"line":29,"column":6},"end":{"line":33,"column":7}}],"line":29},"1":{"loc":{"start":{"line":30,"column":15},"end":{"line":30,"column":107}},"type":"cond-expr","locations":[{"start":{"line":30,"column":52},"end":{"line":30,"column":81}},{"start":{"line":30,"column":84},"end":{"line":30,"column":107}}],"line":30}},"s":{"0":1,"1":1,"2":0,"3":1,"4":0,"5":0},"f":{"0":1,"1":0},"b":{"0":[0,1],"1":[0,0]},"_coverageSchema":"43e27e138ebf9cfc5966b082cf9a028302ed4184","hash":"4a8ef7858d6980f29597a70714b3eac2a6728687"}
,"/Users/diehernandez/Workspace/gps-front/client/src/serviceWorker.js": {"path":"/Users/diehernandez/Workspace/gps-front/client/src/serviceWorker.js","statementMap":{"0":{"start":{"line":13,"column":20},"end":{"line":21,"column":1}},"1":{"start":{"line":24,"column":2},"end":{"line":54,"column":3}},"2":{"start":{"line":26,"column":22},"end":{"line":26,"column":75}},"3":{"start":{"line":27,"column":4},"end":{"line":32,"column":5}},"4":{"start":{"line":31,"column":6},"end":{"line":31,"column":13}},"5":{"start":{"line":34,"column":4},"end":{"line":53,"column":7}},"6":{"start":{"line":35,"column":20},"end":{"line":35,"column":65}},"7":{"start":{"line":37,"column":6},"end":{"line":52,"column":7}},"8":{"start":{"line":39,"column":8},"end":{"line":39,"column":47}},"9":{"start":{"line":43,"column":8},"end":{"line":48,"column":11}},"10":{"start":{"line":44,"column":10},"end":{"line":47,"column":12}},"11":{"start":{"line":51,"column":8},"end":{"line":51,"column":39}},"12":{"start":{"line":58,"column":2},"end":{"line":98,"column":7}},"13":{"start":{"line":61,"column":6},"end":{"line":94,"column":8}},"14":{"start":{"line":62,"column":33},"end":{"line":62,"column":56}},"15":{"start":{"line":63,"column":8},"end":{"line":65,"column":9}},"16":{"start":{"line":64,"column":10},"end":{"line":64,"column":17}},"17":{"start":{"line":66,"column":8},"end":{"line":93,"column":10}},"18":{"start":{"line":67,"column":10},"end":{"line":92,"column":11}},"19":{"start":{"line":68,"column":12},"end":{"line":91,"column":13}},"20":{"start":{"line":72,"column":14},"end":{"line":75,"column":16}},"21":{"start":{"line":78,"column":14},"end":{"line":80,"column":15}},"22":{"start":{"line":79,"column":16},"end":{"line":79,"column":46}},"23":{"start":{"line":85,"column":14},"end":{"line":85,"column":64}},"24":{"start":{"line":88,"column":14},"end":{"line":90,"column":15}},"25":{"start":{"line":89,"column":16},"end":{"line":89,"column":47}},"26":{"start":{"line":97,"column":6},"end":{"line":97,"column":72}},"27":{"start":{"line":103,"column":2},"end":{"line":126,"column":7}},"28":{"start":{"line":106,"column":26},"end":{"line":106,"column":62}},"29":{"start":{"line":107,"column":6},"end":{"line":120,"column":7}},"30":{"start":{"line":112,"column":8},"end":{"line":116,"column":11}},"31":{"start":{"line":113,"column":10},"end":{"line":115,"column":13}},"32":{"start":{"line":114,"column":12},"end":{"line":114,"column":37}},"33":{"start":{"line":119,"column":8},"end":{"line":119,"column":39}},"34":{"start":{"line":123,"column":6},"end":{"line":125,"column":8}},"35":{"start":{"line":130,"column":2},"end":{"line":134,"column":3}},"36":{"start":{"line":131,"column":4},"end":{"line":133,"column":7}},"37":{"start":{"line":132,"column":6},"end":{"line":132,"column":32}}},"fnMap":{"0":{"name":"register","decl":{"start":{"line":23,"column":16},"end":{"line":23,"column":24}},"loc":{"start":{"line":23,"column":33},"end":{"line":55,"column":1}},"line":23},"1":{"name":"(anonymous_1)","decl":{"start":{"line":34,"column":36},"end":{"line":34,"column":37}},"loc":{"start":{"line":34,"column":42},"end":{"line":53,"column":5}},"line":34},"2":{"name":"(anonymous_2)","decl":{"start":{"line":43,"column":43},"end":{"line":43,"column":44}},"loc":{"start":{"line":43,"column":49},"end":{"line":48,"column":9}},"line":43},"3":{"name":"registerValidSW","decl":{"start":{"line":57,"column":9},"end":{"line":57,"column":24}},"loc":{"start":{"line":57,"column":40},"end":{"line":99,"column":1}},"line":57},"4":{"name":"(anonymous_4)","decl":{"start":{"line":60,"column":10},"end":{"line":60,"column":11}},"loc":{"start":{"line":60,"column":26},"end":{"line":95,"column":5}},"line":60},"5":{"name":"(anonymous_5)","decl":{"start":{"line":61,"column":35},"end":{"line":61,"column":36}},"loc":{"start":{"line":61,"column":41},"end":{"line":94,"column":7}},"line":61},"6":{"name":"(anonymous_6)","decl":{"start":{"line":66,"column":41},"end":{"line":66,"column":42}},"loc":{"start":{"line":66,"column":47},"end":{"line":93,"column":9}},"line":66},"7":{"name":"(anonymous_7)","decl":{"start":{"line":96,"column":11},"end":{"line":96,"column":12}},"loc":{"start":{"line":96,"column":20},"end":{"line":98,"column":5}},"line":96},"8":{"name":"checkValidServiceWorker","decl":{"start":{"line":101,"column":9},"end":{"line":101,"column":32}},"loc":{"start":{"line":101,"column":48},"end":{"line":127,"column":1}},"line":101},"9":{"name":"(anonymous_9)","decl":{"start":{"line":104,"column":10},"end":{"line":104,"column":11}},"loc":{"start":{"line":104,"column":22},"end":{"line":121,"column":5}},"line":104},"10":{"name":"(anonymous_10)","decl":{"start":{"line":112,"column":43},"end":{"line":112,"column":44}},"loc":{"start":{"line":112,"column":59},"end":{"line":116,"column":9}},"line":112},"11":{"name":"(anonymous_11)","decl":{"start":{"line":113,"column":41},"end":{"line":113,"column":42}},"loc":{"start":{"line":113,"column":47},"end":{"line":115,"column":11}},"line":113},"12":{"name":"(anonymous_12)","decl":{"start":{"line":122,"column":11},"end":{"line":122,"column":12}},"loc":{"start":{"line":122,"column":17},"end":{"line":126,"column":5}},"line":122},"13":{"name":"unregister","decl":{"start":{"line":129,"column":16},"end":{"line":129,"column":26}},"loc":{"start":{"line":129,"column":29},"end":{"line":135,"column":1}},"line":129},"14":{"name":"(anonymous_14)","decl":{"start":{"line":131,"column":39},"end":{"line":131,"column":40}},"loc":{"start":{"line":131,"column":55},"end":{"line":133,"column":5}},"line":131}},"branchMap":{"0":{"loc":{"start":{"line":14,"column":2},"end":{"line":20,"column":5}},"type":"binary-expr","locations":[{"start":{"line":14,"column":2},"end":{"line":14,"column":42}},{"start":{"line":16,"column":4},"end":{"line":16,"column":40}},{"start":{"line":18,"column":4},"end":{"line":20,"column":5}}],"line":14},"1":{"loc":{"start":{"line":24,"column":2},"end":{"line":54,"column":3}},"type":"if","locations":[{"start":{"line":24,"column":2},"end":{"line":54,"column":3}},{"start":{"line":24,"column":2},"end":{"line":54,"column":3}}],"line":24},"2":{"loc":{"start":{"line":24,"column":6},"end":{"line":24,"column":75}},"type":"binary-expr","locations":[{"start":{"line":24,"column":6},"end":{"line":24,"column":43}},{"start":{"line":24,"column":47},"end":{"line":24,"column":75}}],"line":24},"3":{"loc":{"start":{"line":27,"column":4},"end":{"line":32,"column":5}},"type":"if","locations":[{"start":{"line":27,"column":4},"end":{"line":32,"column":5}},{"start":{"line":27,"column":4},"end":{"line":32,"column":5}}],"line":27},"4":{"loc":{"start":{"line":37,"column":6},"end":{"line":52,"column":7}},"type":"if","locations":[{"start":{"line":37,"column":6},"end":{"line":52,"column":7}},{"start":{"line":37,"column":6},"end":{"line":52,"column":7}}],"line":37},"5":{"loc":{"start":{"line":63,"column":8},"end":{"line":65,"column":9}},"type":"if","locations":[{"start":{"line":63,"column":8},"end":{"line":65,"column":9}},{"start":{"line":63,"column":8},"end":{"line":65,"column":9}}],"line":63},"6":{"loc":{"start":{"line":67,"column":10},"end":{"line":92,"column":11}},"type":"if","locations":[{"start":{"line":67,"column":10},"end":{"line":92,"column":11}},{"start":{"line":67,"column":10},"end":{"line":92,"column":11}}],"line":67},"7":{"loc":{"start":{"line":68,"column":12},"end":{"line":91,"column":13}},"type":"if","locations":[{"start":{"line":68,"column":12},"end":{"line":91,"column":13}},{"start":{"line":68,"column":12},"end":{"line":91,"column":13}}],"line":68},"8":{"loc":{"start":{"line":78,"column":14},"end":{"line":80,"column":15}},"type":"if","locations":[{"start":{"line":78,"column":14},"end":{"line":80,"column":15}},{"start":{"line":78,"column":14},"end":{"line":80,"column":15}}],"line":78},"9":{"loc":{"start":{"line":78,"column":18},"end":{"line":78,"column":43}},"type":"binary-expr","locations":[{"start":{"line":78,"column":18},"end":{"line":78,"column":24}},{"start":{"line":78,"column":28},"end":{"line":78,"column":43}}],"line":78},"10":{"loc":{"start":{"line":88,"column":14},"end":{"line":90,"column":15}},"type":"if","locations":[{"start":{"line":88,"column":14},"end":{"line":90,"column":15}},{"start":{"line":88,"column":14},"end":{"line":90,"column":15}}],"line":88},"11":{"loc":{"start":{"line":88,"column":18},"end":{"line":88,"column":44}},"type":"binary-expr","locations":[{"start":{"line":88,"column":18},"end":{"line":88,"column":24}},{"start":{"line":88,"column":28},"end":{"line":88,"column":44}}],"line":88},"12":{"loc":{"start":{"line":107,"column":6},"end":{"line":120,"column":7}},"type":"if","locations":[{"start":{"line":107,"column":6},"end":{"line":120,"column":7}},{"start":{"line":107,"column":6},"end":{"line":120,"column":7}}],"line":107},"13":{"loc":{"start":{"line":108,"column":8},"end":{"line":109,"column":73}},"type":"binary-expr","locations":[{"start":{"line":108,"column":8},"end":{"line":108,"column":31}},{"start":{"line":109,"column":9},"end":{"line":109,"column":28}},{"start":{"line":109,"column":32},"end":{"line":109,"column":72}}],"line":108},"14":{"loc":{"start":{"line":130,"column":2},"end":{"line":134,"column":3}},"type":"if","locations":[{"start":{"line":130,"column":2},"end":{"line":134,"column":3}},{"start":{"line":130,"column":2},"end":{"line":134,"column":3}}],"line":130}},"s":{"0":0,"1":0,"2":0,"3":0,"4":0,"5":0,"6":0,"7":0,"8":0,"9":0,"10":0,"11":0,"12":0,"13":0,"14":0,"15":0,"16":0,"17":0,"18":0,"19":0,"20":0,"21":0,"22":0,"23":0,"24":0,"25":0,"26":0,"27":0,"28":0,"29":0,"30":0,"31":0,"32":0,"33":0,"34":0,"35":0,"36":0,"37":0},"f":{"0":0,"1":0,"2":0,"3":0,"4":0,"5":0,"6":0,"7":0,"8":0,"9":0,"10":0,"11":0,"12":0,"13":0,"14":0},"b":{"0":[0,0,0],"1":[0,0],"2":[0,0],"3":[0,0],"4":[0,0],"5":[0,0],"6":[0,0],"7":[0,0],"8":[0,0],"9":[0,0],"10":[0,0],"11":[0,0],"12":[0,0],"13":[0,0,0],"14":[0,0]},"hash":"890d927421ed60fbed6cb3398bf7bd2a68914cce"}
,"/Users/diehernandez/Workspace/gps-front/client/src/withAuth.js": {"path":"/Users/diehernandez/Workspace/gps-front/client/src/withAuth.js","statementMap":{"0":{"start":{"line":6,"column":17},"end":{"line":34,"column":1}},"1":{"start":{"line":10,"column":6},"end":{"line":10,"column":18}},"2":{"start":{"line":11,"column":6},"end":{"line":11,"column":58}},"3":{"start":{"line":15,"column":6},"end":{"line":15,"column":96}},"4":{"start":{"line":20,"column":6},"end":{"line":22,"column":7}},"5":{"start":{"line":21,"column":8},"end":{"line":21,"column":51}},"6":{"start":{"line":24,"column":6},"end":{"line":24,"column":75}},"7":{"start":{"line":25,"column":6},"end":{"line":25,"column":38}},"8":{"start":{"line":29,"column":26},"end":{"line":31,"column":3}},"9":{"start":{"line":30,"column":4},"end":{"line":30,"column":40}},"10":{"start":{"line":33,"column":2},"end":{"line":33,"column":45}}},"fnMap":{"0":{"name":"(anonymous_0)","decl":{"start":{"line":6,"column":17},"end":{"line":6,"column":18}},"loc":{"start":{"line":6,"column":46},"end":{"line":34,"column":1}},"line":6},"1":{"name":"(anonymous_1)","decl":{"start":{"line":9,"column":4},"end":{"line":9,"column":5}},"loc":{"start":{"line":9,"column":23},"end":{"line":12,"column":5}},"line":9},"2":{"name":"(anonymous_2)","decl":{"start":{"line":14,"column":4},"end":{"line":14,"column":5}},"loc":{"start":{"line":14,"column":21},"end":{"line":16,"column":5}},"line":14},"3":{"name":"(anonymous_3)","decl":{"start":{"line":18,"column":4},"end":{"line":18,"column":5}},"loc":{"start":{"line":18,"column":13},"end":{"line":26,"column":5}},"line":18},"4":{"name":"(anonymous_4)","decl":{"start":{"line":29,"column":26},"end":{"line":29,"column":27}},"loc":{"start":{"line":29,"column":35},"end":{"line":31,"column":3}},"line":29}},"branchMap":{"0":{"loc":{"start":{"line":15,"column":13},"end":{"line":15,"column":95}},"type":"binary-expr","locations":[{"start":{"line":15,"column":13},"end":{"line":15,"column":40}},{"start":{"line":15,"column":44},"end":{"line":15,"column":95}}],"line":15},"1":{"loc":{"start":{"line":20,"column":6},"end":{"line":22,"column":7}},"type":"if","locations":[{"start":{"line":20,"column":6},"end":{"line":22,"column":7}},{"start":{"line":20,"column":6},"end":{"line":22,"column":7}}],"line":20},"2":{"loc":{"start":{"line":20,"column":10},"end":{"line":20,"column":49}},"type":"binary-expr","locations":[{"start":{"line":20,"column":10},"end":{"line":20,"column":24}},{"start":{"line":20,"column":28},"end":{"line":20,"column":49}}],"line":20}},"s":{"0":2,"1":6,"2":6,"3":2,"4":6,"5":5,"6":1,"7":1,"8":29,"9":6,"10":29},"f":{"0":29,"1":6,"2":2,"3":6,"4":6},"b":{"0":[2,1],"1":[5,1],"2":[6,2]},"_coverageSchema":"43e27e138ebf9cfc5966b082cf9a028302ed4184","hash":"37fe1c4532ea7fdfcc8db76d9d2e8dac709ca74e"}
,"/Users/diehernandez/Workspace/gps-front/client/src/api/services/alertsService.js": {"path":"/Users/diehernandez/Workspace/gps-front/client/src/api/services/alertsService.js","statementMap":{"0":{"start":{"line":3,"column":19},"end":{"line":3,"column":36}},"1":{"start":{"line":9,"column":21},"end":{"line":9,"column":25}},"2":{"start":{"line":10,"column":24},"end":{"line":10,"column":28}},"3":{"start":{"line":12,"column":4},"end":{"line":23,"column":6}},"4":{"start":{"line":13,"column":6},"end":{"line":22,"column":7}},"5":{"start":{"line":15,"column":10},"end":{"line":15,"column":29}},"6":{"start":{"line":16,"column":10},"end":{"line":16,"column":16}},"7":{"start":{"line":18,"column":10},"end":{"line":18,"column":32}},"8":{"start":{"line":19,"column":10},"end":{"line":19,"column":16}},"9":{"start":{"line":21,"column":10},"end":{"line":21,"column":53}},"10":{"start":{"line":25,"column":18},"end":{"line":29,"column":5}},"11":{"start":{"line":31,"column":4},"end":{"line":31,"column":12}},"12":{"start":{"line":32,"column":4},"end":{"line":35,"column":5}},"13":{"start":{"line":33,"column":6},"end":{"line":33,"column":86}},"14":{"start":{"line":34,"column":6},"end":{"line":34,"column":16}},"15":{"start":{"line":37,"column":4},"end":{"line":37,"column":16}}},"fnMap":{"0":{"name":"(anonymous_0)","decl":{"start":{"line":7,"column":2},"end":{"line":7,"column":3}},"loc":{"start":{"line":7,"column":36},"end":{"line":38,"column":3}},"line":7},"1":{"name":"(anonymous_1)","decl":{"start":{"line":12,"column":35},"end":{"line":12,"column":36}},"loc":{"start":{"line":12,"column":54},"end":{"line":23,"column":5}},"line":12}},"branchMap":{"0":{"loc":{"start":{"line":13,"column":6},"end":{"line":22,"column":7}},"type":"switch","locations":[{"start":{"line":14,"column":8},"end":{"line":16,"column":16}},{"start":{"line":17,"column":8},"end":{"line":19,"column":16}},{"start":{"line":20,"column":8},"end":{"line":21,"column":53}}],"line":13},"1":{"loc":{"start":{"line":32,"column":4},"end":{"line":35,"column":5}},"type":"if","locations":[{"start":{"line":32,"column":4},"end":{"line":35,"column":5}},{"start":{"line":32,"column":4},"end":{"line":35,"column":5}}],"line":32}},"s":{"0":14,"1":3,"2":3,"3":3,"4":6,"5":3,"6":3,"7":3,"8":3,"9":0,"10":3,"11":2,"12":2,"13":1,"14":1,"15":1},"f":{"0":3,"1":6},"b":{"0":[3,3,0],"1":[1,1]},"_coverageSchema":"43e27e138ebf9cfc5966b082cf9a028302ed4184","hash":"6de39bca8b786ca8dd72e555bd0cdbb71260acf3"}
,"/Users/diehernandez/Workspace/gps-front/client/src/api/services/authService.js": {"path":"/Users/diehernandez/Workspace/gps-front/client/src/api/services/authService.js","statementMap":{"0":{"start":{"line":5,"column":19},"end":{"line":5,"column":36}},"1":{"start":{"line":11,"column":28},"end":{"line":11,"column":95}},"2":{"start":{"line":12,"column":4},"end":{"line":15,"column":5}},"3":{"start":{"line":13,"column":6},"end":{"line":13,"column":85}},"4":{"start":{"line":14,"column":6},"end":{"line":14,"column":16}},"5":{"start":{"line":17,"column":4},"end":{"line":17,"column":91}},"6":{"start":{"line":18,"column":4},"end":{"line":18,"column":59}},"7":{"start":{"line":23,"column":18},"end":{"line":23,"column":60}},"8":{"start":{"line":24,"column":4},"end":{"line":27,"column":5}},"9":{"start":{"line":25,"column":6},"end":{"line":25,"column":86}},"10":{"start":{"line":26,"column":6},"end":{"line":26,"column":16}},"11":{"start":{"line":29,"column":4},"end":{"line":29,"column":45}},"12":{"start":{"line":33,"column":4},"end":{"line":33,"column":73}}},"fnMap":{"0":{"name":"(anonymous_0)","decl":{"start":{"line":9,"column":2},"end":{"line":9,"column":3}},"loc":{"start":{"line":9,"column":38},"end":{"line":19,"column":3}},"line":9},"1":{"name":"(anonymous_1)","decl":{"start":{"line":21,"column":2},"end":{"line":21,"column":3}},"loc":{"start":{"line":21,"column":34},"end":{"line":30,"column":3}},"line":21},"2":{"name":"(anonymous_2)","decl":{"start":{"line":32,"column":2},"end":{"line":32,"column":3}},"loc":{"start":{"line":32,"column":18},"end":{"line":34,"column":3}},"line":32}},"branchMap":{"0":{"loc":{"start":{"line":12,"column":4},"end":{"line":15,"column":5}},"type":"if","locations":[{"start":{"line":12,"column":4},"end":{"line":15,"column":5}},{"start":{"line":12,"column":4},"end":{"line":15,"column":5}}],"line":12},"1":{"loc":{"start":{"line":24,"column":4},"end":{"line":27,"column":5}},"type":"if","locations":[{"start":{"line":24,"column":4},"end":{"line":27,"column":5}},{"start":{"line":24,"column":4},"end":{"line":27,"column":5}}],"line":24}},"s":{"0":14,"1":2,"2":2,"3":1,"4":1,"5":1,"6":1,"7":2,"8":2,"9":1,"10":1,"11":1,"12":0},"f":{"0":2,"1":2,"2":0},"b":{"0":[1,1],"1":[1,1]},"_coverageSchema":"43e27e138ebf9cfc5966b082cf9a028302ed4184","hash":"fcc5ac78be100f24bcc5a2c6ecb7cebb901972dc"}
,"/Users/diehernandez/Workspace/gps-front/client/src/api/services/baseService.js": {"path":"/Users/diehernandez/Workspace/gps-front/client/src/api/services/baseService.js","statementMap":{"0":{"start":{"line":5,"column":4},"end":{"line":8,"column":7}},"1":{"start":{"line":12,"column":4},"end":{"line":12,"column":64}},"2":{"start":{"line":16,"column":4},"end":{"line":16,"column":71}},"3":{"start":{"line":20,"column":4},"end":{"line":20,"column":70}},"4":{"start":{"line":24,"column":4},"end":{"line":24,"column":67}},"5":{"start":{"line":29,"column":2},"end":{"line":40,"column":3}},"6":{"start":{"line":30,"column":4},"end":{"line":30,"column":30}},"7":{"start":{"line":30,"column":18},"end":{"line":30,"column":30}},"8":{"start":{"line":31,"column":4},"end":{"line":31,"column":66}},"9":{"start":{"line":32,"column":4},"end":{"line":37,"column":7}},"10":{"start":{"line":39,"column":4},"end":{"line":39,"column":37}},"11":{"start":{"line":44,"column":2},"end":{"line":67,"column":3}},"12":{"start":{"line":45,"column":20},"end":{"line":48,"column":5}},"13":{"start":{"line":49,"column":21},"end":{"line":52,"column":5}},"14":{"start":{"line":53,"column":4},"end":{"line":53,"column":145}},"15":{"start":{"line":54,"column":4},"end":{"line":54,"column":93}},"16":{"start":{"line":56,"column":7},"end":{"line":67,"column":3}},"17":{"start":{"line":57,"column":20},"end":{"line":60,"column":5}},"18":{"start":{"line":61,"column":4},"end":{"line":61,"column":120}},"19":{"start":{"line":62,"column":4},"end":{"line":62,"column":59}},"20":{"start":{"line":65,"column":4},"end":{"line":65,"column":75}},"21":{"start":{"line":66,"column":4},"end":{"line":66,"column":59}},"22":{"start":{"line":72,"column":4},"end":{"line":72,"column":25}},"23":{"start":{"line":73,"column":4},"end":{"line":73,"column":27}},"24":{"start":{"line":74,"column":4},"end":{"line":74,"column":31}}},"fnMap":{"0":{"name":"(anonymous_0)","decl":{"start":{"line":4,"column":2},"end":{"line":4,"column":3}},"loc":{"start":{"line":4,"column":16},"end":{"line":9,"column":3}},"line":4},"1":{"name":"(anonymous_1)","decl":{"start":{"line":11,"column":2},"end":{"line":11,"column":3}},"loc":{"start":{"line":11,"column":26},"end":{"line":13,"column":3}},"line":11},"2":{"name":"(anonymous_2)","decl":{"start":{"line":15,"column":2},"end":{"line":15,"column":3}},"loc":{"start":{"line":15,"column":33},"end":{"line":17,"column":3}},"line":15},"3":{"name":"(anonymous_3)","decl":{"start":{"line":19,"column":2},"end":{"line":19,"column":3}},"loc":{"start":{"line":19,"column":32},"end":{"line":21,"column":3}},"line":19},"4":{"name":"(anonymous_4)","decl":{"start":{"line":23,"column":2},"end":{"line":23,"column":3}},"loc":{"start":{"line":23,"column":29},"end":{"line":25,"column":3}},"line":23},"5":{"name":"_execute","decl":{"start":{"line":28,"column":15},"end":{"line":28,"column":23}},"loc":{"start":{"line":28,"column":64},"end":{"line":41,"column":1}},"line":28},"6":{"name":"_parseErrorResponse","decl":{"start":{"line":43,"column":9},"end":{"line":43,"column":28}},"loc":{"start":{"line":43,"column":36},"end":{"line":68,"column":1}},"line":43},"7":{"name":"(anonymous_7)","decl":{"start":{"line":71,"column":2},"end":{"line":71,"column":3}},"loc":{"start":{"line":71,"column":42},"end":{"line":75,"column":3}},"line":71}},"branchMap":{"0":{"loc":{"start":{"line":30,"column":4},"end":{"line":30,"column":30}},"type":"if","locations":[{"start":{"line":30,"column":4},"end":{"line":30,"column":30}},{"start":{"line":30,"column":4},"end":{"line":30,"column":30}}],"line":30},"1":{"loc":{"start":{"line":44,"column":2},"end":{"line":67,"column":3}},"type":"if","locations":[{"start":{"line":44,"column":2},"end":{"line":67,"column":3}},{"start":{"line":44,"column":2},"end":{"line":67,"column":3}}],"line":44},"2":{"loc":{"start":{"line":54,"column":21},"end":{"line":54,"column":43}},"type":"binary-expr","locations":[{"start":{"line":54,"column":21},"end":{"line":54,"column":36}},{"start":{"line":54,"column":40},"end":{"line":54,"column":43}}],"line":54},"3":{"loc":{"start":{"line":56,"column":7},"end":{"line":67,"column":3}},"type":"if","locations":[{"start":{"line":56,"column":7},"end":{"line":67,"column":3}},{"start":{"line":56,"column":7},"end":{"line":67,"column":3}}],"line":56}},"s":{"0":73,"1":4,"2":1,"3":3,"4":1,"5":9,"6":9,"7":9,"8":9,"9":9,"10":3,"11":3,"12":1,"13":1,"14":1,"15":1,"16":2,"17":1,"18":1,"19":1,"20":1,"21":1,"22":3,"23":3,"24":3},"f":{"0":73,"1":4,"2":1,"3":3,"4":1,"5":9,"6":3,"7":3},"b":{"0":[9,0],"1":[1,2],"2":[1,0],"3":[1,1]},"_coverageSchema":"43e27e138ebf9cfc5966b082cf9a028302ed4184","hash":"7d11b14c7a7409c1b4a7ad9a37ec64b2947af702"}
,"/Users/diehernandez/Workspace/gps-front/client/src/api/services/devicesService.js": {"path":"/Users/diehernandez/Workspace/gps-front/client/src/api/services/devicesService.js","statementMap":{"0":{"start":{"line":3,"column":19},"end":{"line":3,"column":36}},"1":{"start":{"line":8,"column":28},"end":{"line":8,"column":76}},"2":{"start":{"line":9,"column":4},"end":{"line":12,"column":5}},"3":{"start":{"line":10,"column":6},"end":{"line":10,"column":97}},"4":{"start":{"line":11,"column":6},"end":{"line":11,"column":16}},"5":{"start":{"line":14,"column":4},"end":{"line":14,"column":25}}},"fnMap":{"0":{"name":"(anonymous_0)","decl":{"start":{"line":7,"column":2},"end":{"line":7,"column":3}},"loc":{"start":{"line":7,"column":39},"end":{"line":15,"column":3}},"line":7}},"branchMap":{"0":{"loc":{"start":{"line":9,"column":4},"end":{"line":12,"column":5}},"type":"if","locations":[{"start":{"line":9,"column":4},"end":{"line":12,"column":5}},{"start":{"line":9,"column":4},"end":{"line":12,"column":5}}],"line":9}},"s":{"0":13,"1":2,"2":2,"3":1,"4":1,"5":1},"f":{"0":2},"b":{"0":[1,1]},"_coverageSchema":"43e27e138ebf9cfc5966b082cf9a028302ed4184","hash":"376e8c4eb23207a99c672e1a2184bf46c847700a"}
,"/Users/diehernandez/Workspace/gps-front/client/src/api/services/index.js": {"path":"/Users/diehernandez/Workspace/gps-front/client/src/api/services/index.js","statementMap":{},"fnMap":{},"branchMap":{},"s":{},"f":{},"b":{},"_coverageSchema":"43e27e138ebf9cfc5966b082cf9a028302ed4184","hash":"ca4e955cdf4f5a969b3ae680d58676761543d1bf"}
,"/Users/diehernandez/Workspace/gps-front/client/src/api/services/recoveryService.js": {"path":"/Users/diehernandez/Workspace/gps-front/client/src/api/services/recoveryService.js","statementMap":{"0":{"start":{"line":3,"column":19},"end":{"line":3,"column":36}},"1":{"start":{"line":8,"column":18},"end":{"line":8,"column":73}},"2":{"start":{"line":9,"column":4},"end":{"line":12,"column":5}},"3":{"start":{"line":10,"column":6},"end":{"line":10,"column":103}},"4":{"start":{"line":11,"column":6},"end":{"line":11,"column":16}},"5":{"start":{"line":16,"column":18},"end":{"line":16,"column":104}},"6":{"start":{"line":17,"column":4},"end":{"line":20,"column":5}},"7":{"start":{"line":18,"column":6},"end":{"line":18,"column":120}},"8":{"start":{"line":19,"column":6},"end":{"line":19,"column":16}},"9":{"start":{"line":24,"column":18},"end":{"line":24,"column":122}},"10":{"start":{"line":25,"column":4},"end":{"line":28,"column":5}},"11":{"start":{"line":26,"column":6},"end":{"line":26,"column":122}},"12":{"start":{"line":27,"column":6},"end":{"line":27,"column":16}}},"fnMap":{"0":{"name":"(anonymous_0)","decl":{"start":{"line":7,"column":2},"end":{"line":7,"column":3}},"loc":{"start":{"line":7,"column":36},"end":{"line":13,"column":3}},"line":7},"1":{"name":"(anonymous_1)","decl":{"start":{"line":15,"column":2},"end":{"line":15,"column":3}},"loc":{"start":{"line":15,"column":49},"end":{"line":21,"column":3}},"line":15},"2":{"name":"(anonymous_2)","decl":{"start":{"line":23,"column":2},"end":{"line":23,"column":3}},"loc":{"start":{"line":23,"column":54},"end":{"line":29,"column":3}},"line":23}},"branchMap":{"0":{"loc":{"start":{"line":9,"column":4},"end":{"line":12,"column":5}},"type":"if","locations":[{"start":{"line":9,"column":4},"end":{"line":12,"column":5}},{"start":{"line":9,"column":4},"end":{"line":12,"column":5}}],"line":9},"1":{"loc":{"start":{"line":17,"column":4},"end":{"line":20,"column":5}},"type":"if","locations":[{"start":{"line":17,"column":4},"end":{"line":20,"column":5}},{"start":{"line":17,"column":4},"end":{"line":20,"column":5}}],"line":17},"2":{"loc":{"start":{"line":25,"column":4},"end":{"line":28,"column":5}},"type":"if","locations":[{"start":{"line":25,"column":4},"end":{"line":28,"column":5}},{"start":{"line":25,"column":4},"end":{"line":28,"column":5}}],"line":25}},"s":{"0":12,"1":2,"2":2,"3":1,"4":1,"5":2,"6":2,"7":1,"8":1,"9":2,"10":2,"11":1,"12":1},"f":{"0":2,"1":2,"2":2},"b":{"0":[1,1],"1":[1,1],"2":[1,1]},"_coverageSchema":"43e27e138ebf9cfc5966b082cf9a028302ed4184","hash":"77fb0bbe0ddfb761d4c322aad3147bb5e09a6f06"}
,"/Users/diehernandez/Workspace/gps-front/client/src/api/services/rolesService.js": {"path":"/Users/diehernandez/Workspace/gps-front/client/src/api/services/rolesService.js","statementMap":{"0":{"start":{"line":3,"column":19},"end":{"line":3,"column":36}},"1":{"start":{"line":8,"column":28},"end":{"line":8,"column":62}},"2":{"start":{"line":9,"column":4},"end":{"line":12,"column":5}},"3":{"start":{"line":10,"column":6},"end":{"line":10,"column":95}},"4":{"start":{"line":11,"column":6},"end":{"line":11,"column":16}},"5":{"start":{"line":14,"column":4},"end":{"line":14,"column":25}}},"fnMap":{"0":{"name":"(anonymous_0)","decl":{"start":{"line":7,"column":2},"end":{"line":7,"column":3}},"loc":{"start":{"line":7,"column":26},"end":{"line":15,"column":3}},"line":7}},"branchMap":{"0":{"loc":{"start":{"line":9,"column":4},"end":{"line":12,"column":5}},"type":"if","locations":[{"start":{"line":9,"column":4},"end":{"line":12,"column":5}},{"start":{"line":9,"column":4},"end":{"line":12,"column":5}}],"line":9}},"s":{"0":13,"1":2,"2":2,"3":1,"4":1,"5":1},"f":{"0":2},"b":{"0":[1,1]},"_coverageSchema":"43e27e138ebf9cfc5966b082cf9a028302ed4184","hash":"35fbd3c4142c3ccbc0420c11f82f59b2ed58cc47"}
,"/Users/diehernandez/Workspace/gps-front/client/src/api/services/usersService.js": {"path":"/Users/diehernandez/Workspace/gps-front/client/src/api/services/usersService.js","statementMap":{"0":{"start":{"line":3,"column":19},"end":{"line":3,"column":36}},"1":{"start":{"line":8,"column":28},"end":{"line":8,"column":75}},"2":{"start":{"line":9,"column":4},"end":{"line":12,"column":5}},"3":{"start":{"line":10,"column":6},"end":{"line":10,"column":84}},"4":{"start":{"line":11,"column":6},"end":{"line":11,"column":16}},"5":{"start":{"line":14,"column":4},"end":{"line":14,"column":25}},"6":{"start":{"line":19,"column":28},"end":{"line":19,"column":77}},"7":{"start":{"line":20,"column":4},"end":{"line":23,"column":5}},"8":{"start":{"line":21,"column":6},"end":{"line":21,"column":92}},"9":{"start":{"line":22,"column":6},"end":{"line":22,"column":16}},"10":{"start":{"line":25,"column":4},"end":{"line":25,"column":25}}},"fnMap":{"0":{"name":"(anonymous_0)","decl":{"start":{"line":7,"column":2},"end":{"line":7,"column":3}},"loc":{"start":{"line":7,"column":32},"end":{"line":15,"column":3}},"line":7},"1":{"name":"(anonymous_1)","decl":{"start":{"line":17,"column":2},"end":{"line":17,"column":3}},"loc":{"start":{"line":17,"column":37},"end":{"line":26,"column":3}},"line":17}},"branchMap":{"0":{"loc":{"start":{"line":9,"column":4},"end":{"line":12,"column":5}},"type":"if","locations":[{"start":{"line":9,"column":4},"end":{"line":12,"column":5}},{"start":{"line":9,"column":4},"end":{"line":12,"column":5}}],"line":9},"1":{"loc":{"start":{"line":20,"column":4},"end":{"line":23,"column":5}},"type":"if","locations":[{"start":{"line":20,"column":4},"end":{"line":23,"column":5}},{"start":{"line":20,"column":4},"end":{"line":23,"column":5}}],"line":20}},"s":{"0":11,"1":2,"2":2,"3":1,"4":1,"5":1,"6":2,"7":2,"8":1,"9":1,"10":1},"f":{"0":2,"1":2},"b":{"0":[1,1],"1":[1,1]},"_coverageSchema":"43e27e138ebf9cfc5966b082cf9a028302ed4184","hash":"2197a2aee88aee4cf21dddba3b1d7f7aa0467d0f"}
,"/Users/diehernandez/Workspace/gps-front/client/src/api/services/vehiclesService.js": {"path":"/Users/diehernandez/Workspace/gps-front/client/src/api/services/vehiclesService.js","statementMap":{"0":{"start":{"line":4,"column":19},"end":{"line":4,"column":36}},"1":{"start":{"line":9,"column":28},"end":{"line":9,"column":90}},"2":{"start":{"line":10,"column":4},"end":{"line":13,"column":5}},"3":{"start":{"line":11,"column":6},"end":{"line":11,"column":111}},"4":{"start":{"line":12,"column":6},"end":{"line":12,"column":16}},"5":{"start":{"line":15,"column":4},"end":{"line":30,"column":5}},"6":{"start":{"line":17,"column":20},"end":{"line":21,"column":7}},"7":{"start":{"line":19,"column":29},"end":{"line":19,"column":56}},"8":{"start":{"line":20,"column":26},"end":{"line":20,"column":73}},"9":{"start":{"line":23,"column":6},"end":{"line":28,"column":11}},"10":{"start":{"line":24,"column":27},"end":{"line":24,"column":54}},"11":{"start":{"line":26,"column":10},"end":{"line":26,"column":82}},"12":{"start":{"line":26,"column":50},"end":{"line":26,"column":80}},"13":{"start":{"line":27,"column":10},"end":{"line":27,"column":34}},"14":{"start":{"line":32,"column":4},"end":{"line":32,"column":25}},"15":{"start":{"line":36,"column":28},"end":{"line":36,"column":81}},"16":{"start":{"line":37,"column":4},"end":{"line":40,"column":5}},"17":{"start":{"line":38,"column":6},"end":{"line":38,"column":91}},"18":{"start":{"line":39,"column":6},"end":{"line":39,"column":16}},"19":{"start":{"line":42,"column":4},"end":{"line":42,"column":25}},"20":{"start":{"line":46,"column":28},"end":{"line":46,"column":87}},"21":{"start":{"line":47,"column":4},"end":{"line":50,"column":5}},"22":{"start":{"line":48,"column":6},"end":{"line":48,"column":122}},"23":{"start":{"line":49,"column":6},"end":{"line":49,"column":16}},"24":{"start":{"line":52,"column":4},"end":{"line":52,"column":25}},"25":{"start":{"line":56,"column":30},"end":{"line":56,"column":95}},"26":{"start":{"line":58,"column":4},"end":{"line":61,"column":5}},"27":{"start":{"line":59,"column":6},"end":{"line":59,"column":146}},"28":{"start":{"line":60,"column":6},"end":{"line":60,"column":76}},"29":{"start":{"line":63,"column":4},"end":{"line":66,"column":5}},"30":{"start":{"line":64,"column":6},"end":{"line":64,"column":147}},"31":{"start":{"line":65,"column":6},"end":{"line":65,"column":66}},"32":{"start":{"line":68,"column":4},"end":{"line":74,"column":5}},"33":{"start":{"line":69,"column":6},"end":{"line":69,"column":91}},"34":{"start":{"line":70,"column":6},"end":{"line":70,"column":94}},"35":{"start":{"line":72,"column":6},"end":{"line":72,"column":122}},"36":{"start":{"line":73,"column":6},"end":{"line":73,"column":16}},"37":{"start":{"line":76,"column":4},"end":{"line":76,"column":36}},"38":{"start":{"line":77,"column":4},"end":{"line":77,"column":41}},"39":{"start":{"line":79,"column":20},"end":{"line":79,"column":40}},"40":{"start":{"line":80,"column":4},"end":{"line":87,"column":6}},"41":{"start":{"line":80,"column":49},"end":{"line":80,"column":80}},"42":{"start":{"line":81,"column":6},"end":{"line":81,"column":77}},"43":{"start":{"line":81,"column":41},"end":{"line":81,"column":75}},"44":{"start":{"line":82,"column":6},"end":{"line":82,"column":70}},"45":{"start":{"line":82,"column":38},"end":{"line":82,"column":68}},"46":{"start":{"line":83,"column":6},"end":{"line":83,"column":59}},"47":{"start":{"line":83,"column":28},"end":{"line":83,"column":57}},"48":{"start":{"line":84,"column":6},"end":{"line":84,"column":61}},"49":{"start":{"line":84,"column":29},"end":{"line":84,"column":59}},"50":{"start":{"line":85,"column":6},"end":{"line":85,"column":79}},"51":{"start":{"line":85,"column":42},"end":{"line":85,"column":77}},"52":{"start":{"line":86,"column":6},"end":{"line":86,"column":78}},"53":{"start":{"line":86,"column":43},"end":{"line":86,"column":76}},"54":{"start":{"line":89,"column":28},"end":{"line":89,"column":63}},"55":{"start":{"line":90,"column":4},"end":{"line":93,"column":5}},"56":{"start":{"line":91,"column":6},"end":{"line":91,"column":138}},"57":{"start":{"line":92,"column":6},"end":{"line":92,"column":16}},"58":{"start":{"line":95,"column":4},"end":{"line":95,"column":25}},"59":{"start":{"line":99,"column":28},"end":{"line":99,"column":91}},"60":{"start":{"line":100,"column":4},"end":{"line":103,"column":5}},"61":{"start":{"line":101,"column":6},"end":{"line":101,"column":117}},"62":{"start":{"line":102,"column":6},"end":{"line":102,"column":16}},"63":{"start":{"line":105,"column":4},"end":{"line":105,"column":25}},"64":{"start":{"line":109,"column":28},"end":{"line":109,"column":94}},"65":{"start":{"line":110,"column":4},"end":{"line":113,"column":5}},"66":{"start":{"line":111,"column":6},"end":{"line":111,"column":120}},"67":{"start":{"line":112,"column":6},"end":{"line":112,"column":16}},"68":{"start":{"line":115,"column":4},"end":{"line":115,"column":25}},"69":{"start":{"line":119,"column":26},"end":{"line":121,"column":5}},"70":{"start":{"line":122,"column":4},"end":{"line":125,"column":5}},"71":{"start":{"line":123,"column":6},"end":{"line":123,"column":112}},"72":{"start":{"line":124,"column":6},"end":{"line":124,"column":16}},"73":{"start":{"line":127,"column":30},"end":{"line":127,"column":36}},"74":{"start":{"line":129,"column":4},"end":{"line":129,"column":30}},"75":{"start":{"line":134,"column":28},"end":{"line":134,"column":122}},"76":{"start":{"line":135,"column":4},"end":{"line":138,"column":5}},"77":{"start":{"line":136,"column":6},"end":{"line":136,"column":102}},"78":{"start":{"line":137,"column":6},"end":{"line":137,"column":16}},"79":{"start":{"line":140,"column":27},"end":{"line":140,"column":90}},"80":{"start":{"line":141,"column":4},"end":{"line":144,"column":5}},"81":{"start":{"line":142,"column":6},"end":{"line":142,"column":157}},"82":{"start":{"line":143,"column":6},"end":{"line":143,"column":17}},"83":{"start":{"line":146,"column":4},"end":{"line":146,"column":35}},"84":{"start":{"line":147,"column":4},"end":{"line":147,"column":34}},"85":{"start":{"line":149,"column":4},"end":{"line":149,"column":25}},"86":{"start":{"line":153,"column":28},"end":{"line":153,"column":81}},"87":{"start":{"line":154,"column":4},"end":{"line":157,"column":5}},"88":{"start":{"line":155,"column":6},"end":{"line":155,"column":100}},"89":{"start":{"line":156,"column":6},"end":{"line":156,"column":16}},"90":{"start":{"line":159,"column":4},"end":{"line":159,"column":25}},"91":{"start":{"line":163,"column":28},"end":{"line":163,"column":72}},"92":{"start":{"line":164,"column":4},"end":{"line":167,"column":5}},"93":{"start":{"line":165,"column":6},"end":{"line":165,"column":90}},"94":{"start":{"line":166,"column":6},"end":{"line":166,"column":16}},"95":{"start":{"line":169,"column":4},"end":{"line":169,"column":25}},"96":{"start":{"line":173,"column":28},"end":{"line":173,"column":95}},"97":{"start":{"line":174,"column":4},"end":{"line":177,"column":5}},"98":{"start":{"line":175,"column":6},"end":{"line":175,"column":112}},"99":{"start":{"line":176,"column":6},"end":{"line":176,"column":16}},"100":{"start":{"line":179,"column":4},"end":{"line":179,"column":25}}},"fnMap":{"0":{"name":"(anonymous_0)","decl":{"start":{"line":8,"column":2},"end":{"line":8,"column":3}},"loc":{"start":{"line":8,"column":38},"end":{"line":33,"column":3}},"line":8},"1":{"name":"(anonymous_1)","decl":{"start":{"line":19,"column":18},"end":{"line":19,"column":19}},"loc":{"start":{"line":19,"column":29},"end":{"line":19,"column":56}},"line":19},"2":{"name":"(anonymous_2)","decl":{"start":{"line":20,"column":15},"end":{"line":20,"column":16}},"loc":{"start":{"line":20,"column":26},"end":{"line":20,"column":73}},"line":20},"3":{"name":"(anonymous_3)","decl":{"start":{"line":24,"column":16},"end":{"line":24,"column":17}},"loc":{"start":{"line":24,"column":27},"end":{"line":24,"column":54}},"line":24},"4":{"name":"(anonymous_4)","decl":{"start":{"line":25,"column":17},"end":{"line":25,"column":18}},"loc":{"start":{"line":25,"column":28},"end":{"line":28,"column":9}},"line":25},"5":{"name":"(anonymous_5)","decl":{"start":{"line":26,"column":40},"end":{"line":26,"column":41}},"loc":{"start":{"line":26,"column":50},"end":{"line":26,"column":80}},"line":26},"6":{"name":"(anonymous_6)","decl":{"start":{"line":35,"column":2},"end":{"line":35,"column":3}},"loc":{"start":{"line":35,"column":38},"end":{"line":43,"column":3}},"line":35},"7":{"name":"(anonymous_7)","decl":{"start":{"line":45,"column":2},"end":{"line":45,"column":3}},"loc":{"start":{"line":45,"column":45},"end":{"line":53,"column":3}},"line":45},"8":{"name":"(anonymous_8)","decl":{"start":{"line":55,"column":2},"end":{"line":55,"column":3}},"loc":{"start":{"line":55,"column":40},"end":{"line":96,"column":3}},"line":55},"9":{"name":"(anonymous_9)","decl":{"start":{"line":80,"column":35},"end":{"line":80,"column":36}},"loc":{"start":{"line":80,"column":49},"end":{"line":80,"column":80}},"line":80},"10":{"name":"(anonymous_10)","decl":{"start":{"line":80,"column":90},"end":{"line":80,"column":91}},"loc":{"start":{"line":80,"column":108},"end":{"line":87,"column":5}},"line":80},"11":{"name":"(anonymous_11)","decl":{"start":{"line":98,"column":2},"end":{"line":98,"column":3}},"loc":{"start":{"line":98,"column":47},"end":{"line":106,"column":3}},"line":98},"12":{"name":"(anonymous_12)","decl":{"start":{"line":108,"column":2},"end":{"line":108,"column":3}},"loc":{"start":{"line":108,"column":50},"end":{"line":116,"column":3}},"line":108},"13":{"name":"(anonymous_13)","decl":{"start":{"line":118,"column":2},"end":{"line":118,"column":3}},"loc":{"start":{"line":118,"column":43},"end":{"line":130,"column":3}},"line":118},"14":{"name":"(anonymous_14)","decl":{"start":{"line":132,"column":2},"end":{"line":132,"column":3}},"loc":{"start":{"line":132,"column":47},"end":{"line":150,"column":3}},"line":132},"15":{"name":"(anonymous_15)","decl":{"start":{"line":152,"column":2},"end":{"line":152,"column":3}},"loc":{"start":{"line":152,"column":40},"end":{"line":160,"column":3}},"line":152},"16":{"name":"(anonymous_16)","decl":{"start":{"line":162,"column":2},"end":{"line":162,"column":3}},"loc":{"start":{"line":162,"column":27},"end":{"line":170,"column":3}},"line":162},"17":{"name":"(anonymous_17)","decl":{"start":{"line":172,"column":2},"end":{"line":172,"column":3}},"loc":{"start":{"line":172,"column":38},"end":{"line":180,"column":3}},"line":172}},"branchMap":{"0":{"loc":{"start":{"line":10,"column":4},"end":{"line":13,"column":5}},"type":"if","locations":[{"start":{"line":10,"column":4},"end":{"line":13,"column":5}},{"start":{"line":10,"column":4},"end":{"line":13,"column":5}}],"line":10},"1":{"loc":{"start":{"line":15,"column":4},"end":{"line":30,"column":5}},"type":"if","locations":[{"start":{"line":15,"column":4},"end":{"line":30,"column":5}},{"start":{"line":15,"column":4},"end":{"line":30,"column":5}}],"line":15},"2":{"loc":{"start":{"line":37,"column":4},"end":{"line":40,"column":5}},"type":"if","locations":[{"start":{"line":37,"column":4},"end":{"line":40,"column":5}},{"start":{"line":37,"column":4},"end":{"line":40,"column":5}}],"line":37},"3":{"loc":{"start":{"line":47,"column":4},"end":{"line":50,"column":5}},"type":"if","locations":[{"start":{"line":47,"column":4},"end":{"line":50,"column":5}},{"start":{"line":47,"column":4},"end":{"line":50,"column":5}}],"line":47},"4":{"loc":{"start":{"line":58,"column":4},"end":{"line":61,"column":5}},"type":"if","locations":[{"start":{"line":58,"column":4},"end":{"line":61,"column":5}},{"start":{"line":58,"column":4},"end":{"line":61,"column":5}}],"line":58},"5":{"loc":{"start":{"line":63,"column":4},"end":{"line":66,"column":5}},"type":"if","locations":[{"start":{"line":63,"column":4},"end":{"line":66,"column":5}},{"start":{"line":63,"column":4},"end":{"line":66,"column":5}}],"line":63},"6":{"loc":{"start":{"line":69,"column":26},"end":{"line":69,"column":91}},"type":"binary-expr","locations":[{"start":{"line":69,"column":26},"end":{"line":69,"column":43}},{"start":{"line":69,"column":47},"end":{"line":69,"column":91}}],"line":69},"7":{"loc":{"start":{"line":70,"column":27},"end":{"line":70,"column":94}},"type":"binary-expr","locations":[{"start":{"line":70,"column":27},"end":{"line":70,"column":45}},{"start":{"line":70,"column":49},"end":{"line":70,"column":94}}],"line":70},"8":{"loc":{"start":{"line":76,"column":19},"end":{"line":76,"column":36}},"type":"binary-expr","locations":[{"start":{"line":76,"column":19},"end":{"line":76,"column":31}},{"start":{"line":76,"column":35},"end":{"line":76,"column":36}}],"line":76},"9":{"loc":{"start":{"line":77,"column":20},"end":{"line":77,"column":41}},"type":"binary-expr","locations":[{"start":{"line":77,"column":20},"end":{"line":77,"column":33}},{"start":{"line":77,"column":37},"end":{"line":77,"column":41}}],"line":77},"10":{"loc":{"start":{"line":81,"column":6},"end":{"line":81,"column":77}},"type":"if","locations":[{"start":{"line":81,"column":6},"end":{"line":81,"column":77}},{"start":{"line":81,"column":6},"end":{"line":81,"column":77}}],"line":81},"11":{"loc":{"start":{"line":81,"column":10},"end":{"line":81,"column":37}},"type":"binary-expr","locations":[{"start":{"line":81,"column":10},"end":{"line":81,"column":28}},{"start":{"line":81,"column":32},"end":{"line":81,"column":37}}],"line":81},"12":{"loc":{"start":{"line":82,"column":6},"end":{"line":82,"column":70}},"type":"if","locations":[{"start":{"line":82,"column":6},"end":{"line":82,"column":70}},{"start":{"line":82,"column":6},"end":{"line":82,"column":70}}],"line":82},"13":{"loc":{"start":{"line":82,"column":10},"end":{"line":82,"column":34}},"type":"binary-expr","locations":[{"start":{"line":82,"column":10},"end":{"line":82,"column":25}},{"start":{"line":82,"column":29},"end":{"line":82,"column":34}}],"line":82},"14":{"loc":{"start":{"line":83,"column":6},"end":{"line":83,"column":59}},"type":"if","locations":[{"start":{"line":83,"column":6},"end":{"line":83,"column":59}},{"start":{"line":83,"column":6},"end":{"line":83,"column":59}}],"line":83},"15":{"loc":{"start":{"line":84,"column":6},"end":{"line":84,"column":61}},"type":"if","locations":[{"start":{"line":84,"column":6},"end":{"line":84,"column":61}},{"start":{"line":84,"column":6},"end":{"line":84,"column":61}}],"line":84},"16":{"loc":{"start":{"line":85,"column":6},"end":{"line":85,"column":79}},"type":"if","locations":[{"start":{"line":85,"column":6},"end":{"line":85,"column":79}},{"start":{"line":85,"column":6},"end":{"line":85,"column":79}}],"line":85},"17":{"loc":{"start":{"line":85,"column":10},"end":{"line":85,"column":38}},"type":"binary-expr","locations":[{"start":{"line":85,"column":10},"end":{"line":85,"column":29}},{"start":{"line":85,"column":33},"end":{"line":85,"column":38}}],"line":85},"18":{"loc":{"start":{"line":86,"column":6},"end":{"line":86,"column":78}},"type":"if","locations":[{"start":{"line":86,"column":6},"end":{"line":86,"column":78}},{"start":{"line":86,"column":6},"end":{"line":86,"column":78}}],"line":86},"19":{"loc":{"start":{"line":86,"column":10},"end":{"line":86,"column":39}},"type":"binary-expr","locations":[{"start":{"line":86,"column":10},"end":{"line":86,"column":30}},{"start":{"line":86,"column":34},"end":{"line":86,"column":39}}],"line":86},"20":{"loc":{"start":{"line":90,"column":4},"end":{"line":93,"column":5}},"type":"if","locations":[{"start":{"line":90,"column":4},"end":{"line":93,"column":5}},{"start":{"line":90,"column":4},"end":{"line":93,"column":5}}],"line":90},"21":{"loc":{"start":{"line":100,"column":4},"end":{"line":103,"column":5}},"type":"if","locations":[{"start":{"line":100,"column":4},"end":{"line":103,"column":5}},{"start":{"line":100,"column":4},"end":{"line":103,"column":5}}],"line":100},"22":{"loc":{"start":{"line":110,"column":4},"end":{"line":113,"column":5}},"type":"if","locations":[{"start":{"line":110,"column":4},"end":{"line":113,"column":5}},{"start":{"line":110,"column":4},"end":{"line":113,"column":5}}],"line":110},"23":{"loc":{"start":{"line":122,"column":4},"end":{"line":125,"column":5}},"type":"if","locations":[{"start":{"line":122,"column":4},"end":{"line":125,"column":5}},{"start":{"line":122,"column":4},"end":{"line":125,"column":5}}],"line":122},"24":{"loc":{"start":{"line":135,"column":4},"end":{"line":138,"column":5}},"type":"if","locations":[{"start":{"line":135,"column":4},"end":{"line":138,"column":5}},{"start":{"line":135,"column":4},"end":{"line":138,"column":5}}],"line":135},"25":{"loc":{"start":{"line":141,"column":4},"end":{"line":144,"column":5}},"type":"if","locations":[{"start":{"line":141,"column":4},"end":{"line":144,"column":5}},{"start":{"line":141,"column":4},"end":{"line":144,"column":5}}],"line":141},"26":{"loc":{"start":{"line":154,"column":4},"end":{"line":157,"column":5}},"type":"if","locations":[{"start":{"line":154,"column":4},"end":{"line":157,"column":5}},{"start":{"line":154,"column":4},"end":{"line":157,"column":5}}],"line":154},"27":{"loc":{"start":{"line":164,"column":4},"end":{"line":167,"column":5}},"type":"if","locations":[{"start":{"line":164,"column":4},"end":{"line":167,"column":5}},{"start":{"line":164,"column":4},"end":{"line":167,"column":5}}],"line":164},"28":{"loc":{"start":{"line":174,"column":4},"end":{"line":177,"column":5}},"type":"if","locations":[{"start":{"line":174,"column":4},"end":{"line":177,"column":5}},{"start":{"line":174,"column":4},"end":{"line":177,"column":5}}],"line":174}},"s":{"0":7,"1":2,"2":2,"3":1,"4":1,"5":1,"6":1,"7":1,"8":1,"9":1,"10":1,"11":1,"12":1,"13":1,"14":1,"15":2,"16":2,"17":1,"18":1,"19":1,"20":2,"21":2,"22":1,"23":1,"24":1,"25":5,"26":5,"27":1,"28":1,"29":4,"30":1,"31":1,"32":3,"33":3,"34":2,"35":1,"36":1,"37":2,"38":2,"39":2,"40":2,"41":10,"42":10,"43":2,"44":10,"45":0,"46":10,"47":2,"48":10,"49":2,"50":10,"51":0,"52":10,"53":0,"54":2,"55":2,"56":1,"57":1,"58":1,"59":4,"60":4,"61":2,"62":2,"63":2,"64":4,"65":4,"66":2,"67":2,"68":2,"69":2,"70":2,"71":1,"72":1,"73":1,"74":1,"75":2,"76":2,"77":1,"78":1,"79":1,"80":1,"81":0,"82":0,"83":1,"84":1,"85":1,"86":2,"87":2,"88":1,"89":1,"90":1,"91":2,"92":2,"93":1,"94":1,"95":1,"96":2,"97":2,"98":1,"99":1,"100":1},"f":{"0":2,"1":1,"2":1,"3":1,"4":1,"5":1,"6":2,"7":2,"8":5,"9":10,"10":10,"11":4,"12":4,"13":2,"14":2,"15":2,"16":2,"17":2},"b":{"0":[1,1],"1":[1,0],"2":[1,1],"3":[1,1],"4":[1,4],"5":[1,3],"6":[3,1],"7":[2,0],"8":[2,2],"9":[2,2],"10":[2,8],"11":[10,2],"12":[0,10],"13":[10,0],"14":[2,8],"15":[2,8],"16":[0,10],"17":[10,2],"18":[0,10],"19":[10,2],"20":[1,1],"21":[2,2],"22":[2,2],"23":[1,1],"24":[1,1],"25":[0,1],"26":[1,1],"27":[1,1],"28":[1,1]},"_coverageSchema":"43e27e138ebf9cfc5966b082cf9a028302ed4184","hash":"e12cb9c374d36614e3e35b1c800746b5d4a08b4d"}
,"/Users/diehernandez/Workspace/gps-front/client/src/components/common/AddVehicle.js": {"path":"/Users/diehernandez/Workspace/gps-front/client/src/components/common/AddVehicle.js","statementMap":{"0":{"start":{"line":20,"column":22},"end":{"line":30,"column":1}},"1":{"start":{"line":35,"column":4},"end":{"line":35,"column":17}},"2":{"start":{"line":36,"column":4},"end":{"line":46,"column":5}},"3":{"start":{"line":48,"column":4},"end":{"line":48,"column":47}},"4":{"start":{"line":49,"column":4},"end":{"line":49,"column":51}},"5":{"start":{"line":50,"column":4},"end":{"line":50,"column":69}},"6":{"start":{"line":51,"column":4},"end":{"line":51,"column":77}},"7":{"start":{"line":52,"column":4},"end":{"line":52,"column":59}},"8":{"start":{"line":56,"column":4},"end":{"line":56,"column":21}},"9":{"start":{"line":61,"column":26},"end":{"line":61,"column":63}},"10":{"start":{"line":62,"column":4},"end":{"line":66,"column":5}},"11":{"start":{"line":63,"column":6},"end":{"line":65,"column":8}},"12":{"start":{"line":70,"column":4},"end":{"line":70,"column":23}},"13":{"start":{"line":71,"column":4},"end":{"line":71,"column":16}},"14":{"start":{"line":72,"column":19},"end":{"line":72,"column":41}},"15":{"start":{"line":73,"column":4},"end":{"line":73,"column":76}},"16":{"start":{"line":74,"column":4},"end":{"line":74,"column":84}},"17":{"start":{"line":75,"column":4},"end":{"line":75,"column":80}},"18":{"start":{"line":77,"column":4},"end":{"line":106,"column":5}},"19":{"start":{"line":77,"column":55},"end":{"line":77,"column":107}},"20":{"start":{"line":77,"column":101},"end":{"line":77,"column":106}},"21":{"start":{"line":78,"column":6},"end":{"line":80,"column":8}},"22":{"start":{"line":83,"column":6},"end":{"line":85,"column":8}},"23":{"start":{"line":86,"column":22},"end":{"line":91,"column":7}},"24":{"start":{"line":93,"column":28},"end":{"line":93,"column":76}},"25":{"start":{"line":94,"column":6},"end":{"line":105,"column":7}},"26":{"start":{"line":95,"column":8},"end":{"line":98,"column":10}},"27":{"start":{"line":101,"column":8},"end":{"line":103,"column":10}},"28":{"start":{"line":104,"column":8},"end":{"line":104,"column":38}},"29":{"start":{"line":110,"column":4},"end":{"line":110,"column":23}},"30":{"start":{"line":111,"column":4},"end":{"line":111,"column":34}},"31":{"start":{"line":112,"column":20},"end":{"line":112,"column":34}},"32":{"start":{"line":113,"column":18},"end":{"line":113,"column":70}},"33":{"start":{"line":113,"column":50},"end":{"line":113,"column":69}},"34":{"start":{"line":114,"column":30},"end":{"line":114,"column":78}},"35":{"start":{"line":115,"column":4},"end":{"line":118,"column":7}},"36":{"start":{"line":122,"column":4},"end":{"line":122,"column":23}},"37":{"start":{"line":123,"column":4},"end":{"line":123,"column":38}},"38":{"start":{"line":124,"column":24},"end":{"line":124,"column":38}},"39":{"start":{"line":125,"column":22},"end":{"line":125,"column":90}},"40":{"start":{"line":125,"column":62},"end":{"line":125,"column":89}},"41":{"start":{"line":126,"column":4},"end":{"line":128,"column":7}},"42":{"start":{"line":132,"column":17},"end":{"line":132,"column":34}},"43":{"start":{"line":133,"column":4},"end":{"line":133,"column":95}},"44":{"start":{"line":133,"column":57},"end":{"line":133,"column":94}},"45":{"start":{"line":134,"column":4},"end":{"line":136,"column":6}},"46":{"start":{"line":140,"column":4},"end":{"line":203,"column":5}},"47":{"start":{"line":155,"column":20},"end":{"line":155,"column":90}},"48":{"start":{"line":172,"column":20},"end":{"line":172,"column":102}},"49":{"start":{"line":185,"column":32},"end":{"line":185,"column":61}}},"fnMap":{"0":{"name":"(anonymous_0)","decl":{"start":{"line":34,"column":2},"end":{"line":34,"column":3}},"loc":{"start":{"line":34,"column":21},"end":{"line":53,"column":3}},"line":34},"1":{"name":"(anonymous_1)","decl":{"start":{"line":55,"column":2},"end":{"line":55,"column":3}},"loc":{"start":{"line":55,"column":22},"end":{"line":58,"column":3}},"line":55},"2":{"name":"(anonymous_2)","decl":{"start":{"line":60,"column":2},"end":{"line":60,"column":3}},"loc":{"start":{"line":60,"column":20},"end":{"line":67,"column":3}},"line":60},"3":{"name":"(anonymous_3)","decl":{"start":{"line":69,"column":2},"end":{"line":69,"column":3}},"loc":{"start":{"line":69,"column":23},"end":{"line":107,"column":3}},"line":69},"4":{"name":"(anonymous_4)","decl":{"start":{"line":77,"column":35},"end":{"line":77,"column":36}},"loc":{"start":{"line":77,"column":55},"end":{"line":77,"column":107}},"line":77},"5":{"name":"(anonymous_5)","decl":{"start":{"line":77,"column":92},"end":{"line":77,"column":93}},"loc":{"start":{"line":77,"column":101},"end":{"line":77,"column":106}},"line":77},"6":{"name":"(anonymous_6)","decl":{"start":{"line":109,"column":2},"end":{"line":109,"column":3}},"loc":{"start":{"line":109,"column":32},"end":{"line":119,"column":3}},"line":109},"7":{"name":"(anonymous_7)","decl":{"start":{"line":113,"column":41},"end":{"line":113,"column":42}},"loc":{"start":{"line":113,"column":50},"end":{"line":113,"column":69}},"line":113},"8":{"name":"(anonymous_8)","decl":{"start":{"line":121,"column":2},"end":{"line":121,"column":3}},"loc":{"start":{"line":121,"column":30},"end":{"line":129,"column":3}},"line":121},"9":{"name":"(anonymous_9)","decl":{"start":{"line":125,"column":49},"end":{"line":125,"column":50}},"loc":{"start":{"line":125,"column":62},"end":{"line":125,"column":89}},"line":125},"10":{"name":"(anonymous_10)","decl":{"start":{"line":131,"column":2},"end":{"line":131,"column":3}},"loc":{"start":{"line":131,"column":25},"end":{"line":137,"column":3}},"line":131},"11":{"name":"(anonymous_11)","decl":{"start":{"line":133,"column":39},"end":{"line":133,"column":40}},"loc":{"start":{"line":133,"column":57},"end":{"line":133,"column":94}},"line":133},"12":{"name":"(anonymous_12)","decl":{"start":{"line":139,"column":2},"end":{"line":139,"column":3}},"loc":{"start":{"line":139,"column":11},"end":{"line":204,"column":3}},"line":139},"13":{"name":"(anonymous_13)","decl":{"start":{"line":154,"column":40},"end":{"line":154,"column":41}},"loc":{"start":{"line":154,"column":51},"end":{"line":156,"column":19}},"line":154},"14":{"name":"(anonymous_14)","decl":{"start":{"line":171,"column":44},"end":{"line":171,"column":45}},"loc":{"start":{"line":171,"column":59},"end":{"line":173,"column":19}},"line":171},"15":{"name":"(anonymous_15)","decl":{"start":{"line":185,"column":26},"end":{"line":185,"column":27}},"loc":{"start":{"line":185,"column":32},"end":{"line":185,"column":61}},"line":185}},"branchMap":{"0":{"loc":{"start":{"line":62,"column":4},"end":{"line":66,"column":5}},"type":"if","locations":[{"start":{"line":62,"column":4},"end":{"line":66,"column":5}},{"start":{"line":62,"column":4},"end":{"line":66,"column":5}}],"line":62},"1":{"loc":{"start":{"line":77,"column":4},"end":{"line":106,"column":5}},"type":"if","locations":[{"start":{"line":77,"column":4},"end":{"line":106,"column":5}},{"start":{"line":77,"column":4},"end":{"line":106,"column":5}}],"line":77},"2":{"loc":{"start":{"line":94,"column":6},"end":{"line":105,"column":7}},"type":"if","locations":[{"start":{"line":94,"column":6},"end":{"line":105,"column":7}},{"start":{"line":94,"column":6},"end":{"line":105,"column":7}}],"line":94},"3":{"loc":{"start":{"line":117,"column":18},"end":{"line":117,"column":39}},"type":"cond-expr","locations":[{"start":{"line":117,"column":24},"end":{"line":117,"column":26}},{"start":{"line":117,"column":29},"end":{"line":117,"column":39}}],"line":117},"4":{"loc":{"start":{"line":195,"column":10},"end":{"line":200,"column":22}},"type":"binary-expr","locations":[{"start":{"line":195,"column":10},"end":{"line":195,"column":30}},{"start":{"line":196,"column":10},"end":{"line":200,"column":22}}],"line":195}},"s":{"0":4,"1":5,"2":5,"3":5,"4":5,"5":5,"6":5,"7":5,"8":5,"9":5,"10":5,"11":5,"12":1,"13":1,"14":1,"15":1,"16":1,"17":1,"18":1,"19":3,"20":3,"21":0,"22":1,"23":1,"24":1,"25":1,"26":0,"27":1,"28":1,"29":1,"30":1,"31":1,"32":1,"33":1,"34":1,"35":1,"36":1,"37":1,"38":1,"39":1,"40":2,"41":1,"42":2,"43":2,"44":2,"45":2,"46":18,"47":13,"48":16,"49":0},"f":{"0":5,"1":5,"2":5,"3":1,"4":3,"5":3,"6":1,"7":1,"8":1,"9":2,"10":2,"11":2,"12":18,"13":13,"14":16,"15":0},"b":{"0":[5,0],"1":[0,1],"2":[0,1],"3":[0,1],"4":[18,0]},"_coverageSchema":"43e27e138ebf9cfc5966b082cf9a028302ed4184","hash":"098c881aff7609e43401fc5e0cde78f87c5b8bee"}
,"/Users/diehernandez/Workspace/gps-front/client/src/components/common/Button.js": {"path":"/Users/diehernandez/Workspace/gps-front/client/src/components/common/Button.js","statementMap":{"0":{"start":{"line":8,"column":4},"end":{"line":22,"column":5}}},"fnMap":{"0":{"name":"(anonymous_0)","decl":{"start":{"line":7,"column":2},"end":{"line":7,"column":3}},"loc":{"start":{"line":7,"column":11},"end":{"line":23,"column":3}},"line":7}},"branchMap":{"0":{"loc":{"start":{"line":11,"column":16},"end":{"line":11,"column":43}},"type":"binary-expr","locations":[{"start":{"line":11,"column":16},"end":{"line":11,"column":31}},{"start":{"line":11,"column":35},"end":{"line":11,"column":43}}],"line":11},"1":{"loc":{"start":{"line":12,"column":17},"end":{"line":12,"column":45}},"type":"binary-expr","locations":[{"start":{"line":12,"column":17},"end":{"line":12,"column":33}},{"start":{"line":12,"column":37},"end":{"line":12,"column":45}}],"line":12},"2":{"loc":{"start":{"line":20,"column":11},"end":{"line":20,"column":137}},"type":"cond-expr","locations":[{"start":{"line":20,"column":36},"end":{"line":20,"column":118}},{"start":{"line":20,"column":121},"end":{"line":20,"column":137}}],"line":20}},"s":{"0":26},"f":{"0":26},"b":{"0":[26,8],"1":[26,8],"2":[6,20]},"_coverageSchema":"43e27e138ebf9cfc5966b082cf9a028302ed4184","hash":"db2a1d8477a192d7aaa6de1b379fbc723031c582"}
,"/Users/diehernandez/Workspace/gps-front/client/src/components/common/PageTitle.js": {"path":"/Users/diehernandez/Workspace/gps-front/client/src/components/common/PageTitle.js","statementMap":{"0":{"start":{"line":6,"column":18},"end":{"line":20,"column":1}},"1":{"start":{"line":7,"column":18},"end":{"line":12,"column":3}},"2":{"start":{"line":14,"column":2},"end":{"line":19,"column":3}},"3":{"start":{"line":22,"column":0},"end":{"line":31,"column":2}}},"fnMap":{"0":{"name":"(anonymous_0)","decl":{"start":{"line":6,"column":18},"end":{"line":6,"column":19}},"loc":{"start":{"line":6,"column":64},"end":{"line":20,"column":1}},"line":6}},"branchMap":{},"s":{"0":10,"1":26,"2":26,"3":10},"f":{"0":26},"b":{},"_coverageSchema":"43e27e138ebf9cfc5966b082cf9a028302ed4184","hash":"7b8ff5e1f0345283b15580754bc7f6a75851b0e5"}
,"/Users/diehernandez/Workspace/gps-front/client/src/components/common/maps/Gmap.js": {"path":"/Users/diehernandez/Workspace/gps-front/client/src/components/common/maps/Gmap.js","statementMap":{"0":{"start":{"line":12,"column":15},"end":{"line":12,"column":51}},"1":{"start":{"line":14,"column":13},"end":{"line":39,"column":1}},"2":{"start":{"line":24,"column":2},"end":{"line":38,"column":14}},"3":{"start":{"line":30,"column":6},"end":{"line":30,"column":107}},"4":{"start":{"line":35,"column":8},"end":{"line":35,"column":58}}},"fnMap":{"0":{"name":"(anonymous_0)","decl":{"start":{"line":23,"column":2},"end":{"line":23,"column":3}},"loc":{"start":{"line":24,"column":2},"end":{"line":38,"column":14}},"line":24},"1":{"name":"(anonymous_1)","decl":{"start":{"line":29,"column":46},"end":{"line":29,"column":47}},"loc":{"start":{"line":30,"column":6},"end":{"line":30,"column":107}},"line":30},"2":{"name":"(anonymous_2)","decl":{"start":{"line":34,"column":46},"end":{"line":34,"column":47}},"loc":{"start":{"line":35,"column":8},"end":{"line":35,"column":58}},"line":35}},"branchMap":{"0":{"loc":{"start":{"line":26,"column":10},"end":{"line":26,"column":26}},"type":"binary-expr","locations":[{"start":{"line":26,"column":10},"end":{"line":26,"column":20}},{"start":{"line":26,"column":24},"end":{"line":26,"column":26}}],"line":26},"1":{"loc":{"start":{"line":27,"column":12},"end":{"line":27,"column":64}},"type":"binary-expr","locations":[{"start":{"line":27,"column":12},"end":{"line":27,"column":24}},{"start":{"line":27,"column":28},"end":{"line":27,"column":64}}],"line":27},"2":{"loc":{"start":{"line":29,"column":5},"end":{"line":31,"column":6}},"type":"binary-expr","locations":[{"start":{"line":29,"column":5},"end":{"line":29,"column":24}},{"start":{"line":29,"column":28},"end":{"line":31,"column":6}}],"line":29},"3":{"loc":{"start":{"line":33,"column":5},"end":{"line":36,"column":12}},"type":"binary-expr","locations":[{"start":{"line":33,"column":5},"end":{"line":33,"column":30}},{"start":{"line":34,"column":6},"end":{"line":36,"column":12}}],"line":33}},"s":{"0":6,"1":6,"2":0,"3":0,"4":0},"f":{"0":0,"1":0,"2":0},"b":{"0":[0,0],"1":[0,0],"2":[0,0],"3":[0,0]},"_coverageSchema":"43e27e138ebf9cfc5966b082cf9a028302ed4184","hash":"1cac49ae80595ac5a857f6fd1695df8cdb0157e9"}
,"/Users/diehernandez/Workspace/gps-front/client/src/components/common/maps/Marker.js": {"path":"/Users/diehernandez/Workspace/gps-front/client/src/components/common/maps/Marker.js","statementMap":{"0":{"start":{"line":3,"column":4},"end":{"line":3,"column":17}},"1":{"start":{"line":4,"column":4},"end":{"line":4,"column":23}},"2":{"start":{"line":5,"column":4},"end":{"line":5,"column":21}},"3":{"start":{"line":6,"column":4},"end":{"line":6,"column":31}},"4":{"start":{"line":7,"column":4},"end":{"line":7,"column":43}},"5":{"start":{"line":13,"column":4},"end":{"line":13,"column":19}},"6":{"start":{"line":14,"column":4},"end":{"line":14,"column":19}}},"fnMap":{"0":{"name":"(anonymous_0)","decl":{"start":{"line":2,"column":2},"end":{"line":2,"column":3}},"loc":{"start":{"line":2,"column":52},"end":{"line":8,"column":3}},"line":2},"1":{"name":"(anonymous_1)","decl":{"start":{"line":12,"column":2},"end":{"line":12,"column":3}},"loc":{"start":{"line":12,"column":24},"end":{"line":15,"column":3}},"line":12}},"branchMap":{},"s":{"0":2,"1":2,"2":2,"3":2,"4":2,"5":2,"6":2},"f":{"0":2,"1":2},"b":{},"_coverageSchema":"43e27e138ebf9cfc5966b082cf9a028302ed4184","hash":"8804b0702c9d86fa292360c92446e6751d7cec17"}
,"/Users/diehernandez/Workspace/gps-front/client/src/components/common/search/NavbarSearch.js": {"path":"/Users/diehernandez/Workspace/gps-front/client/src/components/common/search/NavbarSearch.js","statementMap":{"0":{"start":{"line":12,"column":2},"end":{"line":26,"column":9}}},"fnMap":{"0":{"name":"(anonymous_0)","decl":{"start":{"line":11,"column":15},"end":{"line":11,"column":16}},"loc":{"start":{"line":12,"column":2},"end":{"line":26,"column":9}},"line":12}},"branchMap":{},"s":{"0":3},"f":{"0":3},"b":{},"_coverageSchema":"43e27e138ebf9cfc5966b082cf9a028302ed4184","hash":"d0d80c00e44d898898fa7bb392bfcc43d39d865b"}
,"/Users/diehernandez/Workspace/gps-front/client/src/components/layout/MainFooter.js": {"path":"/Users/diehernandez/Workspace/gps-front/client/src/components/layout/MainFooter.js","statementMap":{"0":{"start":{"line":5,"column":19},"end":{"line":13,"column":1}},"1":{"start":{"line":6,"column":2},"end":{"line":12,"column":11}},"2":{"start":{"line":15,"column":0},"end":{"line":28,"column":2}},"3":{"start":{"line":30,"column":0},"end":{"line":33,"column":2}}},"fnMap":{"0":{"name":"(anonymous_0)","decl":{"start":{"line":5,"column":19},"end":{"line":5,"column":20}},"loc":{"start":{"line":6,"column":2},"end":{"line":12,"column":11}},"line":6}},"branchMap":{},"s":{"0":4,"1":3,"2":4,"3":4},"f":{"0":3},"b":{},"_coverageSchema":"43e27e138ebf9cfc5966b082cf9a028302ed4184","hash":"5c9dcefc04e99054ca152130b958a083dc3c4502"}
,"/Users/diehernandez/Workspace/gps-front/client/src/components/layout/MainNavbar/MainNavbar.js": {"path":"/Users/diehernandez/Workspace/gps-front/client/src/components/layout/MainNavbar/MainNavbar.js","statementMap":{"0":{"start":{"line":9,"column":19},"end":{"line":26,"column":1}},"1":{"start":{"line":10,"column":18},"end":{"line":14,"column":3}},"2":{"start":{"line":16,"column":2},"end":{"line":25,"column":4}},"3":{"start":{"line":28,"column":0},"end":{"line":37,"column":2}},"4":{"start":{"line":39,"column":0},"end":{"line":41,"column":2}}},"fnMap":{"0":{"name":"(anonymous_0)","decl":{"start":{"line":9,"column":19},"end":{"line":9,"column":20}},"loc":{"start":{"line":9,"column":46},"end":{"line":26,"column":1}},"line":9}},"branchMap":{"0":{"loc":{"start":{"line":13,"column":4},"end":{"line":13,"column":29}},"type":"binary-expr","locations":[{"start":{"line":13,"column":4},"end":{"line":13,"column":13}},{"start":{"line":13,"column":17},"end":{"line":13,"column":29}}],"line":13}},"s":{"0":4,"1":3,"2":3,"3":4,"4":4},"f":{"0":3},"b":{"0":[3,3]},"_coverageSchema":"43e27e138ebf9cfc5966b082cf9a028302ed4184","hash":"525e627e5004007ba2aac887ab2efbbc5a1171c6"}
,"/Users/diehernandez/Workspace/gps-front/client/src/components/layout/MainNavbar/NavbarToggle.js": {"path":"/Users/diehernandez/Workspace/gps-front/client/src/components/layout/MainNavbar/NavbarToggle.js","statementMap":{"0":{"start":{"line":8,"column":4},"end":{"line":15,"column":5}},"1":{"start":{"line":20,"column":2},"end":{"line":22,"column":3}},"2":{"start":{"line":21,"column":31},"end":{"line":21,"column":62}}},"fnMap":{"0":{"name":"(anonymous_0)","decl":{"start":{"line":7,"column":2},"end":{"line":7,"column":3}},"loc":{"start":{"line":7,"column":11},"end":{"line":16,"column":3}},"line":7},"1":{"name":"mapDispatchToProps","decl":{"start":{"line":19,"column":9},"end":{"line":19,"column":27}},"loc":{"start":{"line":19,"column":38},"end":{"line":23,"column":1}},"line":19},"2":{"name":"(anonymous_2)","decl":{"start":{"line":21,"column":25},"end":{"line":21,"column":26}},"loc":{"start":{"line":21,"column":31},"end":{"line":21,"column":62}},"line":21}},"branchMap":{},"s":{"0":5,"1":5,"2":1},"f":{"0":5,"1":5,"2":1},"b":{},"_coverageSchema":"43e27e138ebf9cfc5966b082cf9a028302ed4184","hash":"354e86fb706f51be02b982b1ae59b161e8c169eb"}
,"/Users/diehernandez/Workspace/gps-front/client/src/components/layout/MainNavbar/NavbarNav/NavbarNav.js": {"path":"/Users/diehernandez/Workspace/gps-front/client/src/components/layout/MainNavbar/NavbarNav/NavbarNav.js","statementMap":{"0":{"start":{"line":8,"column":2},"end":{"line":11,"column":8}}},"fnMap":{"0":{"name":"(anonymous_0)","decl":{"start":{"line":7,"column":15},"end":{"line":7,"column":16}},"loc":{"start":{"line":8,"column":2},"end":{"line":11,"column":8}},"line":8}},"branchMap":{},"s":{"0":4},"f":{"0":4},"b":{},"_coverageSchema":"43e27e138ebf9cfc5966b082cf9a028302ed4184","hash":"d40b28989712c47e0099b30284eeb272683d93e3"}
,"/Users/diehernandez/Workspace/gps-front/client/src/components/layout/MainNavbar/NavbarNav/Notifications.js": {"path":"/Users/diehernandez/Workspace/gps-front/client/src/components/layout/MainNavbar/NavbarNav/Notifications.js","statementMap":{"0":{"start":{"line":6,"column":4},"end":{"line":6,"column":17}},"1":{"start":{"line":8,"column":4},"end":{"line":10,"column":6}},"2":{"start":{"line":12,"column":4},"end":{"line":12,"column":67}},"3":{"start":{"line":16,"column":4},"end":{"line":18,"column":7}},"4":{"start":{"line":22,"column":4},"end":{"line":74,"column":6}}},"fnMap":{"0":{"name":"(anonymous_0)","decl":{"start":{"line":5,"column":2},"end":{"line":5,"column":3}},"loc":{"start":{"line":5,"column":21},"end":{"line":13,"column":3}},"line":5},"1":{"name":"(anonymous_1)","decl":{"start":{"line":15,"column":2},"end":{"line":15,"column":3}},"loc":{"start":{"line":15,"column":24},"end":{"line":19,"column":3}},"line":15},"2":{"name":"(anonymous_2)","decl":{"start":{"line":21,"column":2},"end":{"line":21,"column":3}},"loc":{"start":{"line":21,"column":11},"end":{"line":75,"column":3}},"line":21}},"branchMap":{},"s":{"0":4,"1":4,"2":4,"3":0,"4":4},"f":{"0":4,"1":0,"2":4},"b":{},"_coverageSchema":"43e27e138ebf9cfc5966b082cf9a028302ed4184","hash":"741c9c1f2679b7933d226a54897b9b7a07ce7c4a"}
,"/Users/diehernandez/Workspace/gps-front/client/src/components/layout/MainNavbar/NavbarNav/UserActions.js": {"path":"/Users/diehernandez/Workspace/gps-front/client/src/components/layout/MainNavbar/NavbarNav/UserActions.js","statementMap":{"0":{"start":{"line":19,"column":4},"end":{"line":19,"column":17}},"1":{"start":{"line":20,"column":4},"end":{"line":22,"column":6}},"2":{"start":{"line":24,"column":4},"end":{"line":24,"column":63}},"3":{"start":{"line":28,"column":4},"end":{"line":30,"column":7}},"4":{"start":{"line":34,"column":4},"end":{"line":34,"column":31}},"5":{"start":{"line":38,"column":4},"end":{"line":56,"column":6}},"6":{"start":{"line":51,"column":50},"end":{"line":51,"column":63}},"7":{"start":{"line":61,"column":23},"end":{"line":61,"column":28}},"8":{"start":{"line":62,"column":2},"end":{"line":62,"column":31}}},"fnMap":{"0":{"name":"(anonymous_0)","decl":{"start":{"line":18,"column":2},"end":{"line":18,"column":3}},"loc":{"start":{"line":18,"column":21},"end":{"line":25,"column":3}},"line":18},"1":{"name":"(anonymous_1)","decl":{"start":{"line":27,"column":2},"end":{"line":27,"column":3}},"loc":{"start":{"line":27,"column":22},"end":{"line":31,"column":3}},"line":27},"2":{"name":"(anonymous_2)","decl":{"start":{"line":33,"column":2},"end":{"line":33,"column":3}},"loc":{"start":{"line":33,"column":17},"end":{"line":35,"column":3}},"line":33},"3":{"name":"(anonymous_3)","decl":{"start":{"line":37,"column":2},"end":{"line":37,"column":3}},"loc":{"start":{"line":37,"column":11},"end":{"line":57,"column":3}},"line":37},"4":{"name":"(anonymous_4)","decl":{"start":{"line":51,"column":44},"end":{"line":51,"column":45}},"loc":{"start":{"line":51,"column":50},"end":{"line":51,"column":63}},"line":51},"5":{"name":"mapStateToProps","decl":{"start":{"line":60,"column":9},"end":{"line":60,"column":24}},"loc":{"start":{"line":60,"column":32},"end":{"line":63,"column":1}},"line":60}},"branchMap":{"0":{"loc":{"start":{"line":41,"column":51},"end":{"line":41,"column":135}},"type":"binary-expr","locations":[{"start":{"line":41,"column":51},"end":{"line":41,"column":70}},{"start":{"line":41,"column":74},"end":{"line":41,"column":135}}],"line":41}},"s":{"0":5,"1":5,"2":5,"3":0,"4":0,"5":5,"6":0,"7":5,"8":5},"f":{"0":5,"1":0,"2":0,"3":5,"4":0,"5":5},"b":{"0":[5,4]},"_coverageSchema":"43e27e138ebf9cfc5966b082cf9a028302ed4184","hash":"3d072fc6d90320fe6f47de4e454bc72fde4d6bde"}
,"/Users/diehernandez/Workspace/gps-front/client/src/components/layout/MainSidebar/MainSidebar.js": {"path":"/Users/diehernandez/Workspace/gps-front/client/src/components/layout/MainSidebar/MainSidebar.js","statementMap":{"0":{"start":{"line":13,"column":20},"end":{"line":18,"column":5}},"1":{"start":{"line":20,"column":4},"end":{"line":30,"column":6}},"2":{"start":{"line":34,"column":0},"end":{"line":39,"column":2}},"3":{"start":{"line":41,"column":0},"end":{"line":43,"column":2}},"4":{"start":{"line":45,"column":24},"end":{"line":47,"column":1}},"5":{"start":{"line":46,"column":2},"end":{"line":46,"column":44}}},"fnMap":{"0":{"name":"(anonymous_0)","decl":{"start":{"line":12,"column":2},"end":{"line":12,"column":3}},"loc":{"start":{"line":12,"column":11},"end":{"line":31,"column":3}},"line":12},"1":{"name":"(anonymous_1)","decl":{"start":{"line":45,"column":24},"end":{"line":45,"column":25}},"loc":{"start":{"line":45,"column":33},"end":{"line":47,"column":1}},"line":45}},"branchMap":{"0":{"loc":{"start":{"line":17,"column":6},"end":{"line":17,"column":38}},"type":"binary-expr","locations":[{"start":{"line":17,"column":6},"end":{"line":17,"column":28}},{"start":{"line":17,"column":32},"end":{"line":17,"column":38}}],"line":17}},"s":{"0":3,"1":3,"2":4,"3":4,"4":4,"5":3},"f":{"0":3,"1":3},"b":{"0":[3,3]},"_coverageSchema":"43e27e138ebf9cfc5966b082cf9a028302ed4184","hash":"f65ba7be2fdbeaa57920a2f395a0a763e22ace3c"}
,"/Users/diehernandez/Workspace/gps-front/client/src/components/layout/MainSidebar/SidebarMainNavbar.js": {"path":"/Users/diehernandez/Workspace/gps-front/client/src/components/layout/MainSidebar/SidebarMainNavbar.js","statementMap":{"0":{"start":{"line":10,"column":29},"end":{"line":10,"column":52}},"1":{"start":{"line":11,"column":4},"end":{"line":46,"column":6}},"2":{"start":{"line":50,"column":0},"end":{"line":55,"column":2}},"3":{"start":{"line":57,"column":0},"end":{"line":59,"column":2}},"4":{"start":{"line":62,"column":2},"end":{"line":64,"column":3}},"5":{"start":{"line":63,"column":31},"end":{"line":63,"column":62}}},"fnMap":{"0":{"name":"(anonymous_0)","decl":{"start":{"line":9,"column":2},"end":{"line":9,"column":3}},"loc":{"start":{"line":9,"column":11},"end":{"line":47,"column":3}},"line":9},"1":{"name":"mapDispatchToProps","decl":{"start":{"line":61,"column":9},"end":{"line":61,"column":27}},"loc":{"start":{"line":61,"column":38},"end":{"line":65,"column":1}},"line":61},"2":{"name":"(anonymous_2)","decl":{"start":{"line":63,"column":25},"end":{"line":63,"column":26}},"loc":{"start":{"line":63,"column":31},"end":{"line":63,"column":62}},"line":63}},"branchMap":{"0":{"loc":{"start":{"line":30,"column":15},"end":{"line":34,"column":15}},"type":"binary-expr","locations":[{"start":{"line":30,"column":15},"end":{"line":30,"column":28}},{"start":{"line":31,"column":16},"end":{"line":33,"column":23}}],"line":30}},"s":{"0":5,"1":5,"2":4,"3":4,"4":5,"5":1},"f":{"0":5,"1":5,"2":1},"b":{"0":[5,5]},"_coverageSchema":"43e27e138ebf9cfc5966b082cf9a028302ed4184","hash":"c0ef095b4b3722a9f96f518ac1576ffc4720a70e"}
[...]
":6}},"35":{"start":{"line":138,"column":4},"end":{"line":277,"column":6}},"36":{"start":{"line":159,"column":39},"end":{"line":159,"column":62}},"37":{"start":{"line":169,"column":42},"end":{"line":169,"column":70}},"38":{"start":{"line":180,"column":42},"end":{"line":180,"column":74}},"39":{"start":{"line":193,"column":42},"end":{"line":193,"column":69}},"40":{"start":{"line":205,"column":42},"end":{"line":205,"column":69}},"41":{"start":{"line":221,"column":42},"end":{"line":221,"column":71}},"42":{"start":{"line":232,"column":42},"end":{"line":232,"column":70}},"43":{"start":{"line":236,"column":30},"end":{"line":236,"column":97}},"44":{"start":{"line":251,"column":42},"end":{"line":251,"column":73}},"45":{"start":{"line":262,"column":42},"end":{"line":262,"column":73}}},"fnMap":{"0":{"name":"(anonymous_0)","decl":{"start":{"line":54,"column":2},"end":{"line":54,"column":3}},"loc":{"start":{"line":54,"column":21},"end":{"line":67,"column":3}},"line":54},"1":{"name":"(anonymous_1)","decl":{"start":{"line":69,"column":2},"end":{"line":69,"column":3}},"loc":{"start":{"line":69,"column":28},"end":{"line":74,"column":3}},"line":69},"2":{"name":"(anonymous_2)","decl":{"start":{"line":76,"column":2},"end":{"line":76,"column":3}},"loc":{"start":{"line":76,"column":27},"end":{"line":127,"column":3}},"line":76},"3":{"name":"(anonymous_3)","decl":{"start":{"line":91,"column":35},"end":{"line":91,"column":36}},"loc":{"start":{"line":91,"column":55},"end":{"line":91,"column":107}},"line":91},"4":{"name":"(anonymous_4)","decl":{"start":{"line":91,"column":92},"end":{"line":91,"column":93}},"loc":{"start":{"line":91,"column":101},"end":{"line":91,"column":106}},"line":91},"5":{"name":"(anonymous_5)","decl":{"start":{"line":119,"column":17},"end":{"line":119,"column":18}},"loc":{"start":{"line":119,"column":23},"end":{"line":125,"column":7}},"line":119},"6":{"name":"(anonymous_6)","decl":{"start":{"line":129,"column":2},"end":{"line":129,"column":3}},"loc":{"start":{"line":129,"column":25},"end":{"line":135,"column":3}},"line":129},"7":{"name":"(anonymous_7)","decl":{"start":{"line":131,"column":39},"end":{"line":131,"column":40}},"loc":{"start":{"line":131,"column":57},"end":{"line":131,"column":94}},"line":131},"8":{"name":"(anonymous_8)","decl":{"start":{"line":137,"column":2},"end":{"line":137,"column":3}},"loc":{"start":{"line":137,"column":11},"end":{"line":278,"column":3}},"line":137},"9":{"name":"(anonymous_9)","decl":{"start":{"line":159,"column":32},"end":{"line":159,"column":33}},"loc":{"start":{"line":159,"column":39},"end":{"line":159,"column":62}},"line":159},"10":{"name":"(anonymous_10)","decl":{"start":{"line":169,"column":36},"end":{"line":169,"column":37}},"loc":{"start":{"line":169,"column":42},"end":{"line":169,"column":70}},"line":169},"11":{"name":"(anonymous_11)","decl":{"start":{"line":180,"column":36},"end":{"line":180,"column":37}},"loc":{"start":{"line":180,"column":42},"end":{"line":180,"column":74}},"line":180},"12":{"name":"(anonymous_12)","decl":{"start":{"line":193,"column":36},"end":{"line":193,"column":37}},"loc":{"start":{"line":193,"column":42},"end":{"line":193,"column":69}},"line":193},"13":{"name":"(anonymous_13)","decl":{"start":{"line":205,"column":36},"end":{"line":205,"column":37}},"loc":{"start":{"line":205,"column":42},"end":{"line":205,"column":69}},"line":205},"14":{"name":"(anonymous_14)","decl":{"start":{"line":221,"column":36},"end":{"line":221,"column":37}},"loc":{"start":{"line":221,"column":42},"end":{"line":221,"column":71}},"line":221},"15":{"name":"(anonymous_15)","decl":{"start":{"line":232,"column":36},"end":{"line":232,"column":37}},"loc":{"start":{"line":232,"column":42},"end":{"line":232,"column":70}},"line":232},"16":{"name":"(anonymous_16)","decl":{"start":{"line":235,"column":49},"end":{"line":235,"column":50}},"loc":{"start":{"line":235,"column":66},"end":{"line":237,"column":29}},"line":235},"17":{"name":"(anonymous_17)","decl":{"start":{"line":251,"column":36},"end":{"line":251,"column":37}},"loc":{"start":{"line":251,"column":42},"end":{"line":251,"column":73}},"line":251},"18":{"name":"(anonymous_18)","decl":{"start":{"line":262,"column":36},"end":{"line":262,"column":37}},"loc":{"start":{"line":262,"column":42},"end":{"line":262,"column":73}},"line":262}},"branchMap":{"0":{"loc":{"start":{"line":91,"column":4},"end":{"line":126,"column":5}},"type":"if","locations":[{"start":{"line":91,"column":4},"end":{"line":126,"column":5}},{"start":{"line":91,"column":4},"end":{"line":126,"column":5}}],"line":91},"1":{"loc":{"start":{"line":115,"column":16},"end":{"line":115,"column":82}},"type":"cond-expr","locations":[{"start":{"line":115,"column":33},"end":{"line":115,"column":57}},{"start":{"line":115,"column":60},"end":{"line":115,"column":82}}],"line":115},"2":{"loc":{"start":{"line":115,"column":16},"end":{"line":115,"column":30}},"type":"binary-expr","locations":[{"start":{"line":115,"column":16},"end":{"line":115,"column":20}},{"start":{"line":115,"column":24},"end":{"line":115,"column":30}}],"line":115},"3":{"loc":{"start":{"line":146,"column":10},"end":{"line":152,"column":16}},"type":"binary-expr","locations":[{"start":{"line":146,"column":10},"end":{"line":146,"column":37}},{"start":{"line":147,"column":10},"end":{"line":152,"column":16}}],"line":146},"4":{"loc":{"start":{"line":149,"column":15},"end":{"line":149,"column":148}},"type":"binary-expr","locations":[{"start":{"line":149,"column":15},"end":{"line":149,"column":68}},{"start":{"line":149,"column":72},"end":{"line":149,"column":148}}],"line":149},"5":{"loc":{"start":{"line":150,"column":15},"end":{"line":150,"column":140}},"type":"binary-expr","locations":[{"start":{"line":150,"column":15},"end":{"line":150,"column":66}},{"start":{"line":150,"column":70},"end":{"line":150,"column":140}}],"line":150},"6":{"loc":{"start":{"line":204,"column":35},"end":{"line":204,"column":96}},"type":"binary-expr","locations":[{"start":{"line":204,"column":35},"end":{"line":204,"column":65}},{"start":{"line":204,"column":69},"end":{"line":204,"column":96}}],"line":204},"7":{"loc":{"start":{"line":207,"column":25},"end":{"line":207,"column":103}},"type":"binary-expr","locations":[{"start":{"line":207,"column":25},"end":{"line":207,"column":55}},{"start":{"line":207,"column":59},"end":{"line":207,"column":103}}],"line":207},"8":{"loc":{"start":{"line":208,"column":25},"end":{"line":208,"column":109}},"type":"binary-expr","locations":[{"start":{"line":208,"column":25},"end":{"line":208,"column":52}},{"start":{"line":208,"column":56},"end":{"line":208,"column":109}}],"line":208},"9":{"loc":{"start":{"line":220,"column":35},"end":{"line":220,"column":100}},"type":"binary-expr","locations":[{"start":{"line":220,"column":35},"end":{"line":220,"column":67}},{"start":{"line":220,"column":71},"end":{"line":220,"column":100}}],"line":220},"10":{"loc":{"start":{"line":223,"column":25},"end":{"line":223,"column":105}},"type":"binary-expr","locations":[{"start":{"line":223,"column":25},"end":{"line":223,"column":57}},{"start":{"line":223,"column":61},"end":{"line":223,"column":105}}],"line":223},"11":{"loc":{"start":{"line":224,"column":25},"end":{"line":224,"column":179}},"type":"binary-expr","locations":[{"start":{"line":224,"column":25},"end":{"line":224,"column":54}},{"start":{"line":224,"column":58},"end":{"line":224,"column":179}}],"line":224},"12":{"loc":{"start":{"line":240,"column":25},"end":{"line":240,"column":104}},"type":"binary-expr","locations":[{"start":{"line":240,"column":25},"end":{"line":240,"column":56}},{"start":{"line":240,"column":60},"end":{"line":240,"column":104}}],"line":240},"13":{"loc":{"start":{"line":253,"column":25},"end":{"line":253,"column":107}},"type":"binary-expr","locations":[{"start":{"line":253,"column":25},"end":{"line":253,"column":59}},{"start":{"line":253,"column":63},"end":{"line":253,"column":107}}],"line":253},"14":{"loc":{"start":{"line":264,"column":25},"end":{"line":264,"column":107}},"type":"binary-expr","locations":[{"start":{"line":264,"column":25},"end":{"line":264,"column":59}},{"start":{"line":264,"column":63},"end":{"line":264,"column":107}}],"line":264}},"s":{"0":3,"1":3,"2":3,"3":3,"4":3,"5":3,"6":3,"7":3,"8":2,"9":2,"10":2,"11":2,"12":2,"13":2,"14":2,"15":2,"16":2,"17":2,"18":2,"19":2,"20":2,"21":2,"22":9,"23":11,"24":1,"25":1,"26":1,"27":1,"28":1,"29":1,"30":0,"31":0,"32":0,"33":0,"34":0,"35":9,"36":0,"37":0,"38":0,"39":0,"40":0,"41":0,"42":0,"43":8,"44":0,"45":0},"f":{"0":3,"1":3,"2":2,"3":9,"4":11,"5":0,"6":0,"7":0,"8":9,"9":0,"10":0,"11":0,"12":0,"13":0,"14":0,"15":0,"16":8,"17":0,"18":0},"b":{"0":[1,1],"1":[1,0],"2":[1,1],"3":[9,1],"4":[1,1],"5":[1,0],"6":[9,6],"7":[9,3],"8":[9,3],"9":[9,6],"10":[9,3],"11":[9,3],"12":[9,3],"13":[9,3],"14":[9,3]},"_coverageSchema":"43e27e138ebf9cfc5966b082cf9a028302ed4184","hash":"2069e5b820280ad68d712a5d8306d9ff00c01e2f"}
,"/Users/diehernandez/Workspace/gps-front/client/src/views/ResetPassword.js": {"path":"/Users/diehernandez/Workspace/gps-front/client/src/views/ResetPassword.js","statementMap":{"0":{"start":{"line":23,"column":8},"end":{"line":23,"column":25}},"1":{"start":{"line":25,"column":22},"end":{"line":34,"column":1}},"2":{"start":{"line":38,"column":4},"end":{"line":38,"column":17}},"3":{"start":{"line":39,"column":4},"end":{"line":49,"column":5}},"4":{"start":{"line":51,"column":4},"end":{"line":51,"column":39}},"5":{"start":{"line":52,"column":4},"end":{"line":52,"column":38}},"6":{"start":{"line":53,"column":4},"end":{"line":53,"column":35}},"7":{"start":{"line":54,"column":4},"end":{"line":54,"column":36}},"8":{"start":{"line":58,"column":4},"end":{"line":58,"column":30}},"9":{"start":{"line":62,"column":4},"end":{"line":70,"column":5}},"10":{"start":{"line":63,"column":6},"end":{"line":63,"column":41}},"11":{"start":{"line":65,"column":20},"end":{"line":65,"column":82}},"12":{"start":{"line":66,"column":6},"end":{"line":69,"column":8}},"13":{"start":{"line":74,"column":4},"end":{"line":76,"column":5}},"14":{"start":{"line":75,"column":26},"end":{"line":75,"column":78}},"15":{"start":{"line":75,"column":72},"end":{"line":75,"column":77}},"16":{"start":{"line":80,"column":4},"end":{"line":80,"column":22}},"17":{"start":{"line":81,"column":4},"end":{"line":81,"column":16}},"18":{"start":{"line":82,"column":4},"end":{"line":84,"column":7}},"19":{"start":{"line":85,"column":19},"end":{"line":85,"column":41}},"20":{"start":{"line":86,"column":4},"end":{"line":86,"column":86}},"21":{"start":{"line":87,"column":4},"end":{"line":87,"column":134}},"22":{"start":{"line":88,"column":4},"end":{"line":88,"column":100}},"23":{"start":{"line":89,"column":4},"end":{"line":89,"column":120}},"24":{"start":{"line":91,"column":4},"end":{"line":114,"column":5}},"25":{"start":{"line":92,"column":6},"end":{"line":95,"column":8}},"26":{"start":{"line":98,"column":23},"end":{"line":98,"column":46}},"27":{"start":{"line":99,"column":20},"end":{"line":99,"column":87}},"28":{"start":{"line":101,"column":6},"end":{"line":105,"column":8}},"29":{"start":{"line":106,"column":6},"end":{"line":113,"column":15}},"30":{"start":{"line":107,"column":8},"end":{"line":109,"column":11}},"31":{"start":{"line":110,"column":8},"end":{"line":112,"column":9}},"32":{"start":{"line":111,"column":10},"end":{"line":111,"column":45}},"33":{"start":{"line":118,"column":17},"end":{"line":118,"column":34}},"34":{"start":{"line":119,"column":4},"end":{"line":119,"column":95}},"35":{"start":{"line":119,"column":57},"end":{"line":119,"column":94}},"36":{"start":{"line":120,"column":4},"end":{"line":122,"column":6}},"37":{"start":{"line":126,"column":4},"end":{"line":198,"column":6}},"38":{"start":{"line":141,"column":39},"end":{"line":141,"column":61}},"39":{"start":{"line":150,"column":40},"end":{"line":150,"column":72}},"40":{"start":{"line":163,"column":40},"end":{"line":163,"column":79}}},"fnMap":{"0":{"name":"(anonymous_0)","decl":{"start":{"line":37,"column":2},"end":{"line":37,"column":3}},"loc":{"start":{"line":37,"column":21},"end":{"line":55,"column":3}},"line":37},"1":{"name":"(anonymous_1)","decl":{"start":{"line":57,"column":2},"end":{"line":57,"column":3}},"loc":{"start":{"line":57,"column":22},"end":{"line":59,"column":3}},"line":57},"2":{"name":"(anonymous_2)","decl":{"start":{"line":61,"column":2},"end":{"line":61,"column":3}},"loc":{"start":{"line":61,"column":29},"end":{"line":71,"column":3}},"line":61},"3":{"name":"(anonymous_3)","decl":{"start":{"line":73,"column":2},"end":{"line":73,"column":3}},"loc":{"start":{"line":73,"column":28},"end":{"line":77,"column":3}},"line":73},"4":{"name":"(anonymous_4)","decl":{"start":{"line":75,"column":6},"end":{"line":75,"column":7}},"loc":{"start":{"line":75,"column":26},"end":{"line":75,"column":78}},"line":75},"5":{"name":"(anonymous_5)","decl":{"start":{"line":75,"column":63},"end":{"line":75,"column":64}},"loc":{"start":{"line":75,"column":72},"end":{"line":75,"column":77}},"line":75},"6":{"name":"(anonymous_6)","decl":{"start":{"line":79,"column":2},"end":{"line":79,"column":3}},"loc":{"start":{"line":79,"column":26},"end":{"line":115,"column":3}},"line":79},"7":{"name":"(anonymous_7)","decl":{"start":{"line":106,"column":17},"end":{"line":106,"column":18}},"loc":{"start":{"line":106,"column":23},"end":{"line":113,"column":7}},"line":106},"8":{"name":"(anonymous_8)","decl":{"start":{"line":117,"column":2},"end":{"line":117,"column":3}},"loc":{"start":{"line":117,"column":25},"end":{"line":123,"column":3}},"line":117},"9":{"name":"(anonymous_9)","decl":{"start":{"line":119,"column":39},"end":{"line":119,"column":40}},"loc":{"start":{"line":119,"column":57},"end":{"line":119,"column":94}},"line":119},"10":{"name":"(anonymous_10)","decl":{"start":{"line":125,"column":2},"end":{"line":125,"column":3}},"loc":{"start":{"line":125,"column":11},"end":{"line":199,"column":3}},"line":125},"11":{"name":"(anonymous_11)","decl":{"start":{"line":141,"column":34},"end":{"line":141,"column":35}},"loc":{"start":{"line":141,"column":39},"end":{"line":141,"column":61}},"line":141},"12":{"name":"(anonymous_12)","decl":{"start":{"line":150,"column":34},"end":{"line":150,"column":35}},"loc":{"start":{"line":150,"column":40},"end":{"line":150,"column":72}},"line":150},"13":{"name":"(anonymous_13)","decl":{"start":{"line":163,"column":34},"end":{"line":163,"column":35}},"loc":{"start":{"line":163,"column":40},"end":{"line":163,"column":79}},"line":163}},"branchMap":{"0":{"loc":{"start":{"line":62,"column":4},"end":{"line":70,"column":5}},"type":"if","locations":[{"start":{"line":62,"column":4},"end":{"line":70,"column":5}},{"start":{"line":62,"column":4},"end":{"line":70,"column":5}}],"line":62},"1":{"loc":{"start":{"line":91,"column":4},"end":{"line":114,"column":5}},"type":"if","locations":[{"start":{"line":91,"column":4},"end":{"line":114,"column":5}},{"start":{"line":91,"column":4},"end":{"line":114,"column":5}}],"line":91},"2":{"loc":{"start":{"line":110,"column":8},"end":{"line":112,"column":9}},"type":"if","locations":[{"start":{"line":110,"column":8},"end":{"line":112,"column":9}},{"start":{"line":110,"column":8},"end":{"line":112,"column":9}}],"line":110},"3":{"loc":{"start":{"line":129,"column":9},"end":{"line":132,"column":16}},"type":"binary-expr","locations":[{"start":{"line":129,"column":9},"end":{"line":129,"column":31}},{"start":{"line":130,"column":10},"end":{"line":132,"column":16}}],"line":129},"4":{"loc":{"start":{"line":135,"column":9},"end":{"line":189,"column":16}},"type":"binary-expr","locations":[{"start":{"line":135,"column":9},"end":{"line":135,"column":32}},{"start":{"line":135,"column":36},"end":{"line":135,"column":64}},{"start":{"line":136,"column":10},"end":{"line":189,"column":16}}],"line":135},"5":{"loc":{"start":{"line":149,"column":33},"end":{"line":149,"column":147}},"type":"binary-expr","locations":[{"start":{"line":149,"column":33},"end":{"line":149,"column":68}},{"start":{"line":149,"column":72},"end":{"line":149,"column":104}},{"start":{"line":149,"column":108},"end":{"line":149,"column":147}}],"line":149},"6":{"loc":{"start":{"line":152,"column":23},"end":{"line":152,"column":106}},"type":"binary-expr","locations":[{"start":{"line":152,"column":23},"end":{"line":152,"column":58}},{"start":{"line":152,"column":62},"end":{"line":152,"column":106}}],"line":152},"7":{"loc":{"start":{"line":153,"column":23},"end":{"line":154,"column":80}},"type":"binary-expr","locations":[{"start":{"line":153,"column":23},"end":{"line":153,"column":55}},{"start":{"line":153,"column":59},"end":{"line":154,"column":80}}],"line":153},"8":{"loc":{"start":{"line":162,"column":33},"end":{"line":162,"column":118}},"type":"binary-expr","locations":[{"start":{"line":162,"column":33},"end":{"line":162,"column":75}},{"start":{"line":162,"column":79},"end":{"line":162,"column":118}}],"line":162},"9":{"loc":{"start":{"line":165,"column":23},"end":{"line":165,"column":113}},"type":"binary-expr","locations":[{"start":{"line":165,"column":23},"end":{"line":165,"column":65}},{"start":{"line":165,"column":69},"end":{"line":165,"column":113}}],"line":165},"10":{"loc":{"start":{"line":166,"column":23},"end":{"line":166,"column":123}},"type":"binary-expr","locations":[{"start":{"line":166,"column":23},"end":{"line":166,"column":62}},{"start":{"line":166,"column":66},"end":{"line":166,"column":123}}],"line":166},"11":{"loc":{"start":{"line":170,"column":24},"end":{"line":172,"column":108}},"type":"cond-expr","locations":[{"start":{"line":171,"column":26},"end":{"line":171,"column":102}},{"start":{"line":172,"column":26},"end":{"line":172,"column":108}}],"line":170},"12":{"loc":{"start":{"line":170,"column":24},"end":{"line":170,"column":99}},"type":"binary-expr","locations":[{"start":{"line":170,"column":24},"end":{"line":170,"column":53}},{"start":{"line":170,"column":57},"end":{"line":170,"column":99}}],"line":170},"13":{"loc":{"start":{"line":177,"column":29},"end":{"line":177,"column":107}},"type":"cond-expr","locations":[{"start":{"line":177,"column":58},"end":{"line":177,"column":82}},{"start":{"line":177,"column":85},"end":{"line":177,"column":107}}],"line":177},"14":{"loc":{"start":{"line":178,"column":23},"end":{"line":178,"column":107}},"type":"cond-expr","locations":[{"start":{"line":178,"column":52},"end":{"line":178,"column":79}},{"start":{"line":178,"column":82},"end":{"line":178,"column":107}}],"line":178},"15":{"loc":{"start":{"line":192,"column":9},"end":{"line":195,"column":18}},"type":"binary-expr","locations":[{"start":{"line":192,"column":9},"end":{"line":192,"column":32}},{"start":{"line":192,"column":36},"end":{"line":192,"column":65}},{"start":{"line":193,"column":10},"end":{"line":195,"column":18}}],"line":192}},"s":{"0":3,"1":3,"2":4,"3":4,"4":2,"5":2,"6":2,"7":2,"8":2,"9":2,"10":2,"11":0,"12":0,"13":0,"14":0,"15":0,"16":0,"17":0,"18":0,"19":0,"20":0,"21":0,"22":0,"23":0,"24":0,"25":0,"26":0,"27":0,"28":0,"29":0,"30":0,"31":0,"32":0,"33":0,"34":0,"35":0,"36":0,"37":4,"38":0,"39":0,"40":0},"f":{"0":4,"1":2,"2":2,"3":0,"4":0,"5":0,"6":0,"7":0,"8":0,"9":0,"10":4,"11":0,"12":0,"13":0},"b":{"0":[2,0],"1":[0,0],"2":[0,0],"3":[4,4],"4":[4,0,0],"5":[0,0,0],"6":[0,0],"7":[0,0],"8":[0,0],"9":[0,0],"10":[0,0],"11":[0,0],"12":[0,0],"13":[0,0],"14":[0,0],"15":[4,0,0]},"_coverageSchema":"43e27e138ebf9cfc5966b082cf9a028302ed4184","hash":"334c1914c2db8d123bf833c64538193513ad1683"}
,"/Users/diehernandez/Workspace/gps-front/client/src/views/UserProfile.js": {"path":"/Users/diehernandez/Workspace/gps-front/client/src/views/UserProfile.js","statementMap":{"0":{"start":{"line":8,"column":20},"end":{"line":22,"column":1}},"1":{"start":{"line":9,"column":2},"end":{"line":21,"column":14}}},"fnMap":{"0":{"name":"(anonymous_0)","decl":{"start":{"line":8,"column":20},"end":{"line":8,"column":21}},"loc":{"start":{"line":9,"column":2},"end":{"line":21,"column":14}},"line":9}},"branchMap":{},"s":{"0":3,"1":1},"f":{"0":1},"b":{},"_coverageSchema":"43e27e138ebf9cfc5966b082cf9a028302ed4184","hash":"556e65a239d3adbd2c6ae0f637c9add860220c03"}
}
