TN:
SF:/Users/diehernandez/Workspace/gps-front/client/src/App.js
FN:17,(anonymous_0)
FN:24,(anonymous_1)
FN:40,(anonymous_2)
FN:50,(anonymous_3)
FN:58,(anonymous_4)
FN:78,mapDispatchToProps
FN:80,(anonymous_6)
FNF:7
FNH:7
FNDA:2,(anonymous_0)
FNDA:2,(anonymous_1)
FNDA:4,(anonymous_2)
FNDA:26,(anonymous_3)
FNDA:3,(anonymous_4)
FNDA:2,mapDispatchToProps
FNDA:1,(anonymous_6)
DA:18,2
DA:19,2
DA:25,2
DA:26,2
DA:27,2
DA:28,2
DA:29,1
DA:31,1
DA:35,2
DA:41,4
DA:43,2
DA:47,2
DA:51,26
DA:59,3
DA:79,2
DA:80,1
LF:16
LH:16
BRDA:26,0,0,2
BRDA:26,0,1,0
BRDA:28,1,0,1
BRDA:28,1,1,1
BRDA:28,2,0,2
BRDA:28,2,1,1
BRDA:41,3,0,2
BRDA:41,3,1,2
BRDA:48,4,0,2
BRDA:48,4,1,2
BRF:10
BRH:9
end_of_record
TN:
SF:/Users/diehernandez/Workspace/gps-front/client/src/index.js
FNF:0
FNH:0
DA:8,0
DA:18,0
LF:2
LH:0
BRF:0
BRH:0
end_of_record
TN:
SF:/Users/diehernandez/Workspace/gps-front/client/src/routes.js
FN:27,(anonymous_0)
FN:49,(anonymous_1)
FNF:2
FNH:1
FNDA:1,(anonymous_0)
FNDA:0,(anonymous_1)
DA:28,1
DA:29,1
DA:30,0
DA:32,1
DA:50,0
DA:51,0
LF:6
LH:3
BRDA:29,0,0,0
BRDA:29,0,1,1
BRDA:30,1,0,0
BRDA:30,1,1,0
BRF:4
BRH:1
end_of_record
TN:
SF:/Users/diehernandez/Workspace/gps-front/client/src/serviceWorker.js
FN:23,register
FN:34,(anonymous_1)
FN:43,(anonymous_2)
FN:57,registerValidSW
FN:60,(anonymous_4)
FN:61,(anonymous_5)
FN:66,(anonymous_6)
FN:96,(anonymous_7)
FN:101,checkValidServiceWorker
FN:104,(anonymous_9)
FN:112,(anonymous_10)
FN:113,(anonymous_11)
FN:122,(anonymous_12)
FN:129,unregister
FN:131,(anonymous_14)
FNF:15
FNH:0
FNDA:0,register
FNDA:0,(anonymous_1)
FNDA:0,(anonymous_2)
FNDA:0,registerValidSW
FNDA:0,(anonymous_4)
FNDA:0,(anonymous_5)
FNDA:0,(anonymous_6)
FNDA:0,(anonymous_7)
FNDA:0,checkValidServiceWorker
FNDA:0,(anonymous_9)
FNDA:0,(anonymous_10)
FNDA:0,(anonymous_11)
FNDA:0,(anonymous_12)
FNDA:0,unregister
FNDA:0,(anonymous_14)
DA:13,0
DA:24,0
DA:26,0
DA:27,0
DA:31,0
DA:34,0
DA:35,0
DA:37,0
DA:39,0
DA:43,0
DA:44,0
DA:51,0
DA:58,0
DA:61,0
DA:62,0
DA:63,0
DA:64,0
DA:66,0
DA:67,0
DA:68,0
DA:72,0
DA:78,0
DA:79,0
DA:85,0
DA:88,0
DA:89,0
DA:97,0
DA:103,0
DA:106,0
DA:107,0
DA:112,0
DA:113,0
DA:114,0
DA:119,0
DA:123,0
DA:130,0
DA:131,0
DA:132,0
LF:38
LH:0
BRDA:14,0,0,0
BRDA:14,0,1,0
BRDA:14,0,2,0
BRDA:24,1,0,0
BRDA:24,1,1,0
BRDA:24,2,0,0
BRDA:24,2,1,0
BRDA:27,3,0,0
BRDA:27,3,1,0
BRDA:37,4,0,0
BRDA:37,4,1,0
BRDA:63,5,0,0
BRDA:63,5,1,0
BRDA:67,6,0,0
BRDA:67,6,1,0
BRDA:68,7,0,0
BRDA:68,7,1,0
BRDA:78,8,0,0
BRDA:78,8,1,0
BRDA:78,9,0,0
BRDA:78,9,1,0
BRDA:88,10,0,0
BRDA:88,10,1,0
BRDA:88,11,0,0
BRDA:88,11,1,0
BRDA:107,12,0,0
BRDA:107,12,1,0
BRDA:108,13,0,0
BRDA:108,13,1,0
BRDA:108,13,2,0
BRDA:130,14,0,0
BRDA:130,14,1,0
BRF:32
BRH:0
end_of_record
TN:
SF:/Users/diehernandez/Workspace/gps-front/client/src/withAuth.js
FN:6,(anonymous_0)
FN:9,(anonymous_1)
FN:14,(anonymous_2)
FN:18,(anonymous_3)
FN:29,(anonymous_4)
FNF:5
FNH:5
FNDA:29,(anonymous_0)
FNDA:6,(anonymous_1)
FNDA:2,(anonymous_2)
FNDA:6,(anonymous_3)
FNDA:6,(anonymous_4)
DA:6,2
DA:10,6
DA:11,6
DA:15,2
DA:20,6
DA:21,5
DA:24,1
DA:25,1
DA:29,29
DA:30,6
DA:33,29
LF:11
LH:11
BRDA:15,0,0,2
BRDA:15,0,1,1
BRDA:20,1,0,5
BRDA:20,1,1,1
BRDA:20,2,0,6
BRDA:20,2,1,2
BRF:6
BRH:6
end_of_record
TN:
SF:/Users/diehernandez/Workspace/gps-front/client/src/api/services/alertsService.js
FN:7,(anonymous_0)
FN:12,(anonymous_1)
FNF:2
FNH:2
FNDA:3,(anonymous_0)
FNDA:6,(anonymous_1)
DA:3,14
DA:9,3
DA:10,3
DA:12,3
DA:13,6
DA:15,3
DA:16,3
DA:18,3
DA:19,3
DA:21,0
DA:25,3
DA:31,2
DA:32,2
DA:33,1
DA:34,1
DA:37,1
LF:16
LH:15
BRDA:13,0,0,3
BRDA:13,0,1,3
BRDA:13,0,2,0
BRDA:32,1,0,1
BRDA:32,1,1,1
BRF:5
BRH:4
end_of_record
TN:
SF:/Users/diehernandez/Workspace/gps-front/client/src/api/services/authService.js
FN:9,(anonymous_0)
FN:21,(anonymous_1)
FN:32,(anonymous_2)
FNF:3
FNH:2
FNDA:2,(anonymous_0)
FNDA:2,(anonymous_1)
FNDA:0,(anonymous_2)
DA:5,14
DA:11,2
DA:12,2
DA:13,1
DA:14,1
DA:17,1
DA:18,1
DA:23,2
DA:24,2
DA:25,1
DA:26,1
DA:29,1
DA:33,0
LF:13
LH:12
BRDA:12,0,0,1
BRDA:12,0,1,1
BRDA:24,1,0,1
BRDA:24,1,1,1
BRF:4
BRH:4
end_of_record
TN:
SF:/Users/diehernandez/Workspace/gps-front/client/src/api/services/baseService.js
FN:4,(anonymous_0)
FN:11,(anonymous_1)
FN:15,(anonymous_2)
FN:19,(anonymous_3)
FN:23,(anonymous_4)
FN:28,_execute
FN:43,_parseErrorResponse
FN:71,(anonymous_7)
FNF:8
FNH:8
FNDA:73,(anonymous_0)
FNDA:4,(anonymous_1)
FNDA:1,(anonymous_2)
FNDA:3,(anonymous_3)
FNDA:1,(anonymous_4)
FNDA:9,_execute
FNDA:3,_parseErrorResponse
FNDA:3,(anonymous_7)
DA:5,73
DA:12,4
DA:16,1
DA:20,3
DA:24,1
DA:29,9
DA:30,9
DA:31,9
DA:32,9
DA:39,3
DA:44,3
DA:45,1
DA:49,1
DA:53,1
DA:54,1
DA:56,2
DA:57,1
DA:61,1
DA:62,1
DA:65,1
DA:66,1
DA:72,3
DA:73,3
DA:74,3
LF:24
LH:24
BRDA:30,0,0,9
BRDA:30,0,1,0
BRDA:44,1,0,1
BRDA:44,1,1,2
BRDA:54,2,0,1
BRDA:54,2,1,0
BRDA:56,3,0,1
BRDA:56,3,1,1
BRF:8
BRH:6
end_of_record
TN:
SF:/Users/diehernandez/Workspace/gps-front/client/src/api/services/devicesService.js
FN:7,(anonymous_0)
FNF:1
FNH:1
FNDA:2,(anonymous_0)
DA:3,13
DA:8,2
DA:9,2
DA:10,1
DA:11,1
DA:14,1
LF:6
LH:6
BRDA:9,0,0,1
BRDA:9,0,1,1
BRF:2
BRH:2
end_of_record
TN:
SF:/Users/diehernandez/Workspace/gps-front/client/src/api/services/index.js
FNF:0
FNH:0
LF:0
LH:0
BRF:0
BRH:0
end_of_record
TN:
SF:/Users/diehernandez/Workspace/gps-front/client/src/api/services/recoveryService.js
FN:7,(anonymous_0)
FN:15,(anonymous_1)
FN:23,(anonymous_2)
FNF:3
FNH:3
FNDA:2,(anonymous_0)
FNDA:2,(anonymous_1)
FNDA:2,(anonymous_2)
DA:3,12
DA:8,2
DA:9,2
DA:10,1
DA:11,1
DA:16,2
DA:17,2
DA:18,1
DA:19,1
DA:24,2
DA:25,2
DA:26,1
DA:27,1
LF:13
LH:13
BRDA:9,0,0,1
BRDA:9,0,1,1
BRDA:17,1,0,1
BRDA:17,1,1,1
BRDA:25,2,0,1
BRDA:25,2,1,1
BRF:6
BRH:6
end_of_record
TN:
SF:/Users/diehernandez/Workspace/gps-front/client/src/api/services/rolesService.js
FN:7,(anonymous_0)
FNF:1
FNH:1
FNDA:2,(anonymous_0)
DA:3,13
DA:8,2
DA:9,2
DA:10,1
DA:11,1
DA:14,1
LF:6
LH:6
BRDA:9,0,0,1
BRDA:9,0,1,1
BRF:2
BRH:2
end_of_record
TN:
SF:/Users/diehernandez/Workspace/gps-front/client/src/api/services/usersService.js
FN:7,(anonymous_0)
FN:17,(anonymous_1)
FNF:2
FNH:2
FNDA:2,(anonymous_0)
FNDA:2,(anonymous_1)
DA:3,11
DA:8,2
DA:9,2
DA:10,1
DA:11,1
DA:14,1
DA:19,2
DA:20,2
DA:21,1
DA:22,1
DA:25,1
LF:11
LH:11
BRDA:9,0,0,1
BRDA:9,0,1,1
BRDA:20,1,0,1
BRDA:20,1,1,1
BRF:4
BRH:4
end_of_record
TN:
SF:/Users/diehernandez/Workspace/gps-front/client/src/api/services/vehiclesService.js
FN:8,(anonymous_0)
FN:19,(anonymous_1)
FN:20,(anonymous_2)
FN:24,(anonymous_3)
FN:25,(anonymous_4)
FN:26,(anonymous_5)
FN:35,(anonymous_6)
FN:45,(anonymous_7)
FN:55,(anonymous_8)
FN:80,(anonymous_9)
FN:80,(anonymous_10)
FN:98,(anonymous_11)
FN:108,(anonymous_12)
FN:118,(anonymous_13)
FN:132,(anonymous_14)
FN:152,(anonymous_15)
FN:162,(anonymous_16)
FN:172,(anonymous_17)
FNF:18
FNH:18
FNDA:2,(anonymous_0)
FNDA:1,(anonymous_1)
FNDA:1,(anonymous_2)
FNDA:1,(anonymous_3)
FNDA:1,(anonymous_4)
FNDA:1,(anonymous_5)
FNDA:2,(anonymous_6)
FNDA:2,(anonymous_7)
FNDA:5,(anonymous_8)
FNDA:10,(anonymous_9)
FNDA:10,(anonymous_10)
FNDA:4,(anonymous_11)
FNDA:4,(anonymous_12)
FNDA:2,(anonymous_13)
FNDA:2,(anonymous_14)
FNDA:2,(anonymous_15)
FNDA:2,(anonymous_16)
FNDA:2,(anonymous_17)
DA:4,7
DA:9,2
DA:10,2
DA:11,1
DA:12,1
DA:15,1
DA:17,1
DA:19,1
DA:20,1
DA:23,1
DA:24,1
DA:26,1
DA:27,1
DA:32,1
DA:36,2
DA:37,2
DA:38,1
DA:39,1
DA:42,1
DA:46,2
DA:47,2
DA:48,1
DA:49,1
DA:52,1
DA:56,5
DA:58,5
DA:59,1
DA:60,1
DA:63,4
DA:64,1
DA:65,1
DA:68,3
DA:69,3
DA:70,2
DA:72,1
DA:73,1
DA:76,2
DA:77,2
DA:79,2
DA:80,10
DA:81,10
DA:82,10
DA:83,10
DA:84,10
DA:85,10
DA:86,10
DA:89,2
DA:90,2
DA:91,1
DA:92,1
DA:95,1
DA:99,4
DA:100,4
DA:101,2
DA:102,2
DA:105,2
DA:109,4
DA:110,4
DA:111,2
DA:112,2
DA:115,2
DA:119,2
DA:122,2
DA:123,1
DA:124,1
DA:127,1
DA:129,1
DA:134,2
DA:135,2
DA:136,1
DA:137,1
DA:140,1
DA:141,1
DA:142,0
DA:143,0
DA:146,1
DA:147,1
DA:149,1
DA:153,2
DA:154,2
DA:155,1
DA:156,1
DA:159,1
DA:163,2
DA:164,2
DA:165,1
DA:166,1
DA:169,1
DA:173,2
DA:174,2
DA:175,1
DA:176,1
DA:179,1
LF:93
LH:91
BRDA:10,0,0,1
BRDA:10,0,1,1
BRDA:15,1,0,1
BRDA:15,1,1,0
BRDA:37,2,0,1
BRDA:37,2,1,1
BRDA:47,3,0,1
BRDA:47,3,1,1
BRDA:58,4,0,1
BRDA:58,4,1,4
BRDA:63,5,0,1
BRDA:63,5,1,3
BRDA:69,6,0,3
BRDA:69,6,1,1
BRDA:70,7,0,2
BRDA:70,7,1,0
BRDA:76,8,0,2
BRDA:76,8,1,2
BRDA:77,9,0,2
BRDA:77,9,1,2
BRDA:81,10,0,2
BRDA:81,10,1,8
BRDA:81,11,0,10
BRDA:81,11,1,2
BRDA:82,12,0,0
BRDA:82,12,1,10
BRDA:82,13,0,10
BRDA:82,13,1,0
BRDA:83,14,0,2
BRDA:83,14,1,8
BRDA:84,15,0,2
BRDA:84,15,1,8
BRDA:85,16,0,0
BRDA:85,16,1,10
BRDA:85,17,0,10
BRDA:85,17,1,2
BRDA:86,18,0,0
BRDA:86,18,1,10
BRDA:86,19,0,10
BRDA:86,19,1,2
BRDA:90,20,0,1
BRDA:90,20,1,1
BRDA:100,21,0,2
BRDA:100,21,1,2
BRDA:110,22,0,2
BRDA:110,22,1,2
BRDA:122,23,0,1
BRDA:122,23,1,1
BRDA:135,24,0,1
BRDA:135,24,1,1
BRDA:141,25,0,0
BRDA:141,25,1,1
BRDA:154,26,0,1
BRDA:154,26,1,1
BRDA:164,27,0,1
BRDA:164,27,1,1
BRDA:174,28,0,1
BRDA:174,28,1,1
BRF:58
BRH:51
end_of_record
TN:
SF:/Users/diehernandez/Workspace/gps-front/client/src/components/common/AddVehicle.js
FN:34,(anonymous_0)
FN:55,(anonymous_1)
FN:60,(anonymous_2)
FN:69,(anonymous_3)
FN:77,(anonymous_4)
FN:77,(anonymous_5)
FN:109,(anonymous_6)
FN:113,(anonymous_7)
FN:121,(anonymous_8)
FN:125,(anonymous_9)
FN:131,(anonymous_10)
FN:133,(anonymous_11)
FN:139,(anonymous_12)
FN:154,(anonymous_13)
FN:171,(anonymous_14)
FN:185,(anonymous_15)
FNF:16
FNH:15
FNDA:5,(anonymous_0)
FNDA:5,(anonymous_1)
FNDA:5,(anonymous_2)
FNDA:1,(anonymous_3)
FNDA:3,(anonymous_4)
FNDA:3,(anonymous_5)
FNDA:1,(anonymous_6)
FNDA:1,(anonymous_7)
FNDA:1,(anonymous_8)
FNDA:2,(anonymous_9)
FNDA:2,(anonymous_10)
FNDA:2,(anonymous_11)
FNDA:18,(anonymous_12)
FNDA:13,(anonymous_13)
FNDA:16,(anonymous_14)
FNDA:0,(anonymous_15)
DA:20,4
DA:35,5
DA:36,5
DA:48,5
DA:49,5
DA:50,5
DA:51,5
DA:52,5
DA:56,5
DA:61,5
DA:62,5
DA:63,5
DA:70,1
DA:71,1
DA:72,1
DA:73,1
DA:74,1
DA:75,1
DA:77,3
DA:78,0
DA:83,1
DA:86,1
DA:93,1
DA:94,1
DA:95,0
DA:101,1
DA:104,1
DA:110,1
DA:111,1
DA:112,1
DA:113,1
DA:114,1
DA:115,1
DA:122,1
DA:123,1
DA:124,1
DA:125,2
DA:126,1
DA:132,2
DA:133,2
DA:134,2
DA:140,18
DA:155,13
DA:172,16
DA:185,0
LF:45
LH:42
BRDA:62,0,0,5
BRDA:62,0,1,0
BRDA:77,1,0,0
BRDA:77,1,1,1
BRDA:94,2,0,0
BRDA:94,2,1,1
BRDA:117,3,0,0
BRDA:117,3,1,1
BRDA:195,4,0,18
BRDA:195,4,1,0
BRF:10
BRH:5
end_of_record
TN:
SF:/Users/diehernandez/Workspace/gps-front/client/src/components/common/Button.js
FN:7,(anonymous_0)
FNF:1
FNH:1
FNDA:26,(anonymous_0)
DA:8,26
LF:1
LH:1
BRDA:11,0,0,26
BRDA:11,0,1,8
BRDA:12,1,0,26
BRDA:12,1,1,8
BRDA:20,2,0,6
BRDA:20,2,1,20
BRF:6
BRH:6
end_of_record
TN:
SF:/Users/diehernandez/Workspace/gps-front/client/src/components/common/PageTitle.js
FN:6,(anonymous_0)
FNF:1
FNH:1
FNDA:30,(anonymous_0)
DA:6,10
DA:7,30
DA:14,30
DA:22,10
LF:4
LH:4
BRF:0
BRH:0
end_of_record
TN:
SF:/Users/diehernandez/Workspace/gps-front/client/src/components/common/maps/Gmap.js
FN:23,(anonymous_0)
FN:29,(anonymous_1)
FN:34,(anonymous_2)
FNF:3
FNH:0
FNDA:0,(anonymous_0)
FNDA:0,(anonymous_1)
FNDA:0,(anonymous_2)
DA:12,6
DA:14,6
DA:24,0
DA:30,0
DA:35,0
LF:5
LH:2
BRDA:26,0,0,0
BRDA:26,0,1,0
BRDA:27,1,0,0
BRDA:27,1,1,0
BRDA:29,2,0,0
BRDA:29,2,1,0
BRDA:33,3,0,0
BRDA:33,3,1,0
BRF:8
BRH:0
end_of_record
TN:
SF:/Users/diehernandez/Workspace/gps-front/client/src/components/common/maps/Marker.js
FN:2,(anonymous_0)
FN:12,(anonymous_1)
FNF:2
FNH:2
FNDA:2,(anonymous_0)
FNDA:2,(anonymous_1)
DA:3,2
DA:4,2
DA:5,2
DA:6,2
DA:7,2
DA:13,2
DA:14,2
LF:7
LH:7
BRF:0
BRH:0
end_of_record
TN:
SF:/Users/diehernandez/Workspace/gps-front/client/src/components/common/search/NavbarSearch.js
FN:11,(anonymous_0)
FNF:1
FNH:1
FNDA:3,(anonymous_0)
DA:12,3
LF:1
LH:1
BRF:0
BRH:0
end_of_record
TN:
SF:/Users/diehernandez/Workspace/gps-front/client/src/components/layout/MainFooter.js
FN:5,(anonymous_0)
FNF:1
FNH:1
FNDA:3,(anonymous_0)
DA:5,4
DA:6,3
DA:15,4
DA:30,4
LF:4
LH:4
BRF:0
BRH:0
end_of_record
TN:
SF:/Users/diehernandez/Workspace/gps-front/client/src/components/layout/MainNavbar/MainNavbar.js
FN:9,(anonymous_0)
FNF:1
FNH:1
FNDA:3,(anonymous_0)
DA:9,4
DA:10,3
DA:16,3
DA:28,4
DA:39,4
LF:5
LH:5
BRDA:13,0,0,3
BRDA:13,0,1,3
BRF:2
BRH:2
end_of_record
TN:
SF:/Users/diehernandez/Workspace/gps-front/client/src/components/layout/MainNavbar/NavbarToggle.js
FN:7,(anonymous_0)
FN:19,mapDispatchToProps
FN:21,(anonymous_2)
FNF:3
FNH:3
FNDA:5,(anonymous_0)
FNDA:5,mapDispatchToProps
FNDA:1,(anonymous_2)
DA:8,5
DA:20,5
DA:21,1
LF:3
LH:3
BRF:0
BRH:0
end_of_record
TN:
SF:/Users/diehernandez/Workspace/gps-front/client/src/components/layout/MainNavbar/NavbarNav/NavbarNav.js
FN:7,(anonymous_0)
FNF:1
FNH:1
FNDA:4,(anonymous_0)
DA:8,4
LF:1
LH:1
BRF:0
BRH:0
end_of_record
TN:
SF:/Users/diehernandez/Workspace/gps-front/client/src/components/layout/MainNavbar/NavbarNav/Notifications.js
FN:5,(anonymous_0)
FN:15,(anonymous_1)
FN:21,(anonymous_2)
FNF:3
FNH:2
FNDA:4,(anonymous_0)
FNDA:0,(anonymous_1)
FNDA:4,(anonymous_2)
DA:6,4
DA:8,4
DA:12,4
DA:16,0
DA:22,4
LF:5
LH:4
BRF:0
BRH:0
end_of_record
TN:
SF:/Users/diehernandez/Workspace/gps-front/client/src/components/layout/MainNavbar/NavbarNav/UserActions.js
FN:18,(anonymous_0)
FN:27,(anonymous_1)
FN:33,(anonymous_2)
FN:37,(anonymous_3)
FN:51,(anonymous_4)
FN:60,mapStateToProps
FNF:6
FNH:3
FNDA:5,(anonymous_0)
FNDA:0,(anonymous_1)
FNDA:0,(anonymous_2)
FNDA:5,(anonymous_3)
FNDA:0,(anonymous_4)
FNDA:5,mapStateToProps
DA:19,5
DA:20,5
DA:24,5
DA:28,0
DA:34,0
DA:38,5
DA:51,0
DA:61,5
DA:62,5
LF:9
LH:6
BRDA:41,0,0,5
BRDA:41,0,1,4
BRF:2
BRH:2
end_of_record
TN:
SF:/Users/diehernandez/Workspace/gps-front/client/src/components/layout/MainSidebar/MainSidebar.js
FN:12,(anonymous_0)
FN:45,(anonymous_1)
FNF:2
FNH:2
FNDA:3,(anonymous_0)
FNDA:3,(anonymous_1)
DA:13,3
DA:20,3
DA:34,4
DA:41,4
DA:45,4
DA:46,3
LF:6
LH:6
BRDA:17,0,0,3
BRDA:17,0,1,3
BRF:2
BRH:2
end_of_record
TN:
SF:/Users/diehernandez/Workspace/gps-front/client/src/components/layout/MainSidebar/SidebarMainNavbar.js
FN:9,(anonymous_0)
FN:61,mapDispatchToProps
FN:63,(anonymous_2)
FNF:3
FNH:3
FNDA:5,(anonymous_0)
FNDA:5,mapDispatchToProps
FNDA:1,(anonymous_2)
DA:10,5
DA:11,5
DA:50,4
DA:57,4
DA:62,5
DA:63,1
LF:6
LH:6
BRDA:30,0,0,5
BRDA:30,0,1,5
BRF:2
BRH:2
end_of_record
TN:
SF:/Users/diehernandez/Workspace/gps-front/client/src/components/layout/MainSidebar/SidebarNavItem.js
FN:6,(anonymous_0)
FNF:1
FNH:1
FNDA:13,(anonymous_0)
DA:6,4
DA:7,13
DA:26,4
LF:3
LH:3
BRDA:9,0,0,13
BRDA:9,0,1,13
BRDA:15,1,0,13
BRDA:15,1,1,13
BRDA:16,2,0,13
BRDA:16,2,1,0
BRF:6
BRH:5
end_of_record
TN:
SF:/Users/diehernandez/Workspace/gps-front/client/src/components/layout/MainSidebar/SidebarNavItems.js
FN:9,(anonymous_0)
FN:16,(anonymous_1)
FN:18,(anonymous_2)
FN:25,(anonymous_3)
FN:29,(anonymous_4)
FN:38,(anonymous_5)
FNF:6
FNH:6
FNDA:5,(anonymous_0)
FNDA:5,(anonymous_1)
FNDA:24,(anonymous_2)
FNDA:9,(anonymous_3)
FNDA:12,(anonymous_4)
FNDA:5,(anonymous_5)
DA:10,5
DA:11,5
DA:17,5
DA:18,24
DA:19,4
DA:26,9
DA:30,12
DA:38,4
DA:39,5
DA:40,5
LF:10
LH:10
BRDA:17,0,0,4
BRDA:17,0,1,1
BRF:2
BRH:2
end_of_record
TN:
SF:/Users/diehernandez/Workspace/gps-front/client/src/components/user-profile-lite/UserAccountDetails.js
FN:18,(anonymous_0)
FN:36,(anonymous_1)
FN:46,(anonymous_2)
FN:59,(anonymous_3)
FN:71,(anonymous_4)
FN:82,(anonymous_5)
FN:92,(anonymous_6)
FN:109,(anonymous_7)
FNF:8
FNH:1
FNDA:1,(anonymous_0)
FNDA:0,(anonymous_1)
FNDA:0,(anonymous_2)
FNDA:0,(anonymous_3)
FNDA:0,(anonymous_4)
FNDA:0,(anonymous_5)
FNDA:0,(anonymous_6)
FNDA:0,(anonymous_7)
DA:18,3
DA:19,1
DA:129,3
DA:136,3
LF:4
LH:4
BRF:0
BRH:0
end_of_record
TN:
SF:/Users/diehernandez/Workspace/gps-front/client/src/components/user-profile-lite/UserDetails.js
FN:12,(anonymous_0)
FNF:1
FNH:1
FNDA:1,(anonymous_0)
DA:12,3
DA:13,1
DA:55,3
DA:62,3
LF:4
LH:4
BRF:0
BRH:0
end_of_record
TN:
SF:/Users/diehernandez/Workspace/gps-front/client/src/data/Roles.js
FNF:0
FNH:0
DA:1,6
DA:2,6
LF:2
LH:2
BRF:0
BRH:0
end_of_record
TN:
SF:/Users/diehernandez/Workspace/gps-front/client/src/data/sidebar-nav-items.js
FN:3,(anonymous_0)
FNF:1
FNH:1
FNDA:14,(anonymous_0)
DA:4,14
LF:1
LH:1
BRF:0
BRH:0
end_of_record
TN:
SF:/Users/diehernandez/Workspace/gps-front/client/src/layouts/Default.js
FN:9,(anonymous_0)
FNF:1
FNH:1
FNDA:2,(anonymous_0)
DA:9,3
DA:10,2
DA:28,3
DA:39,3
LF:4
LH:4
BRDA:20,0,0,2
BRDA:20,0,1,2
BRDA:22,1,0,2
BRDA:22,1,1,2
BRF:4
BRH:4
end_of_record
TN:
SF:/Users/diehernandez/Workspace/gps-front/client/src/layouts/Simple.js
FN:4,(anonymous_0)
FNF:1
FNH:1
FNDA:3,(anonymous_0)
DA:4,3
DA:5,3
LF:2
LH:2
BRF:0
BRH:0
end_of_record
TN:
SF:/Users/diehernandez/Workspace/gps-front/client/src/layouts/index.js
FNF:0
FNH:0
LF:0
LH:0
BRF:0
BRH:0
end_of_record
TN:
SF:/Users/diehernandez/Workspace/gps-front/client/src/redux/store.js
FNF:0
FNH:0
DA:4,3
LF:1
LH:1
BRF:0
BRH:0
end_of_record
TN:
SF:/Users/diehernandez/Workspace/gps-front/client/src/redux/actions/actions.js
FN:3,toogleSidebarAction
FN:9,setUserInfoAction
FN:16,removeUserInfoAction
FNF:3
FNH:3
FNDA:6,toogleSidebarAction
FNDA:5,setUserInfoAction
FNDA:2,removeUserInfoAction
DA:4,6
DA:10,5
DA:17,2
LF:3
LH:3
BRF:0
BRH:0
end_of_record
TN:
SF:/Users/diehernandez/Workspace/gps-front/client/src/redux/actions/types.js
FNF:0
FNH:0
DA:1,8
DA:2,8
DA:3,8
LF:3
LH:3
BRF:0
BRH:0
end_of_record
TN:
SF:/Users/diehernandez/Workspace/gps-front/client/src/redux/reducers/reducers.js
FN:10,reducers
FNF:1
FNH:1
FNDA:8,reducers
DA:4,4
DA:11,8
DA:13,1
DA:17,2
DA:21,1
DA:22,1
DA:24,4
LF:7
LH:7
BRDA:10,0,0,3
BRDA:11,1,0,1
BRDA:11,1,1,2
BRDA:11,1,2,1
BRDA:11,1,3,4
BRF:5
BRH:5
end_of_record
TN:
SF:/Users/diehernandez/Workspace/gps-front/client/src/utils/Constants.js
FNF:0
FNH:0
DA:1,17
DA:2,17
DA:3,17
DA:4,17
LF:4
LH:4
BRF:0
BRH:0
end_of_record
TN:
SF:/Users/diehernandez/Workspace/gps-front/client/src/utils/ValidationsUtil.js
FN:13,validateRequired
FN:17,validateNumber
FN:21,validateEmail
FN:27,validateEquals
FN:31,validatePassword
FN:34,(anonymous_5)
FNF:6
FNH:6
FNDA:32,validateRequired
FNDA:6,validateNumber
FNDA:8,validateEmail
FNDA:4,validateEquals
FNDA:13,validatePassword
FNDA:36,(anonymous_5)
DA:3,9
DA:4,9
DA:5,9
DA:6,9
DA:9,9
DA:10,9
DA:11,9
DA:14,32
DA:18,6
DA:22,8
DA:28,4
DA:32,13
DA:33,13
DA:34,13
DA:35,36
DA:37,13
LF:16
LH:16
BRDA:14,0,0,32
BRDA:14,0,1,22
BRDA:18,1,0,6
BRDA:18,1,1,3
BRDA:32,2,0,3
BRDA:32,2,1,10
BRF:6
BRH:6
end_of_record
TN:
SF:/Users/diehernandez/Workspace/gps-front/client/src/views/Alerts.js
FN:29,(anonymous_0)
FN:50,(anonymous_1)
FN:54,(anonymous_2)
FN:80,(anonymous_3)
FN:90,(anonymous_4)
FN:99,(anonymous_5)
FN:101,(anonymous_6)
FN:108,(anonymous_7)
FN:115,(anonymous_8)
FN:123,(anonymous_9)
FN:145,(anonymous_10)
FN:162,(anonymous_11)
FN:174,(anonymous_12)
FN:185,(anonymous_13)
FN:195,(anonymous_14)
FN:214,(anonymous_15)
FN:226,mapStateToProps
FNF:17
FNH:10
FNDA:4,(anonymous_0)
FNDA:4,(anonymous_1)
FNDA:4,(anonymous_2)
FNDA:1,(anonymous_3)
FNDA:0,(anonymous_4)
FNDA:0,(anonymous_5)
FNDA:0,(anonymous_6)
FNDA:1,(anonymous_7)
FNDA:1,(anonymous_8)
FNDA:10,(anonymous_9)
FNDA:6,(anonymous_10)
FNDA:0,(anonymous_11)
FNDA:0,(anonymous_12)
FNDA:0,(anonymous_13)
FNDA:1,(anonymous_14)
FNDA:0,(anonymous_15)
FNDA:4,mapStateToProps
DA:30,4
DA:31,4
DA:41,4
DA:42,4
DA:43,4
DA:44,4
DA:45,4
DA:51,4
DA:55,4
DA:56,4
DA:57,4
DA:58,4
DA:59,4
DA:60,4
DA:61,4
DA:62,4
DA:63,4
DA:66,4
DA:72,0
DA:81,1
DA:82,1
DA:83,0
DA:84,0
DA:90,0
DA:91,0
DA:100,0
DA:101,0
DA:102,0
DA:103,0
DA:109,1
DA:110,1
DA:116,1
DA:117,1
DA:118,1
DA:125,10
DA:146,6
DA:162,0
DA:174,0
DA:185,0
DA:195,1
DA:214,3
DA:215,0
DA:227,4
DA:228,4
LF:44
LH:31
BRDA:57,0,0,4
BRDA:57,0,1,0
BRDA:57,1,0,4
BRDA:57,1,1,4
BRDA:62,2,0,4
BRDA:62,2,1,0
BRDA:62,3,0,4
BRDA:62,3,1,4
BRDA:62,3,2,4
BRDA:87,4,0,0
BRDA:87,4,1,0
BRDA:133,5,0,10
BRDA:133,5,1,10
BRDA:134,6,0,10
BRDA:134,6,1,0
BRDA:137,7,0,10
BRDA:137,7,1,4
BRDA:143,8,0,10
BRDA:143,8,1,6
BRDA:152,9,0,6
BRDA:152,9,1,0
BRDA:163,10,0,0
BRDA:163,10,1,6
BRDA:175,11,0,5
BRDA:175,11,1,1
BRF:25
BRH:18
end_of_record
TN:
SF:/Users/diehernandez/Workspace/gps-front/client/src/views/ClientTracking.js
FN:35,(anonymous_0)
FN:53,(anonymous_1)
FN:57,(anonymous_2)
FN:77,(anonymous_3)
FN:96,(anonymous_4)
FN:114,(anonymous_5)
FN:118,(anonymous_6)
FN:126,(anonymous_7)
FN:143,(anonymous_8)
FN:171,(anonymous_9)
FNF:10
FNH:6
FNDA:3,(anonymous_0)
FNDA:0,(anonymous_1)
FNDA:2,(anonymous_2)
FNDA:0,(anonymous_3)
FNDA:0,(anonymous_4)
FNDA:1,(anonymous_5)
FNDA:0,(anonymous_6)
FNDA:1,(anonymous_7)
FNDA:8,(anonymous_8)
FNDA:3,(anonymous_9)
DA:23,3
DA:36,3
DA:37,3
DA:49,3
DA:50,3
DA:54,0
DA:58,2
DA:59,2
DA:61,2
DA:62,2
DA:67,2
DA:68,2
DA:69,0
DA:77,0
DA:78,0
DA:86,2
DA:87,2
DA:88,0
DA:89,0
DA:96,0
DA:97,0
DA:105,2
DA:106,2
DA:115,1
DA:116,1
DA:117,1
DA:119,0
DA:120,0
DA:127,1
DA:128,1
DA:129,1
DA:130,1
DA:144,8
DA:172,3
LF:34
LH:24
BRDA:68,0,0,0
BRDA:68,0,1,2
BRDA:87,1,0,0
BRDA:87,1,1,2
BRDA:128,2,0,1
BRDA:128,2,1,0
BRDA:128,3,0,1
BRDA:128,3,1,1
BRDA:152,4,0,8
BRDA:152,4,1,0
BRDA:171,5,0,8
BRDA:171,5,1,3
BRF:12
BRH:8
end_of_record
TN:
SF:/Users/diehernandez/Workspace/gps-front/client/src/views/ClientsAdmin.js
FN:48,(anonymous_0)
FN:70,(anonymous_1)
FN:77,(anonymous_2)
FN:100,(anonymous_3)
FN:120,(anonymous_4)
FN:131,(anonymous_5)
FN:148,(anonymous_6)
FN:165,(anonymous_7)
FN:180,(anonymous_8)
FN:201,(anonymous_9)
FN:203,(anonymous_10)
FN:209,(anonymous_11)
FN:215,(anonymous_12)
FN:235,(anonymous_13)
FN:254,(anonymous_14)
FN:262,(anonymous_15)
FN:282,(anonymous_16)
FN:323,(anonymous_17)
FN:340,(anonymous_18)
FN:349,(anonymous_19)
FN:353,(anonymous_20)
FN:377,(anonymous_21)
FN:392,(anonymous_22)
FN:398,(anonymous_23)
FNF:24
FNH:10
FNDA:5,(anonymous_0)
FNDA:0,(anonymous_1)
FNDA:2,(anonymous_2)
FNDA:0,(anonymous_3)
FNDA:0,(anonymous_4)
FNDA:2,(anonymous_5)
FNDA:1,(anonymous_6)
FNDA:1,(anonymous_7)
FNDA:0,(anonymous_8)
FNDA:0,(anonymous_9)
FNDA:0,(anonymous_10)
FNDA:1,(anonymous_11)
FNDA:1,(anonymous_12)
FNDA:0,(anonymous_13)
FNDA:3,(anonymous_14)
FNDA:17,(anonymous_15)
FNDA:0,(anonymous_16)
FNDA:0,(anonymous_17)
FNDA:10,(anonymous_18)
FNDA:0,(anonymous_19)
FNDA:0,(anonymous_20)
FNDA:0,(anonymous_21)
FNDA:0,(anonymous_22)
FNDA:0,(anonymous_23)
DA:24,3
DA:26,3
DA:28,3
DA:49,5
DA:50,5
DA:61,5
DA:62,5
DA:63,5
DA:64,5
DA:65,5
DA:66,5
DA:67,5
DA:71,0
DA:72,0
DA:78,2
DA:79,2
DA:81,2
DA:82,2
DA:89,2
DA:90,2
DA:91,0
DA:92,0
DA:100,0
DA:101,0
DA:109,2
DA:110,2
DA:111,0
DA:112,0
DA:120,0
DA:121,0
DA:129,2
DA:130,2
DA:131,2
DA:132,2
DA:133,2
DA:138,2
DA:149,1
DA:150,1
DA:151,1
DA:152,1
DA:156,1
DA:157,1
DA:166,1
DA:167,1
DA:168,1
DA:169,1
DA:170,0
DA:171,0
DA:172,0
DA:180,0
DA:181,0
DA:188,1
DA:189,1
DA:190,1
DA:191,1
DA:192,1
DA:193,1
DA:202,0
DA:203,0
DA:204,0
DA:210,1
DA:211,1
DA:212,1
DA:213,1
DA:215,1
DA:216,0
DA:220,1
DA:221,1
DA:222,1
DA:223,1
DA:225,1
DA:227,0
DA:228,0
DA:234,0
DA:235,0
DA:236,0
DA:244,1
DA:245,1
DA:246,1
DA:249,1
DA:255,3
DA:256,3
DA:257,3
DA:263,17
DA:282,0
DA:323,0
DA:341,10
DA:349,0
DA:353,0
DA:377,0
DA:392,0
DA:398,0
LF:92
LH:61
BRDA:90,0,0,0
BRDA:90,0,1,2
BRDA:110,1,0,0
BRDA:110,1,1,2
BRDA:169,2,0,0
BRDA:169,2,1,1
BRDA:215,3,0,0
BRDA:215,3,1,1
BRDA:225,4,0,0
BRDA:225,4,1,1
BRDA:271,5,0,17
BRDA:271,5,1,0
BRDA:284,6,0,17
BRDA:284,6,1,10
BRDA:326,7,0,10
BRDA:326,7,1,9
BRDA:348,8,0,9
BRDA:348,8,1,1
BRDA:360,9,0,10
BRDA:360,9,1,10
BRDA:390,10,0,10
BRDA:390,10,1,1
BRDA:390,10,2,1
BRDA:396,11,0,10
BRDA:396,11,1,0
BRF:25
BRH:18
end_of_record
TN:
SF:/Users/diehernandez/Workspace/gps-front/client/src/views/Errors.js
FN:4,(anonymous_0)
FNF:1
FNH:1
FNDA:1,(anonymous_0)
DA:4,3
DA:5,1
LF:2
LH:2
BRF:0
BRH:0
end_of_record
TN:
SF:/Users/diehernandez/Workspace/gps-front/client/src/views/ForgotPassword.js
FN:31,(anonymous_0)
FN:47,(anonymous_1)
FN:54,(anonymous_2)
FN:54,(anonymous_3)
FN:71,(anonymous_4)
FN:82,(anonymous_5)
FN:94,(anonymous_6)
FN:96,(anonymous_7)
FN:102,(anonymous_8)
FN:110,(anonymous_9)
FN:119,(anonymous_10)
FNF:11
FNH:6
FNDA:3,(anonymous_0)
FNDA:1,(anonymous_1)
FNDA:1,(anonymous_2)
FNDA:2,(anonymous_3)
FNDA:1,(anonymous_4)
FNDA:0,(anonymous_5)
FNDA:0,(anonymous_6)
FNDA:0,(anonymous_7)
FNDA:6,(anonymous_8)
FNDA:0,(anonymous_9)
FNDA:0,(anonymous_10)
DA:21,3
DA:23,3
DA:32,3
DA:33,3
DA:43,3
DA:44,3
DA:48,1
DA:49,1
DA:50,1
DA:51,1
DA:52,1
DA:54,2
DA:55,0
DA:59,1
DA:62,1
DA:63,1
DA:64,1
DA:71,1
DA:72,1
DA:75,0
DA:82,0
DA:83,0
DA:95,0
DA:96,0
DA:97,0
DA:103,6
DA:110,0
DA:119,0
LF:28
LH:19
BRDA:54,0,0,0
BRDA:54,0,1,1
BRDA:63,1,0,1
BRDA:63,1,1,0
BRDA:118,2,0,6
BRDA:118,2,1,6
BRDA:121,3,0,6
BRDA:121,3,1,0
BRDA:122,4,0,6
BRDA:122,4,1,0
BRDA:130,5,0,6
BRDA:130,5,1,6
BRDA:131,6,0,6
BRDA:131,6,1,0
BRF:14
BRH:9
end_of_record
TN:
SF:/Users/diehernandez/Workspace/gps-front/client/src/views/HeatMap.js
FN:32,(anonymous_0)
FN:50,(anonymous_1)
FN:54,(anonymous_2)
FN:63,(anonymous_3)
FN:96,(anonymous_4)
FN:101,(anonymous_5)
FN:123,(anonymous_6)
FN:144,mapStateToProps
FNF:8
FNH:7
FNDA:3,(anonymous_0)
FNDA:3,(anonymous_1)
FNDA:3,(anonymous_2)
FNDA:1,(anonymous_3)
FNDA:0,(anonymous_4)
FNDA:7,(anonymous_5)
FNDA:4,(anonymous_6)
FNDA:3,mapStateToProps
DA:20,3
DA:33,3
DA:34,3
DA:46,3
DA:47,3
DA:51,3
DA:55,3
DA:56,3
DA:57,3
DA:64,1
DA:65,1
DA:66,1
DA:71,1
DA:72,1
DA:73,1
DA:74,1
DA:83,0
DA:97,0
DA:98,0
DA:102,7
DA:124,4
DA:145,3
DA:146,3
LF:23
LH:20
BRDA:56,0,0,3
BRDA:56,0,1,0
BRDA:56,1,0,3
BRDA:56,1,1,3
BRDA:73,2,0,1
BRDA:73,2,1,0
BRDA:73,3,0,1
BRDA:73,3,1,1
BRDA:90,4,0,0
BRDA:90,4,1,0
BRDA:90,5,0,0
BRDA:90,5,1,0
BRF:12
BRH:6
end_of_record
TN:
SF:/Users/diehernandez/Workspace/gps-front/client/src/views/Home.js
FN:30,(anonymous_0)
FN:50,(anonymous_1)
FN:54,(anonymous_2)
FN:58,(anonymous_3)
FN:67,(anonymous_4)
FN:95,(anonymous_5)
FN:99,(anonymous_6)
FN:107,(anonymous_7)
FN:118,(anonymous_8)
FN:140,(anonymous_9)
FN:162,mapStateToProps
FNF:11
FNH:8
FNDA:3,(anonymous_0)
FNDA:3,(anonymous_1)
FNDA:0,(anonymous_2)
FNDA:3,(anonymous_3)
FNDA:1,(anonymous_4)
FNDA:1,(anonymous_5)
FNDA:0,(anonymous_6)
FNDA:0,(anonymous_7)
FNDA:7,(anonymous_8)
FNDA:4,(anonymous_9)
FNDA:3,mapStateToProps
DA:22,3
DA:31,3
DA:32,3
DA:44,3
DA:45,3
DA:46,3
DA:47,3
DA:51,3
DA:55,0
DA:59,3
DA:60,3
DA:61,3
DA:68,1
DA:69,1
DA:70,1
DA:71,1
DA:82,0
DA:96,1
DA:97,1
DA:98,1
DA:100,0
DA:101,0
DA:108,0
DA:119,7
DA:141,4
DA:163,3
DA:164,3
LF:27
LH:22
BRDA:60,0,0,3
BRDA:60,0,1,0
BRDA:60,1,0,3
BRDA:60,1,1,3
BRDA:69,2,0,1
BRDA:69,2,1,0
BRDA:69,3,0,1
BRDA:69,3,1,1
BRF:8
BRH:6
end_of_record
TN:
SF:/Users/diehernandez/Workspace/gps-front/client/src/views/Login.js
FN:35,(anonymous_0)
FN:48,(anonymous_1)
FN:55,(anonymous_2)
FN:55,(anonymous_3)
FN:75,(anonymous_4)
FN:84,(anonymous_5)
FN:86,(anonymous_6)
FN:92,(anonymous_7)
FN:109,(anonymous_8)
FN:120,(anonymous_9)
FNF:10
FNH:5
FNDA:6,(anonymous_0)
FNDA:2,(anonymous_1)
FNDA:4,(anonymous_2)
FNDA:4,(anonymous_3)
FNDA:0,(anonymous_4)
FNDA:0,(anonymous_5)
FNDA:0,(anonymous_6)
FNDA:10,(anonymous_7)
FNDA:0,(anonymous_8)
FNDA:0,(anonymous_9)
DA:23,3
DA:25,3
DA:36,6
DA:37,6
DA:44,6
DA:45,6
DA:49,2
DA:50,2
DA:51,2
DA:52,2
DA:53,2
DA:55,4
DA:56,0
DA:61,2
DA:64,2
DA:65,2
DA:66,2
DA:67,2
DA:68,1
DA:69,1
DA:71,1
DA:75,1
DA:76,0
DA:85,0
DA:86,0
DA:87,0
DA:93,10
DA:109,0
DA:120,0
LF:29
LH:22
BRDA:55,0,0,0
BRDA:55,0,1,2
BRDA:67,1,0,1
BRDA:67,1,1,1
BRDA:67,2,0,2
BRDA:67,2,1,1
BRF:6
BRH:5
end_of_record
TN:
SF:/Users/diehernandez/Workspace/gps-front/client/src/views/NewClient.js
FN:54,(anonymous_0)
FN:69,(anonymous_1)
FN:76,(anonymous_2)
FN:91,(anonymous_3)
FN:91,(anonymous_4)
FN:119,(anonymous_5)
FN:129,(anonymous_6)
FN:131,(anonymous_7)
FN:137,(anonymous_8)
FN:159,(anonymous_9)
FN:169,(anonymous_10)
FN:180,(anonymous_11)
FN:193,(anonymous_12)
FN:205,(anonymous_13)
FN:221,(anonymous_14)
FN:232,(anonymous_15)
FN:235,(anonymous_16)
FN:251,(anonymous_17)
FN:262,(anonymous_18)
FNF:19
FNH:7
FNDA:3,(anonymous_0)
FNDA:3,(anonymous_1)
FNDA:2,(anonymous_2)
FNDA:9,(anonymous_3)
FNDA:11,(anonymous_4)
FNDA:0,(anonymous_5)
FNDA:0,(anonymous_6)
FNDA:0,(anonymous_7)
FNDA:9,(anonymous_8)
FNDA:0,(anonymous_9)
FNDA:0,(anonymous_10)
FNDA:0,(anonymous_11)
FNDA:0,(anonymous_12)
FNDA:0,(anonymous_13)
FNDA:0,(anonymous_14)
FNDA:0,(anonymous_15)
FNDA:8,(anonymous_16)
FNDA:0,(anonymous_17)
FNDA:0,(anonymous_18)
DA:22,3
DA:24,3
DA:55,3
DA:56,3
DA:65,3
DA:66,3
DA:70,3
DA:71,3
DA:77,2
DA:78,2
DA:79,2
DA:80,2
DA:81,2
DA:82,2
DA:83,2
DA:84,2
DA:85,2
DA:86,2
DA:87,2
DA:88,2
DA:89,2
DA:91,11
DA:92,1
DA:97,1
DA:101,1
DA:111,1
DA:112,1
DA:119,1
DA:120,0
DA:130,0
DA:131,0
DA:132,0
DA:138,9
DA:159,0
DA:169,0
DA:180,0
DA:193,0
DA:205,0
DA:221,0
DA:232,0
DA:236,8
DA:251,0
DA:262,0
LF:43
LH:30
BRDA:91,0,0,1
BRDA:91,0,1,1
BRDA:115,1,0,1
BRDA:115,1,1,0
BRDA:115,2,0,1
BRDA:115,2,1,1
BRDA:146,3,0,9
BRDA:146,3,1,1
BRDA:149,4,0,1
BRDA:149,4,1,1
BRDA:150,5,0,1
BRDA:150,5,1,0
BRDA:204,6,0,9
BRDA:204,6,1,6
BRDA:207,7,0,9
BRDA:207,7,1,3
BRDA:208,8,0,9
BRDA:208,8,1,3
BRDA:220,9,0,9
BRDA:220,9,1,6
BRDA:223,10,0,9
BRDA:223,10,1,3
BRDA:224,11,0,9
BRDA:224,11,1,3
BRDA:240,12,0,9
BRDA:240,12,1,3
BRDA:253,13,0,9
BRDA:253,13,1,3
BRDA:264,14,0,9
BRDA:264,14,1,3
BRF:30
BRH:28
end_of_record
TN:
SF:/Users/diehernandez/Workspace/gps-front/client/src/views/ResetPassword.js
FN:37,(anonymous_0)
FN:57,(anonymous_1)
FN:61,(anonymous_2)
FN:73,(anonymous_3)
FN:75,(anonymous_4)
FN:75,(anonymous_5)
FN:79,(anonymous_6)
FN:106,(anonymous_7)
FN:117,(anonymous_8)
FN:119,(anonymous_9)
FN:125,(anonymous_10)
FN:141,(anonymous_11)
FN:150,(anonymous_12)
FN:163,(anonymous_13)
FNF:14
FNH:9
FNDA:4,(anonymous_0)
FNDA:4,(anonymous_1)
FNDA:4,(anonymous_2)
FNDA:2,(anonymous_3)
FNDA:4,(anonymous_4)
FNDA:8,(anonymous_5)
FNDA:1,(anonymous_6)
FNDA:1,(anonymous_7)
FNDA:0,(anonymous_8)
FNDA:0,(anonymous_9)
FNDA:12,(anonymous_10)
FNDA:0,(anonymous_11)
FNDA:0,(anonymous_12)
FNDA:0,(anonymous_13)
DA:23,3
DA:25,3
DA:38,4
DA:39,4
DA:51,4
DA:52,4
DA:53,4
DA:54,4
DA:58,4
DA:62,4
DA:63,1
DA:65,3
DA:66,3
DA:74,2
DA:75,8
DA:80,1
DA:81,1
DA:82,1
DA:85,1
DA:86,1
DA:87,1
DA:88,1
DA:89,1
DA:91,1
DA:92,0
DA:98,1
DA:99,1
DA:101,1
DA:106,1
DA:107,1
DA:110,1
DA:111,1
DA:118,0
DA:119,0
DA:120,0
DA:126,12
DA:141,0
DA:150,0
DA:163,0
LF:39
LH:32
BRDA:62,0,0,1
BRDA:62,0,1,3
BRDA:91,1,0,0
BRDA:91,1,1,1
BRDA:110,2,0,1
BRDA:110,2,1,0
BRDA:129,3,0,12
BRDA:129,3,1,6
BRDA:135,4,0,12
BRDA:135,4,1,6
BRDA:135,4,2,6
BRDA:149,5,0,6
BRDA:149,5,1,6
BRDA:149,5,2,6
BRDA:152,6,0,6
BRDA:152,6,1,0
BRDA:153,7,0,6
BRDA:153,7,1,0
BRDA:162,8,0,6
BRDA:162,8,1,6
BRDA:165,9,0,6
BRDA:165,9,1,0
BRDA:166,10,0,6
BRDA:166,10,1,0
BRDA:170,11,0,1
BRDA:170,11,1,5
BRDA:170,12,0,6
BRDA:170,12,1,1
BRDA:177,13,0,3
BRDA:177,13,1,3
BRDA:178,14,0,3
BRDA:178,14,1,3
BRDA:192,15,0,12
BRDA:192,15,1,6
BRDA:192,15,2,0
BRF:35
BRH:28
end_of_record
TN:
SF:/Users/diehernandez/Workspace/gps-front/client/src/views/UserProfile.js
FN:8,(anonymous_0)
FNF:1
FNH:1
FNDA:1,(anonymous_0)
DA:8,3
DA:9,1
LF:2
LH:2
BRF:0
BRH:0
end_of_record
